<?xml version="1.0" encoding="UTF-8"?>
<testsuite name="com.blueharvest.spi.repository.UserRepositoryTest" tests="1" skipped="0" failures="0" errors="0" timestamp="2025-01-24T14:59:36" hostname="DESKTOP-8O5B7RD" time="2.046">
  <properties/>
  <testcase name="testReporitory()" classname="com.blueharvest.spi.repository.UserRepositoryTest" time="2.046"/>
  <system-out><![CDATA[
  .   ____          _            __ _ _
 /\\ / ___'_ __ _ _(_)_ __  __ _ \ \ \ \
( ( )\___ | '_ | '_| | '_ \/ _` | \ \ \ \
 \\/  ___)| |_)| | | | | || (_| |  ) ) ) )
  '  |____| .__|_| |_|_| |_\__, | / / / /
 =========|_|==============|___/=/_/_/_/

 :: Spring Boot ::                (v3.3.6)

2025-01-24T15:59:28.270+01:00 DEBUG 35076 --- [kground-preinit] org.jboss.logging                        : Logging Provider: org.jboss.logging.Slf4jLoggerProvider found via system property
2025-01-24T15:59:28.329+01:00 DEBUG 35076 --- [kground-preinit] o.h.v.i.xml.config.ValidationXmlParser   : Trying to load META-INF/validation.xml for XML based Validator configuration.
2025-01-24T15:59:28.333+01:00 DEBUG 35076 --- [kground-preinit] o.h.v.i.xml.config.ResourceLoaderHelper  : Trying to load META-INF/validation.xml via TCCL
2025-01-24T15:59:28.334+01:00 DEBUG 35076 --- [kground-preinit] o.h.v.i.xml.config.ResourceLoaderHelper  : Trying to load META-INF/validation.xml via Hibernate Validator's class loader
2025-01-24T15:59:28.335+01:00 DEBUG 35076 --- [kground-preinit] o.h.v.i.xml.config.ValidationXmlParser   : No META-INF/validation.xml found. Using annotation based configuration only.
2025-01-24T15:59:28.359+01:00 DEBUG 35076 --- [kground-preinit] o.h.v.i.e.resolver.TraversableResolvers  : Found jakarta.persistence.Persistence on classpath containing 'getPersistenceUtil'. Assuming JPA 2 environment. Trying to instantiate JPA aware TraversableResolver
2025-01-24T15:59:28.363+01:00 DEBUG 35076 --- [kground-preinit] o.h.v.i.e.resolver.TraversableResolvers  : Instantiated JPA aware TraversableResolver of type org.hibernate.validator.internal.engine.resolver.JPATraversableResolver.
2025-01-24T15:59:28.459+01:00 DEBUG 35076 --- [kground-preinit] .h.v.m.ResourceBundleMessageInterpolator : Loaded expression factory via original TCCL
2025-01-24T15:59:28.504+01:00  INFO 35076 --- [    Test worker] c.b.spi.repository.UserRepositoryTest    : Starting UserRepositoryTest using Java 21.0.2 with PID 35076 (started by svenv in C:\Users\svenv\Desktop\workspace\blue-harvest)
2025-01-24T15:59:28.505+01:00 DEBUG 35076 --- [    Test worker] c.b.spi.repository.UserRepositoryTest    : Running with Spring Boot v3.3.6, Spring v6.1.15
2025-01-24T15:59:28.507+01:00  INFO 35076 --- [    Test worker] c.b.spi.repository.UserRepositoryTest    : The following 1 profile is active: "test"
2025-01-24T15:59:28.509+01:00 DEBUG 35076 --- [    Test worker] o.s.boot.SpringApplication               : Loading source class com.blueharvest.BlueHarvestApp
2025-01-24T15:59:28.549+01:00 DEBUG 35076 --- [    Test worker] s.c.a.AnnotationConfigApplicationContext : Refreshing org.springframework.context.annotation.AnnotationConfigApplicationContext@2c6927f0
2025-01-24T15:59:28.601+01:00 DEBUG 35076 --- [    Test worker] o.s.b.f.s.DefaultListableBeanFactory     : Creating shared instance of singleton bean 'org.springframework.context.annotation.internalConfigurationAnnotationProcessor'
2025-01-24T15:59:28.662+01:00 DEBUG 35076 --- [    Test worker] o.s.b.f.s.DefaultListableBeanFactory     : Creating shared instance of singleton bean 'org.springframework.boot.autoconfigure.internalCachingMetadataReaderFactory'
2025-01-24T15:59:28.802+01:00 DEBUG 35076 --- [kground-preinit] .i.e.ValidatorFactoryConfigurationHelper : HV000252: Using org.hibernate.validator.internal.engine.DefaultPropertyNodeNameProvider as property node name provider.
2025-01-24T15:59:28.821+01:00 DEBUG 35076 --- [    Test worker] o.s.c.a.ClassPathBeanDefinitionScanner   : Identified candidate component class: file [C:\Users\svenv\Desktop\workspace\blue-harvest\build\classes\java\main\com\blueharvest\BlueHarvestApp.class]
2025-01-24T15:59:28.836+01:00 DEBUG 35076 --- [kground-preinit] .i.e.ValidatorFactoryConfigurationHelper : HV000234: Using org.hibernate.validator.messageinterpolation.ResourceBundleMessageInterpolator as ValidatorFactory-scoped message interpolator.
2025-01-24T15:59:28.836+01:00 DEBUG 35076 --- [kground-preinit] .i.e.ValidatorFactoryConfigurationHelper : HV000234: Using org.hibernate.validator.internal.engine.resolver.JPATraversableResolver as ValidatorFactory-scoped traversable resolver.
2025-01-24T15:59:28.837+01:00 DEBUG 35076 --- [kground-preinit] .i.e.ValidatorFactoryConfigurationHelper : HV000234: Using org.hibernate.validator.internal.util.ExecutableParameterNameProvider as ValidatorFactory-scoped parameter name provider.
2025-01-24T15:59:28.838+01:00 DEBUG 35076 --- [kground-preinit] .i.e.ValidatorFactoryConfigurationHelper : HV000234: Using org.hibernate.validator.internal.engine.DefaultClockProvider as ValidatorFactory-scoped clock provider.
2025-01-24T15:59:28.839+01:00 DEBUG 35076 --- [kground-preinit] .i.e.ValidatorFactoryConfigurationHelper : HV000234: Using org.hibernate.validator.internal.engine.scripting.DefaultScriptEvaluatorFactory as ValidatorFactory-scoped script evaluator factory.
2025-01-24T15:59:28.851+01:00 DEBUG 35076 --- [    Test worker] o.s.c.a.ClassPathBeanDefinitionScanner   : Ignored because not a concrete top-level class: file [C:\Users\svenv\Desktop\workspace\blue-harvest\build\classes\java\main\com\blueharvest\spi\repository\AccountRepository.class]
2025-01-24T15:59:28.853+01:00 DEBUG 35076 --- [    Test worker] o.s.c.a.ClassPathBeanDefinitionScanner   : Ignored because not a concrete top-level class: file [C:\Users\svenv\Desktop\workspace\blue-harvest\build\classes\java\main\com\blueharvest\spi\repository\UserRepository.class]
2025-01-24T15:59:29.549+01:00  INFO 35076 --- [    Test worker] .s.d.r.c.RepositoryConfigurationDelegate : Bootstrapping Spring Data JPA repositories in DEFAULT mode.
2025-01-24T15:59:29.576+01:00 DEBUG 35076 --- [    Test worker] o.s.b.f.s.DefaultListableBeanFactory     : Creating shared instance of singleton bean 'org.springframework.boot.autoconfigure.AutoConfigurationPackages'
2025-01-24T15:59:29.604+01:00 DEBUG 35076 --- [    Test worker] o.s.b.a.AutoConfigurationPackages        : @EnableAutoConfiguration was declared on a class in the package 'com.blueharvest'. Automatic @Repository and @Entity scanning is enabled.
2025-01-24T15:59:29.607+01:00 DEBUG 35076 --- [    Test worker] .s.d.r.c.RepositoryConfigurationDelegate : Scanning for JPA repositories in packages com.blueharvest.
2025-01-24T15:59:29.629+01:00 DEBUG 35076 --- [    Test worker] o.s.d.r.c.RepositoryComponentProvider    : Identified candidate component class: file [C:\Users\svenv\Desktop\workspace\blue-harvest\build\classes\java\main\com\blueharvest\spi\repository\AccountRepository.class]
2025-01-24T15:59:29.630+01:00 DEBUG 35076 --- [    Test worker] o.s.d.r.c.RepositoryComponentProvider    : Identified candidate component class: file [C:\Users\svenv\Desktop\workspace\blue-harvest\build\classes\java\main\com\blueharvest\spi\repository\UserRepository.class]
2025-01-24T15:59:29.718+01:00  INFO 35076 --- [    Test worker] .s.d.r.c.RepositoryConfigurationDelegate : Finished Spring Data repository scanning in 106 ms. Found 2 JPA repository interfaces.
2025-01-24T15:59:29.901+01:00 DEBUG 35076 --- [    Test worker] o.s.b.f.s.DefaultListableBeanFactory     : Creating shared instance of singleton bean 'org.springframework.boot.test.context.ImportsContextCustomizer$ImportsCleanupPostProcessor'
2025-01-24T15:59:30.104+01:00 DEBUG 35076 --- [    Test worker] o.s.b.f.s.DefaultListableBeanFactory     : Creating shared instance of singleton bean 'org.springframework.boot.test.mock.mockito.MockitoPostProcessor'
2025-01-24T15:59:30.108+01:00 DEBUG 35076 --- [    Test worker] o.s.b.f.s.DefaultListableBeanFactory     : Creating shared instance of singleton bean 'emBeanDefinitionRegistrarPostProcessor'
2025-01-24T15:59:30.108+01:00 DEBUG 35076 --- [    Test worker] o.s.b.f.s.DefaultListableBeanFactory     : Creating shared instance of singleton bean 'org.springframework.boot.sql.init.dependency.DatabaseInitializationDependencyConfigurer$DependsOnDatabaseInitializationPostProcessor'
2025-01-24T15:59:30.169+01:00 DEBUG 35076 --- [    Test worker] o.s.b.f.s.DefaultListableBeanFactory     : Creating shared instance of singleton bean 'org.springframework.context.event.internalEventListenerProcessor'
2025-01-24T15:59:30.176+01:00 DEBUG 35076 --- [    Test worker] o.s.b.f.s.DefaultListableBeanFactory     : Creating shared instance of singleton bean 'org.springframework.context.event.internalEventListenerFactory'
2025-01-24T15:59:30.177+01:00 DEBUG 35076 --- [    Test worker] o.s.b.f.s.DefaultListableBeanFactory     : Creating shared instance of singleton bean 'org.springframework.transaction.config.internalTransactionalEventListenerFactory'
2025-01-24T15:59:30.184+01:00 DEBUG 35076 --- [    Test worker] o.s.b.f.s.DefaultListableBeanFactory     : Creating shared instance of singleton bean 'org.springframework.context.annotation.internalAutowiredAnnotationProcessor'
2025-01-24T15:59:30.189+01:00 DEBUG 35076 --- [    Test worker] o.s.b.f.s.DefaultListableBeanFactory     : Creating shared instance of singleton bean 'org.springframework.context.annotation.internalCommonAnnotationProcessor'
2025-01-24T15:59:30.200+01:00 DEBUG 35076 --- [    Test worker] o.s.b.f.s.DefaultListableBeanFactory     : Creating shared instance of singleton bean 'org.springframework.context.annotation.internalPersistenceAnnotationProcessor'
2025-01-24T15:59:30.202+01:00 DEBUG 35076 --- [    Test worker] o.s.b.f.s.DefaultListableBeanFactory     : Creating shared instance of singleton bean 'org.springframework.boot.test.mock.mockito.MockitoPostProcessor$SpyPostProcessor'
2025-01-24T15:59:30.205+01:00 DEBUG 35076 --- [    Test worker] o.s.b.f.s.DefaultListableBeanFactory     : Creating shared instance of singleton bean 'jdbcConnectionDetailsHikariBeanPostProcessor'
2025-01-24T15:59:30.214+01:00 DEBUG 35076 --- [    Test worker] o.s.b.f.s.DefaultListableBeanFactory     : Creating shared instance of singleton bean 'org.springframework.boot.context.properties.ConfigurationPropertiesBindingPostProcessor'
2025-01-24T15:59:30.214+01:00 DEBUG 35076 --- [    Test worker] o.s.b.f.s.DefaultListableBeanFactory     : Creating shared instance of singleton bean 'org.springframework.boot.context.internalConfigurationPropertiesBinder'
2025-01-24T15:59:30.224+01:00 DEBUG 35076 --- [    Test worker] o.s.b.f.s.DefaultListableBeanFactory     : Creating shared instance of singleton bean 'org.springframework.aop.config.internalAutoProxyCreator'
2025-01-24T15:59:30.258+01:00 DEBUG 35076 --- [    Test worker] o.s.b.f.s.DefaultListableBeanFactory     : Creating shared instance of singleton bean 'flyway'
2025-01-24T15:59:30.260+01:00 DEBUG 35076 --- [    Test worker] o.s.b.f.s.DefaultListableBeanFactory     : Creating shared instance of singleton bean 'org.springframework.boot.autoconfigure.flyway.FlywayAutoConfiguration$FlywayConfiguration'
2025-01-24T15:59:30.288+01:00 DEBUG 35076 --- [    Test worker] o.s.b.f.s.DefaultListableBeanFactory     : Creating shared instance of singleton bean 'spring.flyway-org.springframework.boot.autoconfigure.flyway.FlywayProperties'
2025-01-24T15:59:30.296+01:00 DEBUG 35076 --- [    Test worker] o.s.b.f.s.DefaultListableBeanFactory     : Creating shared instance of singleton bean 'org.springframework.boot.context.properties.BoundConfigurationProperties'
2025-01-24T15:59:30.299+01:00 DEBUG 35076 --- [    Test worker] o.s.b.f.s.DefaultListableBeanFactory     : Creating shared instance of singleton bean 'org.springframework.transaction.config.internalTransactionAdvisor'
2025-01-24T15:59:30.300+01:00 DEBUG 35076 --- [    Test worker] o.s.b.f.s.DefaultListableBeanFactory     : Creating shared instance of singleton bean 'org.springframework.transaction.annotation.ProxyTransactionManagementConfiguration'
2025-01-24T15:59:30.329+01:00 DEBUG 35076 --- [    Test worker] o.s.b.f.s.DefaultListableBeanFactory     : Creating shared instance of singleton bean 'transactionAttributeSource'
2025-01-24T15:59:30.341+01:00 DEBUG 35076 --- [    Test worker] o.s.b.f.s.DefaultListableBeanFactory     : Creating shared instance of singleton bean 'transactionInterceptor'
2025-01-24T15:59:30.345+01:00 DEBUG 35076 --- [    Test worker] o.s.b.f.s.DefaultListableBeanFactory     : Autowiring by type from bean name 'transactionInterceptor' via factory method to bean named 'transactionAttributeSource'
2025-01-24T15:59:30.363+01:00 DEBUG 35076 --- [    Test worker] o.s.b.f.s.DefaultListableBeanFactory     : Autowiring by type from bean name 'org.springframework.transaction.config.internalTransactionAdvisor' via factory method to bean named 'transactionAttributeSource'
2025-01-24T15:59:30.363+01:00 DEBUG 35076 --- [    Test worker] o.s.b.f.s.DefaultListableBeanFactory     : Autowiring by type from bean name 'org.springframework.transaction.config.internalTransactionAdvisor' via factory method to bean named 'transactionInterceptor'
2025-01-24T15:59:30.389+01:00 DEBUG 35076 --- [    Test worker] o.s.b.f.s.DefaultListableBeanFactory     : Creating shared instance of singleton bean 'stringOrNumberMigrationVersionConverter'
2025-01-24T15:59:30.390+01:00 DEBUG 35076 --- [    Test worker] o.s.b.f.s.DefaultListableBeanFactory     : Creating shared instance of singleton bean 'org.springframework.boot.autoconfigure.flyway.FlywayAutoConfiguration'
2025-01-24T15:59:30.455+01:00 DEBUG 35076 --- [    Test worker] o.s.b.f.s.DefaultListableBeanFactory     : Autowiring by type from bean name 'org.springframework.boot.autoconfigure.flyway.FlywayAutoConfiguration$FlywayConfiguration' via constructor to bean named 'spring.flyway-org.springframework.boot.autoconfigure.flyway.FlywayProperties'
2025-01-24T15:59:30.466+01:00 DEBUG 35076 --- [    Test worker] o.s.b.f.s.DefaultListableBeanFactory     : Creating shared instance of singleton bean 'flywayConnectionDetails'
2025-01-24T15:59:30.472+01:00 DEBUG 35076 --- [    Test worker] o.s.b.f.s.DefaultListableBeanFactory     : Creating shared instance of singleton bean 'resourceProviderCustomizer'
2025-01-24T15:59:30.474+01:00 DEBUG 35076 --- [    Test worker] o.s.b.f.s.DefaultListableBeanFactory     : Autowiring by type from bean name 'flyway' via factory method to bean named 'flywayConnectionDetails'
2025-01-24T15:59:30.474+01:00 DEBUG 35076 --- [    Test worker] o.s.b.f.s.DefaultListableBeanFactory     : Autowiring by type from bean name 'flyway' via factory method to bean named 'org.springframework.context.annotation.AnnotationConfigApplicationContext@2c6927f0'
2025-01-24T15:59:30.475+01:00 DEBUG 35076 --- [    Test worker] o.s.b.f.s.DefaultListableBeanFactory     : Autowiring by type from bean name 'flyway' via factory method to bean named 'resourceProviderCustomizer'
2025-01-24T15:59:30.517+01:00 DEBUG 35076 --- [    Test worker] o.s.b.f.s.DefaultListableBeanFactory     : Creating shared instance of singleton bean 'dataSource'
2025-01-24T15:59:30.517+01:00 DEBUG 35076 --- [    Test worker] o.s.b.f.s.DefaultListableBeanFactory     : Creating shared instance of singleton bean 'org.springframework.boot.autoconfigure.jdbc.DataSourceConfiguration$Hikari'
2025-01-24T15:59:30.519+01:00 DEBUG 35076 --- [    Test worker] o.s.b.f.s.DefaultListableBeanFactory     : Creating shared instance of singleton bean 'spring.datasource-org.springframework.boot.autoconfigure.jdbc.DataSourceProperties'
2025-01-24T15:59:30.543+01:00 DEBUG 35076 --- [    Test worker] o.s.b.f.s.DefaultListableBeanFactory     : Creating shared instance of singleton bean 'jdbcConnectionDetails'
2025-01-24T15:59:30.544+01:00 DEBUG 35076 --- [    Test worker] o.s.b.f.s.DefaultListableBeanFactory     : Creating shared instance of singleton bean 'org.springframework.boot.autoconfigure.jdbc.DataSourceAutoConfiguration$PooledDataSourceConfiguration'
2025-01-24T15:59:30.546+01:00 DEBUG 35076 --- [    Test worker] o.s.b.f.s.DefaultListableBeanFactory     : Autowiring by type from bean name 'jdbcConnectionDetails' via factory method to bean named 'spring.datasource-org.springframework.boot.autoconfigure.jdbc.DataSourceProperties'
2025-01-24T15:59:30.549+01:00 DEBUG 35076 --- [    Test worker] o.s.b.f.s.DefaultListableBeanFactory     : Autowiring by type from bean name 'dataSource' via factory method to bean named 'spring.datasource-org.springframework.boot.autoconfigure.jdbc.DataSourceProperties'
2025-01-24T15:59:30.550+01:00 DEBUG 35076 --- [    Test worker] o.s.b.f.s.DefaultListableBeanFactory     : Autowiring by type from bean name 'dataSource' via factory method to bean named 'jdbcConnectionDetails'
2025-01-24T15:59:30.558+01:00 DEBUG 35076 --- [    Test worker] com.zaxxer.hikari.HikariConfig           : Driver class org.h2.Driver found in Thread context class loader jdk.internal.loader.ClassLoaders$AppClassLoader@5a07e868
2025-01-24T15:59:30.991+01:00 DEBUG 35076 --- [    Test worker] o.s.b.f.s.DefaultListableBeanFactory     : Creating shared instance of singleton bean 'flywayInitializer'
2025-01-24T15:59:30.993+01:00 DEBUG 35076 --- [    Test worker] o.s.b.f.s.DefaultListableBeanFactory     : Autowiring by type from bean name 'flywayInitializer' via factory method to bean named 'flyway'
2025-01-24T15:59:31.021+01:00 DEBUG 35076 --- [    Test worker] o.f.c.i.s.classpath.ClassPathScanner     : Scanning for classpath resources at 'classpath:db/callback' ...
2025-01-24T15:59:31.022+01:00 DEBUG 35076 --- [    Test worker] o.f.c.i.s.classpath.ClassPathScanner     : Determining location urls for classpath:db/callback using ClassLoader jdk.internal.loader.ClassLoaders$AppClassLoader@5a07e868 ...
2025-01-24T15:59:31.022+01:00 DEBUG 35076 --- [    Test worker] o.f.c.i.s.classpath.ClassPathScanner     : Unable to resolve location classpath:db/callback.
2025-01-24T15:59:31.022+01:00 DEBUG 35076 --- [    Test worker] o.f.c.i.s.classpath.ClassPathScanner     : Scanning for classpath resources at 'classpath:db/migration' ...
2025-01-24T15:59:31.023+01:00 DEBUG 35076 --- [    Test worker] o.f.c.i.s.classpath.ClassPathScanner     : Determining location urls for classpath:db/migration using ClassLoader jdk.internal.loader.ClassLoaders$AppClassLoader@5a07e868 ...
2025-01-24T15:59:31.024+01:00 DEBUG 35076 --- [    Test worker] o.f.c.i.s.classpath.ClassPathScanner     : Scanning URL: file:/C:/Users/svenv/Desktop/workspace/blue-harvest/build/resources/main/db/migration
2025-01-24T15:59:31.029+01:00 DEBUG 35076 --- [    Test worker] i.s.c.FileSystemClassPathLocationScanner : Scanning starting at classpath root in filesystem: C:\Users\svenv\Desktop\workspace\blue-harvest\build\resources\main\
2025-01-24T15:59:31.029+01:00 DEBUG 35076 --- [    Test worker] i.s.c.FileSystemClassPathLocationScanner : Scanning for resources in path: C:\Users\svenv\Desktop\workspace\blue-harvest\build\resources\main\db\migration (db/migration)
2025-01-24T15:59:31.035+01:00 DEBUG 35076 --- [    Test worker] o.f.c.i.s.classpath.ClassPathScanner     : Found resource: db/migration/V1.0.0__initial.sql
2025-01-24T15:59:31.035+01:00 DEBUG 35076 --- [    Test worker] o.f.c.i.s.classpath.ClassPathScanner     : Scanning for classes at classpath:db/migration
2025-01-24T15:59:31.046+01:00 DEBUG 35076 --- [    Test worker] com.zaxxer.hikari.HikariConfig           : HikariPool-1 - configuration:
2025-01-24T15:59:31.054+01:00 DEBUG 35076 --- [    Test worker] com.zaxxer.hikari.HikariConfig           : allowPoolSuspension.............false
2025-01-24T15:59:31.054+01:00 DEBUG 35076 --- [    Test worker] com.zaxxer.hikari.HikariConfig           : autoCommit......................true
2025-01-24T15:59:31.055+01:00 DEBUG 35076 --- [    Test worker] com.zaxxer.hikari.HikariConfig           : catalog.........................none
2025-01-24T15:59:31.055+01:00 DEBUG 35076 --- [    Test worker] com.zaxxer.hikari.HikariConfig           : connectionInitSql...............none
2025-01-24T15:59:31.056+01:00 DEBUG 35076 --- [    Test worker] com.zaxxer.hikari.HikariConfig           : connectionTestQuery.............none
2025-01-24T15:59:31.058+01:00 DEBUG 35076 --- [    Test worker] com.zaxxer.hikari.HikariConfig           : connectionTimeout...............30000
2025-01-24T15:59:31.059+01:00 DEBUG 35076 --- [    Test worker] com.zaxxer.hikari.HikariConfig           : dataSource......................none
2025-01-24T15:59:31.060+01:00 DEBUG 35076 --- [    Test worker] com.zaxxer.hikari.HikariConfig           : dataSourceClassName.............none
2025-01-24T15:59:31.061+01:00 DEBUG 35076 --- [    Test worker] com.zaxxer.hikari.HikariConfig           : dataSourceJNDI..................none
2025-01-24T15:59:31.063+01:00 DEBUG 35076 --- [    Test worker] com.zaxxer.hikari.HikariConfig           : dataSourceProperties............{password=<masked>}
2025-01-24T15:59:31.064+01:00 DEBUG 35076 --- [    Test worker] com.zaxxer.hikari.HikariConfig           : driverClassName................."org.h2.Driver"
2025-01-24T15:59:31.064+01:00 DEBUG 35076 --- [    Test worker] com.zaxxer.hikari.HikariConfig           : exceptionOverrideClassName......none
2025-01-24T15:59:31.065+01:00 DEBUG 35076 --- [    Test worker] com.zaxxer.hikari.HikariConfig           : healthCheckProperties...........{}
2025-01-24T15:59:31.065+01:00 DEBUG 35076 --- [    Test worker] com.zaxxer.hikari.HikariConfig           : healthCheckRegistry.............none
2025-01-24T15:59:31.066+01:00 DEBUG 35076 --- [    Test worker] com.zaxxer.hikari.HikariConfig           : idleTimeout.....................600000
2025-01-24T15:59:31.067+01:00 DEBUG 35076 --- [    Test worker] com.zaxxer.hikari.HikariConfig           : initializationFailTimeout.......1
2025-01-24T15:59:31.067+01:00 DEBUG 35076 --- [    Test worker] com.zaxxer.hikari.HikariConfig           : isolateInternalQueries..........false
2025-01-24T15:59:31.068+01:00 DEBUG 35076 --- [    Test worker] com.zaxxer.hikari.HikariConfig           : jdbcUrl.........................jdbc:h2:mem:bh;NON_KEYWORDS=user
2025-01-24T15:59:31.069+01:00 DEBUG 35076 --- [    Test worker] com.zaxxer.hikari.HikariConfig           : keepaliveTime...................0
2025-01-24T15:59:31.070+01:00 DEBUG 35076 --- [    Test worker] com.zaxxer.hikari.HikariConfig           : leakDetectionThreshold..........0
2025-01-24T15:59:31.071+01:00 DEBUG 35076 --- [    Test worker] com.zaxxer.hikari.HikariConfig           : maxLifetime.....................1800000
2025-01-24T15:59:31.071+01:00 DEBUG 35076 --- [    Test worker] com.zaxxer.hikari.HikariConfig           : maximumPoolSize.................10
2025-01-24T15:59:31.072+01:00 DEBUG 35076 --- [    Test worker] com.zaxxer.hikari.HikariConfig           : metricRegistry..................none
2025-01-24T15:59:31.072+01:00 DEBUG 35076 --- [    Test worker] com.zaxxer.hikari.HikariConfig           : metricsTrackerFactory...........none
2025-01-24T15:59:31.073+01:00 DEBUG 35076 --- [    Test worker] com.zaxxer.hikari.HikariConfig           : minimumIdle.....................10
2025-01-24T15:59:31.074+01:00 DEBUG 35076 --- [    Test worker] com.zaxxer.hikari.HikariConfig           : password........................<masked>
2025-01-24T15:59:31.075+01:00 DEBUG 35076 --- [    Test worker] com.zaxxer.hikari.HikariConfig           : poolName........................"HikariPool-1"
2025-01-24T15:59:31.075+01:00 DEBUG 35076 --- [    Test worker] com.zaxxer.hikari.HikariConfig           : readOnly........................false
2025-01-24T15:59:31.076+01:00 DEBUG 35076 --- [    Test worker] com.zaxxer.hikari.HikariConfig           : registerMbeans..................false
2025-01-24T15:59:31.077+01:00 DEBUG 35076 --- [    Test worker] com.zaxxer.hikari.HikariConfig           : scheduledExecutor...............none
2025-01-24T15:59:31.077+01:00 DEBUG 35076 --- [    Test worker] com.zaxxer.hikari.HikariConfig           : schema..........................none
2025-01-24T15:59:31.078+01:00 DEBUG 35076 --- [    Test worker] com.zaxxer.hikari.HikariConfig           : threadFactory...................internal
2025-01-24T15:59:31.078+01:00 DEBUG 35076 --- [    Test worker] com.zaxxer.hikari.HikariConfig           : transactionIsolation............default
2025-01-24T15:59:31.079+01:00 DEBUG 35076 --- [    Test worker] com.zaxxer.hikari.HikariConfig           : username........................"sa"
2025-01-24T15:59:31.079+01:00 DEBUG 35076 --- [    Test worker] com.zaxxer.hikari.HikariConfig           : validationTimeout...............5000
2025-01-24T15:59:31.079+01:00  INFO 35076 --- [    Test worker] com.zaxxer.hikari.HikariDataSource       : HikariPool-1 - Starting...
2025-01-24T15:59:31.811+01:00  INFO 35076 --- [    Test worker] com.zaxxer.hikari.pool.HikariPool        : HikariPool-1 - Added connection conn0: url=jdbc:h2:mem:bh user=SA
2025-01-24T15:59:31.817+01:00  INFO 35076 --- [    Test worker] com.zaxxer.hikari.HikariDataSource       : HikariPool-1 - Start completed.
2025-01-24T15:59:31.864+01:00 DEBUG 35076 --- [    Test worker] o.f.c.i.resource.ResourceNameValidator   : Validating V1.0.0__initial.sql
2025-01-24T15:59:31.920+01:00 DEBUG 35076 --- [l-1 housekeeper] com.zaxxer.hikari.pool.HikariPool        : HikariPool-1 - Pool stats (total=1, active=1, idle=0, waiting=0)
2025-01-24T15:59:31.923+01:00 DEBUG 35076 --- [onnection adder] com.zaxxer.hikari.pool.HikariPool        : HikariPool-1 - Added connection conn1: url=jdbc:h2:mem:bh user=SA
2025-01-24T15:59:31.967+01:00 DEBUG 35076 --- [onnection adder] com.zaxxer.hikari.pool.HikariPool        : HikariPool-1 - After adding stats (total=2, active=1, idle=1, waiting=0)
2025-01-24T15:59:31.969+01:00 DEBUG 35076 --- [onnection adder] com.zaxxer.hikari.pool.HikariPool        : HikariPool-1 - Added connection conn2: url=jdbc:h2:mem:bh user=SA
2025-01-24T15:59:31.995+01:00  INFO 35076 --- [    Test worker] org.flywaydb.core.FlywayExecutor         : Database: jdbc:h2:mem:bh (H2 2.3)
2025-01-24T15:59:31.995+01:00 DEBUG 35076 --- [    Test worker] org.flywaydb.core.FlywayExecutor         : Database Type: H2
2025-01-24T15:59:31.996+01:00 DEBUG 35076 --- [    Test worker] org.flywaydb.core.FlywayExecutor         : Driver: H2 JDBC Driver 2.3.232 (2024-08-11)
2025-01-24T15:59:31.996+01:00 DEBUG 35076 --- [    Test worker] org.flywaydb.core.FlywayExecutor         : DDL Transactions Supported: false
2025-01-24T15:59:32.001+01:00 DEBUG 35076 --- [    Test worker] o.f.c.i.s.SchemaHistoryFactory           : Schemas: BLUEHARVEST
2025-01-24T15:59:32.002+01:00 DEBUG 35076 --- [    Test worker] o.f.c.i.s.SchemaHistoryFactory           : Default schema: BLUEHARVEST
2025-01-24T15:59:32.013+01:00 DEBUG 35076 --- [onnection adder] com.zaxxer.hikari.pool.HikariPool        : HikariPool-1 - After adding stats (total=3, active=1, idle=2, waiting=0)
2025-01-24T15:59:32.015+01:00 DEBUG 35076 --- [onnection adder] com.zaxxer.hikari.pool.HikariPool        : HikariPool-1 - Added connection conn3: url=jdbc:h2:mem:bh user=SA
2025-01-24T15:59:32.018+01:00 DEBUG 35076 --- [    Test worker] org.flywaydb.core.FlywayExecutor         : Scanning for script callbacks ...
2025-01-24T15:59:32.024+01:00 DEBUG 35076 --- [    Test worker] o.f.c.i.c.SqlScriptCallbackFactory       : Scanning for SQL callbacks ...
2025-01-24T15:59:32.059+01:00 DEBUG 35076 --- [onnection adder] com.zaxxer.hikari.pool.HikariPool        : HikariPool-1 - After adding stats (total=4, active=1, idle=3, waiting=0)
2025-01-24T15:59:32.061+01:00 DEBUG 35076 --- [onnection adder] com.zaxxer.hikari.pool.HikariPool        : HikariPool-1 - Added connection conn4: url=jdbc:h2:mem:bh user=SA
2025-01-24T15:59:32.066+01:00 DEBUG 35076 --- [    Test worker] o.f.core.internal.scanner.Scanner        : Filtering out resource: db/migration/V1.0.0__initial.sql (filename: V1.0.0__initial.sql)
2025-01-24T15:59:32.068+01:00 DEBUG 35076 --- [    Test worker] o.f.core.internal.scanner.Scanner        : Filtering out resource: db/migration/V1.0.0__initial.sql (filename: V1.0.0__initial.sql)
2025-01-24T15:59:32.072+01:00 DEBUG 35076 --- [    Test worker] o.f.core.internal.scanner.Scanner        : Filtering out resource: db/migration/V1.0.0__initial.sql (filename: V1.0.0__initial.sql)
2025-01-24T15:59:32.072+01:00 DEBUG 35076 --- [    Test worker] o.f.core.internal.scanner.Scanner        : Filtering out resource: db/migration/V1.0.0__initial.sql (filename: V1.0.0__initial.sql)
2025-01-24T15:59:32.084+01:00 DEBUG 35076 --- [    Test worker] o.f.core.internal.command.DbSchemas      : Creating schema: "BLUEHARVEST"
2025-01-24T15:59:32.085+01:00  INFO 35076 --- [    Test worker] o.f.core.internal.database.base.Schema   : Creating schema "BLUEHARVEST" ...
2025-01-24T15:59:32.096+01:00  INFO 35076 --- [    Test worker] o.f.c.i.s.JdbcTableSchemaHistory         : Creating Schema History table "BLUEHARVEST"."flyway_schema_history" ...
2025-01-24T15:59:32.106+01:00 DEBUG 35076 --- [onnection adder] com.zaxxer.hikari.pool.HikariPool        : HikariPool-1 - After adding stats (total=5, active=1, idle=4, waiting=0)
2025-01-24T15:59:32.108+01:00 DEBUG 35076 --- [onnection adder] com.zaxxer.hikari.pool.HikariPool        : HikariPool-1 - Added connection conn5: url=jdbc:h2:mem:bh user=SA
2025-01-24T15:59:32.109+01:00 DEBUG 35076 --- [    Test worker] o.flywaydb.core.internal.parser.Parser   : Parsing  ...
2025-01-24T15:59:32.132+01:00 DEBUG 35076 --- [    Test worker] o.f.c.i.sqlscript.ParserSqlScript        : Found statement at line 1: CREATE TABLE IF NOT EXISTS "BLUEHARVEST"."flyway_schema_history" (
    "installed_rank" INT NOT NULL,
    "version" VARCHAR(50),
    "description" VARCHAR(200) NOT NULL,
    "type" VARCHAR(20) NOT NULL,
    "script" VARCHAR(1000) NOT NULL,
    "checksum" INT,
    "installed_by" VARCHAR(100) NOT NULL,
    "installed_on" TIMESTAMP NOT NULL DEFAULT CURRENT_TIMESTAMP,
    "execution_time" INT NOT NULL,
    "success" BOOLEAN NOT NULL,
    CONSTRAINT "flyway_schema_history_pk" PRIMARY KEY ("installed_rank")
) AS SELECT -1, NULL, '<< Flyway Schema History table created >>', 'TABLE', '', NULL, 'SA', CURRENT_TIMESTAMP, 0, TRUE
2025-01-24T15:59:32.134+01:00 DEBUG 35076 --- [    Test worker] o.f.c.i.sqlscript.ParserSqlScript        : Found statement at line 14: CREATE INDEX "BLUEHARVEST"."flyway_schema_history_s_idx" ON "BLUEHARVEST"."flyway_schema_history" ("success")
2025-01-24T15:59:32.138+01:00 DEBUG 35076 --- [    Test worker] o.f.c.i.s.DefaultSqlScriptExecutor       : Executing SQL: CREATE TABLE IF NOT EXISTS "BLUEHARVEST"."flyway_schema_history" (
    "installed_rank" INT NOT NULL,
    "version" VARCHAR(50),
    "description" VARCHAR(200) NOT NULL,
    "type" VARCHAR(20) NOT NULL,
    "script" VARCHAR(1000) NOT NULL,
    "checksum" INT,
    "installed_by" VARCHAR(100) NOT NULL,
    "installed_on" TIMESTAMP NOT NULL DEFAULT CURRENT_TIMESTAMP,
    "execution_time" INT NOT NULL,
    "success" BOOLEAN NOT NULL,
    CONSTRAINT "flyway_schema_history_pk" PRIMARY KEY ("installed_rank")
) AS SELECT -1, NULL, '<< Flyway Schema History table created >>', 'TABLE', '', NULL, 'SA', CURRENT_TIMESTAMP, 0, TRUE
2025-01-24T15:59:32.152+01:00 DEBUG 35076 --- [onnection adder] com.zaxxer.hikari.pool.HikariPool        : HikariPool-1 - After adding stats (total=6, active=1, idle=5, waiting=0)
2025-01-24T15:59:32.154+01:00 DEBUG 35076 --- [onnection adder] com.zaxxer.hikari.pool.HikariPool        : HikariPool-1 - Added connection conn6: url=jdbc:h2:mem:bh user=SA
2025-01-24T15:59:32.166+01:00 DEBUG 35076 --- [    Test worker] o.f.c.i.s.DefaultSqlScriptExecutor       : 0 rows affected
2025-01-24T15:59:32.167+01:00 DEBUG 35076 --- [    Test worker] o.f.c.i.s.DefaultSqlScriptExecutor       : Executing SQL: CREATE INDEX "BLUEHARVEST"."flyway_schema_history_s_idx" ON "BLUEHARVEST"."flyway_schema_history" ("success")
2025-01-24T15:59:32.173+01:00 DEBUG 35076 --- [    Test worker] o.f.c.i.s.DefaultSqlScriptExecutor       : 0 rows affected
2025-01-24T15:59:32.174+01:00 DEBUG 35076 --- [    Test worker] o.f.c.i.s.JdbcTableSchemaHistory         : Created Schema History table "BLUEHARVEST"."flyway_schema_history"
2025-01-24T15:59:32.197+01:00 DEBUG 35076 --- [    Test worker] o.f.c.i.s.JdbcTableSchemaHistory         : Schema History table "BLUEHARVEST"."flyway_schema_history" successfully updated to reflect changes
2025-01-24T15:59:32.199+01:00 DEBUG 35076 --- [onnection adder] com.zaxxer.hikari.pool.HikariPool        : HikariPool-1 - After adding stats (total=7, active=1, idle=6, waiting=0)
2025-01-24T15:59:32.202+01:00 DEBUG 35076 --- [onnection adder] com.zaxxer.hikari.pool.HikariPool        : HikariPool-1 - Added connection conn7: url=jdbc:h2:mem:bh user=SA
2025-01-24T15:59:32.214+01:00 DEBUG 35076 --- [    Test worker] o.f.c.a.c.ClassicConfiguration           : CherryPickConfigurationExtension not found
2025-01-24T15:59:32.227+01:00  INFO 35076 --- [    Test worker] o.f.core.internal.command.DbMigrate      : Current version of schema "BLUEHARVEST": null
2025-01-24T15:59:32.230+01:00 DEBUG 35076 --- [    Test worker] o.flywaydb.core.internal.parser.Parser   : Parsing V1.0.0__initial.sql ...
2025-01-24T15:59:32.234+01:00 DEBUG 35076 --- [    Test worker] o.f.c.i.sqlscript.ParserSqlScript        : Found statement at line 1: CREATE SCHEMA IF NOT EXISTS BLUEHARVEST
2025-01-24T15:59:32.236+01:00 DEBUG 35076 --- [    Test worker] o.f.c.i.sqlscript.ParserSqlScript        : Found statement at line 2: create table user (
    user_id uuid,
    name varchar(40) not null,
    primary key (user_id)
)
2025-01-24T15:59:32.240+01:00 DEBUG 35076 --- [    Test worker] o.f.c.i.sqlscript.ParserSqlScript        : Found statement at line 9: create table account (
    account_id uuid,
    short_name varchar(20) not null,
    description varchar(50) not null,
    balance numeric (6,2) not null,
    primary key (account_id)
)
2025-01-24T15:59:32.241+01:00 DEBUG 35076 --- [    Test worker] o.f.c.i.sqlscript.ParserSqlScript        : Found statement at line 17: create sequence transaction_id_seq start with 1 increment by 1
2025-01-24T15:59:32.243+01:00 DEBUG 35076 --- [    Test worker] o.f.c.i.sqlscript.ParserSqlScript        : Found statement at line 19: create table transaction (
    id bigint,
    name varchar(40),
    amount numeric(6.2),
    primary key (id)
)
2025-01-24T15:59:32.245+01:00 DEBUG 35076 --- [onnection adder] com.zaxxer.hikari.pool.HikariPool        : HikariPool-1 - After adding stats (total=8, active=2, idle=6, waiting=0)
2025-01-24T15:59:32.249+01:00 DEBUG 35076 --- [onnection adder] com.zaxxer.hikari.pool.HikariPool        : HikariPool-1 - Added connection conn8: url=jdbc:h2:mem:bh user=SA
2025-01-24T15:59:32.251+01:00 DEBUG 35076 --- [    Test worker] o.f.core.internal.command.DbMigrate      : Starting migration of schema "BLUEHARVEST" to version "1.0.0 - initial" ...
2025-01-24T15:59:32.253+01:00  INFO 35076 --- [    Test worker] o.f.core.internal.command.DbMigrate      : Migrating schema "BLUEHARVEST" to version "1.0.0 - initial"
2025-01-24T15:59:32.257+01:00 DEBUG 35076 --- [    Test worker] o.f.c.i.s.DefaultSqlScriptExecutor       : Executing SQL: CREATE SCHEMA IF NOT EXISTS BLUEHARVEST
2025-01-24T15:59:32.259+01:00 DEBUG 35076 --- [    Test worker] o.f.c.i.s.DefaultSqlScriptExecutor       : 0 rows affected
2025-01-24T15:59:32.259+01:00 DEBUG 35076 --- [    Test worker] o.f.c.i.s.DefaultSqlScriptExecutor       : Executing SQL: create table user (
    user_id uuid,
    name varchar(40) not null,
    primary key (user_id)
)
2025-01-24T15:59:32.263+01:00 DEBUG 35076 --- [    Test worker] o.f.c.i.s.DefaultSqlScriptExecutor       : 0 rows affected
2025-01-24T15:59:32.264+01:00 DEBUG 35076 --- [    Test worker] o.f.c.i.s.DefaultSqlScriptExecutor       : Executing SQL: create table account (
    account_id uuid,
    short_name varchar(20) not null,
    description varchar(50) not null,
    balance numeric (6,2) not null,
    primary key (account_id)
)
2025-01-24T15:59:32.268+01:00 DEBUG 35076 --- [    Test worker] o.f.c.i.s.DefaultSqlScriptExecutor       : 0 rows affected
2025-01-24T15:59:32.268+01:00 DEBUG 35076 --- [    Test worker] o.f.c.i.s.DefaultSqlScriptExecutor       : Executing SQL: create sequence transaction_id_seq start with 1 increment by 1
2025-01-24T15:59:32.274+01:00 DEBUG 35076 --- [    Test worker] o.f.c.i.s.DefaultSqlScriptExecutor       : 0 rows affected
2025-01-24T15:59:32.274+01:00 DEBUG 35076 --- [    Test worker] o.f.c.i.s.DefaultSqlScriptExecutor       : Executing SQL: create table transaction (
    id bigint,
    name varchar(40),
    amount numeric(6.2),
    primary key (id)
)
2025-01-24T15:59:32.279+01:00 DEBUG 35076 --- [    Test worker] o.f.c.i.s.DefaultSqlScriptExecutor       : 0 rows affected
2025-01-24T15:59:32.279+01:00 DEBUG 35076 --- [    Test worker] o.f.core.internal.command.DbMigrate      : Successfully completed migration of schema "BLUEHARVEST" to version "1.0.0 - initial"
2025-01-24T15:59:32.283+01:00 DEBUG 35076 --- [    Test worker] o.f.c.i.s.JdbcTableSchemaHistory         : Schema History table "BLUEHARVEST"."flyway_schema_history" successfully updated to reflect changes
2025-01-24T15:59:32.286+01:00 DEBUG 35076 --- [    Test worker] o.f.c.a.c.ClassicConfiguration           : CherryPickConfigurationExtension not found
2025-01-24T15:59:32.292+01:00 DEBUG 35076 --- [onnection adder] com.zaxxer.hikari.pool.HikariPool        : HikariPool-1 - After adding stats (total=9, active=2, idle=7, waiting=0)
2025-01-24T15:59:32.293+01:00 DEBUG 35076 --- [onnection adder] com.zaxxer.hikari.pool.HikariPool        : HikariPool-1 - Added connection conn9: url=jdbc:h2:mem:bh user=SA
2025-01-24T15:59:32.297+01:00  INFO 35076 --- [    Test worker] o.f.core.internal.command.DbMigrate      : Successfully applied 1 migration to schema "BLUEHARVEST", now at version v1.0.0 (execution time 00:00.028s)
2025-01-24T15:59:32.310+01:00 DEBUG 35076 --- [    Test worker] org.flywaydb.core.FlywayExecutor         : Memory usage: 49 of 68M
2025-01-24T15:59:32.311+01:00 DEBUG 35076 --- [    Test worker] o.s.b.f.s.DefaultListableBeanFactory     : Creating shared instance of singleton bean 'dataSourceScriptDatabaseInitializer'
2025-01-24T15:59:32.312+01:00 DEBUG 35076 --- [    Test worker] o.s.b.f.s.DefaultListableBeanFactory     : Creating shared instance of singleton bean 'org.springframework.boot.autoconfigure.sql.init.DataSourceInitializationConfiguration'
2025-01-24T15:59:32.315+01:00 DEBUG 35076 --- [    Test worker] o.s.b.f.s.DefaultListableBeanFactory     : Creating shared instance of singleton bean 'spring.sql.init-org.springframework.boot.autoconfigure.sql.init.SqlInitializationProperties'
2025-01-24T15:59:32.323+01:00 DEBUG 35076 --- [    Test worker] o.s.b.f.s.DefaultListableBeanFactory     : Autowiring by type from bean name 'dataSourceScriptDatabaseInitializer' via factory method to bean named 'dataSource'
2025-01-24T15:59:32.323+01:00 DEBUG 35076 --- [    Test worker] o.s.b.f.s.DefaultListableBeanFactory     : Autowiring by type from bean name 'dataSourceScriptDatabaseInitializer' via factory method to bean named 'spring.sql.init-org.springframework.boot.autoconfigure.sql.init.SqlInitializationProperties'
2025-01-24T15:59:32.335+01:00 DEBUG 35076 --- [    Test worker] o.s.b.f.s.DefaultListableBeanFactory     : Creating shared instance of singleton bean 'entityManagerFactory'
2025-01-24T15:59:32.336+01:00 DEBUG 35076 --- [    Test worker] o.s.b.f.s.DefaultListableBeanFactory     : Creating shared instance of singleton bean 'org.springframework.boot.autoconfigure.orm.jpa.HibernateJpaConfiguration'
2025-01-24T15:59:32.337+01:00 DEBUG 35076 --- [onnection adder] com.zaxxer.hikari.pool.HikariPool        : HikariPool-1 - After adding stats (total=10, active=0, idle=10, waiting=0)
2025-01-24T15:59:32.339+01:00 DEBUG 35076 --- [onnection adder] com.zaxxer.hikari.pool.HikariPool        : HikariPool-1 - Connection not added, stats (total=10, active=0, idle=10, waiting=0)
2025-01-24T15:59:32.342+01:00 DEBUG 35076 --- [    Test worker] o.s.b.f.s.DefaultListableBeanFactory     : Creating shared instance of singleton bean 'spring.jpa-org.springframework.boot.autoconfigure.orm.jpa.JpaProperties'
2025-01-24T15:59:32.352+01:00 DEBUG 35076 --- [    Test worker] o.s.b.f.s.DefaultListableBeanFactory     : Creating shared instance of singleton bean 'spring.jpa.hibernate-org.springframework.boot.autoconfigure.orm.jpa.HibernateProperties'
2025-01-24T15:59:32.357+01:00 DEBUG 35076 --- [    Test worker] o.s.b.f.s.DefaultListableBeanFactory     : Autowiring by type from bean name 'org.springframework.boot.autoconfigure.orm.jpa.HibernateJpaConfiguration' via constructor to bean named 'dataSource'
2025-01-24T15:59:32.358+01:00 DEBUG 35076 --- [    Test worker] o.s.b.f.s.DefaultListableBeanFactory     : Autowiring by type from bean name 'org.springframework.boot.autoconfigure.orm.jpa.HibernateJpaConfiguration' via constructor to bean named 'spring.jpa-org.springframework.boot.autoconfigure.orm.jpa.JpaProperties'
2025-01-24T15:59:32.358+01:00 DEBUG 35076 --- [    Test worker] o.s.b.f.s.DefaultListableBeanFactory     : Autowiring by type from bean name 'org.springframework.boot.autoconfigure.orm.jpa.HibernateJpaConfiguration' via constructor to bean named 'org.springframework.beans.factory.support.DefaultListableBeanFactory@398694a6'
2025-01-24T15:59:32.358+01:00 DEBUG 35076 --- [    Test worker] o.s.b.f.s.DefaultListableBeanFactory     : Autowiring by type from bean name 'org.springframework.boot.autoconfigure.orm.jpa.HibernateJpaConfiguration' via constructor to bean named 'spring.jpa.hibernate-org.springframework.boot.autoconfigure.orm.jpa.HibernateProperties'
2025-01-24T15:59:32.365+01:00 DEBUG 35076 --- [    Test worker] o.s.b.f.s.DefaultListableBeanFactory     : Creating shared instance of singleton bean 'hikariPoolDataSourceMetadataProvider'
2025-01-24T15:59:32.365+01:00 DEBUG 35076 --- [    Test worker] o.s.b.f.s.DefaultListableBeanFactory     : Creating shared instance of singleton bean 'org.springframework.boot.autoconfigure.jdbc.metadata.DataSourcePoolMetadataProvidersConfiguration$HikariPoolDataSourceMetadataProviderConfiguration'
2025-01-24T15:59:32.377+01:00 DEBUG 35076 --- [    Test worker] o.s.b.f.s.DefaultListableBeanFactory     : Creating shared instance of singleton bean 'entityManagerFactoryBuilder'
2025-01-24T15:59:32.379+01:00 DEBUG 35076 --- [    Test worker] o.s.b.f.s.DefaultListableBeanFactory     : Creating shared instance of singleton bean 'jpaVendorAdapter'
2025-01-24T15:59:32.417+01:00 DEBUG 35076 --- [    Test worker] o.s.b.f.s.DefaultListableBeanFactory     : Autowiring by type from bean name 'entityManagerFactoryBuilder' via factory method to bean named 'jpaVendorAdapter'
2025-01-24T15:59:32.426+01:00 DEBUG 35076 --- [    Test worker] o.s.b.f.s.DefaultListableBeanFactory     : Creating shared instance of singleton bean 'persistenceManagedTypes'
2025-01-24T15:59:32.428+01:00 DEBUG 35076 --- [    Test worker] o.s.b.f.s.DefaultListableBeanFactory     : Autowiring by type from bean name 'persistenceManagedTypes' via factory method to bean named 'org.springframework.beans.factory.support.DefaultListableBeanFactory@398694a6'
2025-01-24T15:59:32.428+01:00 DEBUG 35076 --- [    Test worker] o.s.b.f.s.DefaultListableBeanFactory     : Autowiring by type from bean name 'persistenceManagedTypes' via factory method to bean named 'org.springframework.context.annotation.AnnotationConfigApplicationContext@2c6927f0'
2025-01-24T15:59:32.447+01:00 DEBUG 35076 --- [    Test worker] o.s.b.f.s.DefaultListableBeanFactory     : Autowiring by type from bean name 'entityManagerFactory' via factory method to bean named 'entityManagerFactoryBuilder'
2025-01-24T15:59:32.447+01:00 DEBUG 35076 --- [    Test worker] o.s.b.f.s.DefaultListableBeanFactory     : Autowiring by type from bean name 'entityManagerFactory' via factory method to bean named 'persistenceManagedTypes'
2025-01-24T15:59:32.503+01:00 DEBUG 35076 --- [    Test worker] j.LocalContainerEntityManagerFactoryBean : Building JPA container EntityManagerFactory for persistence unit 'default'
2025-01-24T15:59:32.553+01:00 DEBUG 35076 --- [    Test worker] o.hibernate.jpa.internal.util.LogHelper  : PersistenceUnitInfo [
	name: default
	persistence provider classname: null
	classloader: jdk.internal.loader.ClassLoaders$AppClassLoader@5a07e868
	excludeUnlistedClasses: true
	JTA datasource: null
	Non JTA datasource: HikariDataSource (HikariPool-1)
	Transaction type: RESOURCE_LOCAL
	PU root URL: file:/C:/Users/svenv/Desktop/workspace/blue-harvest/build/classes/java/test/
	Shared Cache Mode: UNSPECIFIED
	Validation Mode: AUTO
	Jar files URLs []
	Managed classes names [
		com.blueharvest.spi.Account
		com.blueharvest.spi.Transaction
		com.blueharvest.spi.User]
	Mapping files names []
	Properties []
2025-01-24T15:59:32.589+01:00 DEBUG 35076 --- [    Test worker] o.h.i.internal.IntegratorServiceImpl     : Adding Integrator [org.hibernate.boot.beanvalidation.BeanValidationIntegrator].
2025-01-24T15:59:32.594+01:00 DEBUG 35076 --- [    Test worker] o.h.i.internal.IntegratorServiceImpl     : Adding Integrator [org.hibernate.cache.internal.CollectionCacheInvalidator].
2025-01-24T15:59:32.741+01:00  INFO 35076 --- [    Test worker] org.hibernate.Version                    : HHH000412: Hibernate ORM core version 6.5.3.Final
2025-01-24T15:59:32.745+01:00 DEBUG 35076 --- [    Test worker] org.hibernate.cfg.Environment            : HHH000206: 'hibernate.properties' not found
2025-01-24T15:59:32.813+01:00 DEBUG 35076 --- [    Test worker] org.hibernate.orm.idgen.factory          : Registering IdentifierGenerator strategy [uuid2] -> [org.hibernate.id.UUIDGenerator]
2025-01-24T15:59:32.814+01:00 DEBUG 35076 --- [    Test worker] org.hibernate.orm.idgen.factory          : Registering IdentifierGenerator strategy [guid] -> [org.hibernate.id.GUIDGenerator]
2025-01-24T15:59:32.817+01:00 DEBUG 35076 --- [    Test worker] org.hibernate.orm.idgen.factory          : Registering IdentifierGenerator strategy [uuid] -> [org.hibernate.id.UUIDHexGenerator]
2025-01-24T15:59:32.818+01:00 DEBUG 35076 --- [    Test worker] org.hibernate.orm.idgen.factory          : Registering IdentifierGenerator strategy [uuid.hex] -> [org.hibernate.id.UUIDHexGenerator]
2025-01-24T15:59:32.819+01:00 DEBUG 35076 --- [    Test worker] org.hibernate.orm.idgen.factory          : Registering IdentifierGenerator strategy [assigned] -> [org.hibernate.id.Assigned]
2025-01-24T15:59:32.824+01:00 DEBUG 35076 --- [    Test worker] org.hibernate.orm.idgen.factory          : Registering IdentifierGenerator strategy [identity] -> [org.hibernate.id.IdentityGenerator]
2025-01-24T15:59:32.825+01:00 DEBUG 35076 --- [    Test worker] org.hibernate.orm.idgen.factory          : Registering IdentifierGenerator strategy [select] -> [org.hibernate.id.SelectGenerator]
2025-01-24T15:59:32.830+01:00 DEBUG 35076 --- [    Test worker] org.hibernate.orm.idgen.factory          : Registering IdentifierGenerator strategy [sequence] -> [org.hibernate.id.enhanced.SequenceStyleGenerator]
2025-01-24T15:59:32.833+01:00 DEBUG 35076 --- [    Test worker] org.hibernate.orm.idgen.factory          : Registering IdentifierGenerator strategy [increment] -> [org.hibernate.id.IncrementGenerator]
2025-01-24T15:59:32.835+01:00 DEBUG 35076 --- [    Test worker] org.hibernate.orm.idgen.factory          : Registering IdentifierGenerator strategy [foreign] -> [org.hibernate.id.ForeignGenerator]
2025-01-24T15:59:32.835+01:00 DEBUG 35076 --- [    Test worker] org.hibernate.orm.idgen.factory          : Registering IdentifierGenerator strategy [enhanced-sequence] -> [org.hibernate.id.enhanced.SequenceStyleGenerator]
2025-01-24T15:59:32.841+01:00 DEBUG 35076 --- [    Test worker] org.hibernate.orm.idgen.factory          : Registering IdentifierGenerator strategy [enhanced-table] -> [org.hibernate.id.enhanced.TableGenerator]
2025-01-24T15:59:32.858+01:00 DEBUG 35076 --- [    Test worker] o.h.c.internal.RegionFactoryInitiator    : Cannot default RegionFactory based on registered strategies as `[]` RegionFactory strategies were registered
2025-01-24T15:59:32.861+01:00  INFO 35076 --- [    Test worker] o.h.c.internal.RegionFactoryInitiator    : HHH000026: Second-level cache disabled
2025-01-24T15:59:33.101+01:00 DEBUG 35076 --- [    Test worker] org.hibernate.type.BasicTypeRegistry     : Adding type registration boolean -> org.hibernate.type.BasicTypeReference@59b782fa
2025-01-24T15:59:33.102+01:00 DEBUG 35076 --- [    Test worker] org.hibernate.type.BasicTypeRegistry     : Adding type registration boolean -> org.hibernate.type.BasicTypeReference@59b782fa
2025-01-24T15:59:33.102+01:00 DEBUG 35076 --- [    Test worker] org.hibernate.type.BasicTypeRegistry     : Adding type registration java.lang.Boolean -> org.hibernate.type.BasicTypeReference@59b782fa
2025-01-24T15:59:33.102+01:00 DEBUG 35076 --- [    Test worker] org.hibernate.type.BasicTypeRegistry     : Adding type registration numeric_boolean -> org.hibernate.type.BasicTypeReference@788890e9
2025-01-24T15:59:33.102+01:00 DEBUG 35076 --- [    Test worker] org.hibernate.type.BasicTypeRegistry     : Adding type registration org.hibernate.type.NumericBooleanConverter -> org.hibernate.type.BasicTypeReference@788890e9
2025-01-24T15:59:33.102+01:00 DEBUG 35076 --- [    Test worker] org.hibernate.type.BasicTypeRegistry     : Adding type registration true_false -> org.hibernate.type.BasicTypeReference@2132f68e
2025-01-24T15:59:33.103+01:00 DEBUG 35076 --- [    Test worker] org.hibernate.type.BasicTypeRegistry     : Adding type registration org.hibernate.type.TrueFalseConverter -> org.hibernate.type.BasicTypeReference@2132f68e
2025-01-24T15:59:33.103+01:00 DEBUG 35076 --- [    Test worker] org.hibernate.type.BasicTypeRegistry     : Adding type registration yes_no -> org.hibernate.type.BasicTypeReference@17d1b2a0
2025-01-24T15:59:33.103+01:00 DEBUG 35076 --- [    Test worker] org.hibernate.type.BasicTypeRegistry     : Adding type registration org.hibernate.type.YesNoConverter -> org.hibernate.type.BasicTypeReference@17d1b2a0
2025-01-24T15:59:33.104+01:00 DEBUG 35076 --- [    Test worker] org.hibernate.type.BasicTypeRegistry     : Adding type registration byte -> org.hibernate.type.BasicTypeReference@729452f2
2025-01-24T15:59:33.105+01:00 DEBUG 35076 --- [    Test worker] org.hibernate.type.BasicTypeRegistry     : Adding type registration byte -> org.hibernate.type.BasicTypeReference@729452f2
2025-01-24T15:59:33.107+01:00 DEBUG 35076 --- [    Test worker] org.hibernate.type.BasicTypeRegistry     : Adding type registration java.lang.Byte -> org.hibernate.type.BasicTypeReference@729452f2
2025-01-24T15:59:33.108+01:00 DEBUG 35076 --- [    Test worker] org.hibernate.type.BasicTypeRegistry     : Adding type registration binary -> org.hibernate.type.BasicTypeReference@4ea78b91
2025-01-24T15:59:33.109+01:00 DEBUG 35076 --- [    Test worker] org.hibernate.type.BasicTypeRegistry     : Adding type registration byte[] -> org.hibernate.type.BasicTypeReference@4ea78b91
2025-01-24T15:59:33.109+01:00 DEBUG 35076 --- [    Test worker] org.hibernate.type.BasicTypeRegistry     : Adding type registration [B -> org.hibernate.type.BasicTypeReference@4ea78b91
2025-01-24T15:59:33.110+01:00 DEBUG 35076 --- [    Test worker] org.hibernate.type.BasicTypeRegistry     : Adding type registration binary_wrapper -> org.hibernate.type.BasicTypeReference@7817824d
2025-01-24T15:59:33.110+01:00 DEBUG 35076 --- [    Test worker] org.hibernate.type.BasicTypeRegistry     : Adding type registration wrapper-binary -> org.hibernate.type.BasicTypeReference@7817824d
2025-01-24T15:59:33.111+01:00 DEBUG 35076 --- [    Test worker] org.hibernate.type.BasicTypeRegistry     : Adding type registration image -> org.hibernate.type.BasicTypeReference@62497b5d
2025-01-24T15:59:33.111+01:00 DEBUG 35076 --- [    Test worker] org.hibernate.type.BasicTypeRegistry     : Adding type registration blob -> org.hibernate.type.BasicTypeReference@329ab624
2025-01-24T15:59:33.112+01:00 DEBUG 35076 --- [    Test worker] org.hibernate.type.BasicTypeRegistry     : Adding type registration java.sql.Blob -> org.hibernate.type.BasicTypeReference@329ab624
2025-01-24T15:59:33.113+01:00 DEBUG 35076 --- [    Test worker] org.hibernate.type.BasicTypeRegistry     : Adding type registration materialized_blob -> org.hibernate.type.BasicTypeReference@401358e5
2025-01-24T15:59:33.114+01:00 DEBUG 35076 --- [    Test worker] org.hibernate.type.BasicTypeRegistry     : Adding type registration materialized_blob_wrapper -> org.hibernate.type.BasicTypeReference@4d2af40
2025-01-24T15:59:33.114+01:00 DEBUG 35076 --- [    Test worker] org.hibernate.type.BasicTypeRegistry     : Adding type registration short -> org.hibernate.type.BasicTypeReference@2d68af14
2025-01-24T15:59:33.115+01:00 DEBUG 35076 --- [    Test worker] org.hibernate.type.BasicTypeRegistry     : Adding type registration short -> org.hibernate.type.BasicTypeReference@2d68af14
2025-01-24T15:59:33.115+01:00 DEBUG 35076 --- [    Test worker] org.hibernate.type.BasicTypeRegistry     : Adding type registration java.lang.Short -> org.hibernate.type.BasicTypeReference@2d68af14
2025-01-24T15:59:33.115+01:00 DEBUG 35076 --- [    Test worker] org.hibernate.type.BasicTypeRegistry     : Adding type registration integer -> org.hibernate.type.BasicTypeReference@4a24170b
2025-01-24T15:59:33.116+01:00 DEBUG 35076 --- [    Test worker] org.hibernate.type.BasicTypeRegistry     : Adding type registration int -> org.hibernate.type.BasicTypeReference@4a24170b
2025-01-24T15:59:33.116+01:00 DEBUG 35076 --- [    Test worker] org.hibernate.type.BasicTypeRegistry     : Adding type registration java.lang.Integer -> org.hibernate.type.BasicTypeReference@4a24170b
2025-01-24T15:59:33.117+01:00 DEBUG 35076 --- [    Test worker] org.hibernate.type.BasicTypeRegistry     : Adding type registration long -> org.hibernate.type.BasicTypeReference@10aabada
2025-01-24T15:59:33.117+01:00 DEBUG 35076 --- [    Test worker] org.hibernate.type.BasicTypeRegistry     : Adding type registration long -> org.hibernate.type.BasicTypeReference@10aabada
2025-01-24T15:59:33.117+01:00 DEBUG 35076 --- [    Test worker] org.hibernate.type.BasicTypeRegistry     : Adding type registration java.lang.Long -> org.hibernate.type.BasicTypeReference@10aabada
2025-01-24T15:59:33.118+01:00 DEBUG 35076 --- [    Test worker] org.hibernate.type.BasicTypeRegistry     : Adding type registration float -> org.hibernate.type.BasicTypeReference@193bf20
2025-01-24T15:59:33.119+01:00 DEBUG 35076 --- [    Test worker] org.hibernate.type.BasicTypeRegistry     : Adding type registration float -> org.hibernate.type.BasicTypeReference@193bf20
2025-01-24T15:59:33.120+01:00 DEBUG 35076 --- [    Test worker] org.hibernate.type.BasicTypeRegistry     : Adding type registration java.lang.Float -> org.hibernate.type.BasicTypeReference@193bf20
2025-01-24T15:59:33.121+01:00 DEBUG 35076 --- [    Test worker] org.hibernate.type.BasicTypeRegistry     : Adding type registration double -> org.hibernate.type.BasicTypeReference@69ebb009
2025-01-24T15:59:33.123+01:00 DEBUG 35076 --- [    Test worker] org.hibernate.type.BasicTypeRegistry     : Adding type registration double -> org.hibernate.type.BasicTypeReference@69ebb009
2025-01-24T15:59:33.123+01:00 DEBUG 35076 --- [    Test worker] org.hibernate.type.BasicTypeRegistry     : Adding type registration java.lang.Double -> org.hibernate.type.BasicTypeReference@69ebb009
2025-01-24T15:59:33.125+01:00 DEBUG 35076 --- [    Test worker] org.hibernate.type.BasicTypeRegistry     : Adding type registration big_integer -> org.hibernate.type.BasicTypeReference@31d7e70
2025-01-24T15:59:33.125+01:00 DEBUG 35076 --- [    Test worker] org.hibernate.type.BasicTypeRegistry     : Adding type registration java.math.BigInteger -> org.hibernate.type.BasicTypeReference@31d7e70
2025-01-24T15:59:33.127+01:00 DEBUG 35076 --- [    Test worker] org.hibernate.type.BasicTypeRegistry     : Adding type registration big_decimal -> org.hibernate.type.BasicTypeReference@462478a3
2025-01-24T15:59:33.128+01:00 DEBUG 35076 --- [    Test worker] org.hibernate.type.BasicTypeRegistry     : Adding type registration java.math.BigDecimal -> org.hibernate.type.BasicTypeReference@462478a3
2025-01-24T15:59:33.129+01:00 DEBUG 35076 --- [    Test worker] org.hibernate.type.BasicTypeRegistry     : Adding type registration character -> org.hibernate.type.BasicTypeReference@5a52b5f8
2025-01-24T15:59:33.130+01:00 DEBUG 35076 --- [    Test worker] org.hibernate.type.BasicTypeRegistry     : Adding type registration char -> org.hibernate.type.BasicTypeReference@5a52b5f8
2025-01-24T15:59:33.130+01:00 DEBUG 35076 --- [    Test worker] org.hibernate.type.BasicTypeRegistry     : Adding type registration java.lang.Character -> org.hibernate.type.BasicTypeReference@5a52b5f8
2025-01-24T15:59:33.130+01:00 DEBUG 35076 --- [    Test worker] org.hibernate.type.BasicTypeRegistry     : Adding type registration character_nchar -> org.hibernate.type.BasicTypeReference@6e8d3d43
2025-01-24T15:59:33.131+01:00 DEBUG 35076 --- [    Test worker] org.hibernate.type.BasicTypeRegistry     : Adding type registration string -> org.hibernate.type.BasicTypeReference@60b201c
2025-01-24T15:59:33.132+01:00 DEBUG 35076 --- [    Test worker] org.hibernate.type.BasicTypeRegistry     : Adding type registration java.lang.String -> org.hibernate.type.BasicTypeReference@60b201c
2025-01-24T15:59:33.132+01:00 DEBUG 35076 --- [    Test worker] org.hibernate.type.BasicTypeRegistry     : Adding type registration nstring -> org.hibernate.type.BasicTypeReference@630fa11e
2025-01-24T15:59:33.133+01:00 DEBUG 35076 --- [    Test worker] org.hibernate.type.BasicTypeRegistry     : Adding type registration characters -> org.hibernate.type.BasicTypeReference@2cbd35f2
2025-01-24T15:59:33.133+01:00 DEBUG 35076 --- [    Test worker] org.hibernate.type.BasicTypeRegistry     : Adding type registration char[] -> org.hibernate.type.BasicTypeReference@2cbd35f2
2025-01-24T15:59:33.134+01:00 DEBUG 35076 --- [    Test worker] org.hibernate.type.BasicTypeRegistry     : Adding type registration [C -> org.hibernate.type.BasicTypeReference@2cbd35f2
2025-01-24T15:59:33.134+01:00 DEBUG 35076 --- [    Test worker] org.hibernate.type.BasicTypeRegistry     : Adding type registration wrapper-characters -> org.hibernate.type.BasicTypeReference@2bdd6203
2025-01-24T15:59:33.135+01:00 DEBUG 35076 --- [    Test worker] org.hibernate.type.BasicTypeRegistry     : Adding type registration text -> org.hibernate.type.BasicTypeReference@7489bca4
2025-01-24T15:59:33.135+01:00 DEBUG 35076 --- [    Test worker] org.hibernate.type.BasicTypeRegistry     : Adding type registration ntext -> org.hibernate.type.BasicTypeReference@6a10f47a
2025-01-24T15:59:33.136+01:00 DEBUG 35076 --- [    Test worker] org.hibernate.type.BasicTypeRegistry     : Adding type registration clob -> org.hibernate.type.BasicTypeReference@2f474e6f
2025-01-24T15:59:33.137+01:00 DEBUG 35076 --- [    Test worker] org.hibernate.type.BasicTypeRegistry     : Adding type registration java.sql.Clob -> org.hibernate.type.BasicTypeReference@2f474e6f
2025-01-24T15:59:33.138+01:00 DEBUG 35076 --- [    Test worker] org.hibernate.type.BasicTypeRegistry     : Adding type registration nclob -> org.hibernate.type.BasicTypeReference@6fcafcfe
2025-01-24T15:59:33.141+01:00 DEBUG 35076 --- [    Test worker] org.hibernate.type.BasicTypeRegistry     : Adding type registration java.sql.NClob -> org.hibernate.type.BasicTypeReference@6fcafcfe
2025-01-24T15:59:33.142+01:00 DEBUG 35076 --- [    Test worker] org.hibernate.type.BasicTypeRegistry     : Adding type registration materialized_clob -> org.hibernate.type.BasicTypeReference@561f013f
2025-01-24T15:59:33.143+01:00 DEBUG 35076 --- [    Test worker] org.hibernate.type.BasicTypeRegistry     : Adding type registration materialized_clob_char_array -> org.hibernate.type.BasicTypeReference@3b418ca2
2025-01-24T15:59:33.144+01:00 DEBUG 35076 --- [    Test worker] org.hibernate.type.BasicTypeRegistry     : Adding type registration materialized_clob_character_array -> org.hibernate.type.BasicTypeReference@2e608993
2025-01-24T15:59:33.145+01:00 DEBUG 35076 --- [    Test worker] org.hibernate.type.BasicTypeRegistry     : Adding type registration materialized_nclob -> org.hibernate.type.BasicTypeReference@1675adad
2025-01-24T15:59:33.146+01:00 DEBUG 35076 --- [    Test worker] org.hibernate.type.BasicTypeRegistry     : Adding type registration materialized_nclob_character_array -> org.hibernate.type.BasicTypeReference@384d40a5
2025-01-24T15:59:33.147+01:00 DEBUG 35076 --- [    Test worker] org.hibernate.type.BasicTypeRegistry     : Adding type registration materialized_nclob_char_array -> org.hibernate.type.BasicTypeReference@f5eff92
2025-01-24T15:59:33.147+01:00 DEBUG 35076 --- [    Test worker] org.hibernate.type.BasicTypeRegistry     : Adding type registration Duration -> org.hibernate.type.BasicTypeReference@2558c3fb
2025-01-24T15:59:33.149+01:00 DEBUG 35076 --- [    Test worker] org.hibernate.type.BasicTypeRegistry     : Adding type registration java.time.Duration -> org.hibernate.type.BasicTypeReference@2558c3fb
2025-01-24T15:59:33.151+01:00 DEBUG 35076 --- [    Test worker] org.hibernate.type.BasicTypeRegistry     : Adding type registration LocalDateTime -> org.hibernate.type.BasicTypeReference@1efb1a38
2025-01-24T15:59:33.152+01:00 DEBUG 35076 --- [    Test worker] org.hibernate.type.BasicTypeRegistry     : Adding type registration java.time.LocalDateTime -> org.hibernate.type.BasicTypeReference@1efb1a38
2025-01-24T15:59:33.153+01:00 DEBUG 35076 --- [    Test worker] org.hibernate.type.BasicTypeRegistry     : Adding type registration LocalDate -> org.hibernate.type.BasicTypeReference@4ce1292a
2025-01-24T15:59:33.154+01:00 DEBUG 35076 --- [    Test worker] org.hibernate.type.BasicTypeRegistry     : Adding type registration java.time.LocalDate -> org.hibernate.type.BasicTypeReference@4ce1292a
2025-01-24T15:59:33.155+01:00 DEBUG 35076 --- [    Test worker] org.hibernate.type.BasicTypeRegistry     : Adding type registration LocalTime -> org.hibernate.type.BasicTypeReference@34bbfd4b
2025-01-24T15:59:33.155+01:00 DEBUG 35076 --- [    Test worker] org.hibernate.type.BasicTypeRegistry     : Adding type registration java.time.LocalTime -> org.hibernate.type.BasicTypeReference@34bbfd4b
2025-01-24T15:59:33.156+01:00 DEBUG 35076 --- [    Test worker] org.hibernate.type.BasicTypeRegistry     : Adding type registration OffsetDateTime -> org.hibernate.type.BasicTypeReference@571fa73c
2025-01-24T15:59:33.157+01:00 DEBUG 35076 --- [    Test worker] org.hibernate.type.BasicTypeRegistry     : Adding type registration java.time.OffsetDateTime -> org.hibernate.type.BasicTypeReference@571fa73c
2025-01-24T15:59:33.157+01:00 DEBUG 35076 --- [    Test worker] org.hibernate.type.BasicTypeRegistry     : Adding type registration OffsetDateTimeWithTimezone -> org.hibernate.type.BasicTypeReference@11734d3d
2025-01-24T15:59:33.157+01:00 DEBUG 35076 --- [    Test worker] org.hibernate.type.BasicTypeRegistry     : Adding type registration OffsetDateTimeWithoutTimezone -> org.hibernate.type.BasicTypeReference@541e8e40
2025-01-24T15:59:33.158+01:00 DEBUG 35076 --- [    Test worker] org.hibernate.type.BasicTypeRegistry     : Adding type registration OffsetTime -> org.hibernate.type.BasicTypeReference@3fa4702d
2025-01-24T15:59:33.158+01:00 DEBUG 35076 --- [    Test worker] org.hibernate.type.BasicTypeRegistry     : Adding type registration java.time.OffsetTime -> org.hibernate.type.BasicTypeReference@3fa4702d
2025-01-24T15:59:33.159+01:00 DEBUG 35076 --- [    Test worker] org.hibernate.type.BasicTypeRegistry     : Adding type registration OffsetTimeUtc -> org.hibernate.type.BasicTypeReference@15a806a2
2025-01-24T15:59:33.160+01:00 DEBUG 35076 --- [    Test worker] org.hibernate.type.BasicTypeRegistry     : Adding type registration OffsetTimeWithTimezone -> org.hibernate.type.BasicTypeReference@1eb9ab8f
2025-01-24T15:59:33.160+01:00 DEBUG 35076 --- [    Test worker] org.hibernate.type.BasicTypeRegistry     : Adding type registration OffsetTimeWithoutTimezone -> org.hibernate.type.BasicTypeReference@3e755a96
2025-01-24T15:59:33.160+01:00 DEBUG 35076 --- [    Test worker] org.hibernate.type.BasicTypeRegistry     : Adding type registration ZonedDateTime -> org.hibernate.type.BasicTypeReference@22cc606d
2025-01-24T15:59:33.161+01:00 DEBUG 35076 --- [    Test worker] org.hibernate.type.BasicTypeRegistry     : Adding type registration java.time.ZonedDateTime -> org.hibernate.type.BasicTypeReference@22cc606d
2025-01-24T15:59:33.162+01:00 DEBUG 35076 --- [    Test worker] org.hibernate.type.BasicTypeRegistry     : Adding type registration ZonedDateTimeWithTimezone -> org.hibernate.type.BasicTypeReference@7784ff80
2025-01-24T15:59:33.163+01:00 DEBUG 35076 --- [    Test worker] org.hibernate.type.BasicTypeRegistry     : Adding type registration ZonedDateTimeWithoutTimezone -> org.hibernate.type.BasicTypeReference@2432c72c
2025-01-24T15:59:33.164+01:00 DEBUG 35076 --- [    Test worker] org.hibernate.type.BasicTypeRegistry     : Adding type registration date -> org.hibernate.type.BasicTypeReference@300788d6
2025-01-24T15:59:33.164+01:00 DEBUG 35076 --- [    Test worker] org.hibernate.type.BasicTypeRegistry     : Adding type registration java.sql.Date -> org.hibernate.type.BasicTypeReference@300788d6
2025-01-24T15:59:33.165+01:00 DEBUG 35076 --- [    Test worker] org.hibernate.type.BasicTypeRegistry     : Adding type registration time -> org.hibernate.type.BasicTypeReference@710959b3
2025-01-24T15:59:33.165+01:00 DEBUG 35076 --- [    Test worker] org.hibernate.type.BasicTypeRegistry     : Adding type registration java.sql.Time -> org.hibernate.type.BasicTypeReference@710959b3
2025-01-24T15:59:33.166+01:00 DEBUG 35076 --- [    Test worker] org.hibernate.type.BasicTypeRegistry     : Adding type registration timestamp -> org.hibernate.type.BasicTypeReference@2121d0ed
2025-01-24T15:59:33.166+01:00 DEBUG 35076 --- [    Test worker] org.hibernate.type.BasicTypeRegistry     : Adding type registration java.sql.Timestamp -> org.hibernate.type.BasicTypeReference@2121d0ed
2025-01-24T15:59:33.166+01:00 DEBUG 35076 --- [    Test worker] org.hibernate.type.BasicTypeRegistry     : Adding type registration java.util.Date -> org.hibernate.type.BasicTypeReference@2121d0ed
2025-01-24T15:59:33.167+01:00 DEBUG 35076 --- [    Test worker] org.hibernate.type.BasicTypeRegistry     : Adding type registration calendar -> org.hibernate.type.BasicTypeReference@13987842
2025-01-24T15:59:33.167+01:00 DEBUG 35076 --- [    Test worker] org.hibernate.type.BasicTypeRegistry     : Adding type registration java.util.Calendar -> org.hibernate.type.BasicTypeReference@13987842
2025-01-24T15:59:33.171+01:00 DEBUG 35076 --- [    Test worker] org.hibernate.type.BasicTypeRegistry     : Adding type registration java.util.GregorianCalendar -> org.hibernate.type.BasicTypeReference@13987842
2025-01-24T15:59:33.171+01:00 DEBUG 35076 --- [    Test worker] org.hibernate.type.BasicTypeRegistry     : Adding type registration calendar_date -> org.hibernate.type.BasicTypeReference@24aa1547
2025-01-24T15:59:33.172+01:00 DEBUG 35076 --- [    Test worker] org.hibernate.type.BasicTypeRegistry     : Adding type registration calendar_time -> org.hibernate.type.BasicTypeReference@b230f87
2025-01-24T15:59:33.173+01:00 DEBUG 35076 --- [    Test worker] org.hibernate.type.BasicTypeRegistry     : Adding type registration instant -> org.hibernate.type.BasicTypeReference@5b293cc9
2025-01-24T15:59:33.175+01:00 DEBUG 35076 --- [    Test worker] org.hibernate.type.BasicTypeRegistry     : Adding type registration java.time.Instant -> org.hibernate.type.BasicTypeReference@5b293cc9
2025-01-24T15:59:33.176+01:00 DEBUG 35076 --- [    Test worker] org.hibernate.type.BasicTypeRegistry     : Adding type registration uuid -> org.hibernate.type.BasicTypeReference@6c551798
2025-01-24T15:59:33.177+01:00 DEBUG 35076 --- [    Test worker] org.hibernate.type.BasicTypeRegistry     : Adding type registration java.util.UUID -> org.hibernate.type.BasicTypeReference@6c551798
2025-01-24T15:59:33.178+01:00 DEBUG 35076 --- [    Test worker] org.hibernate.type.BasicTypeRegistry     : Adding type registration pg-uuid -> org.hibernate.type.BasicTypeReference@6c551798
2025-01-24T15:59:33.179+01:00 DEBUG 35076 --- [    Test worker] org.hibernate.type.BasicTypeRegistry     : Adding type registration uuid-binary -> org.hibernate.type.BasicTypeReference@18212778
2025-01-24T15:59:33.180+01:00 DEBUG 35076 --- [    Test worker] org.hibernate.type.BasicTypeRegistry     : Adding type registration uuid-char -> org.hibernate.type.BasicTypeReference@b6d5ccc
2025-01-24T15:59:33.180+01:00 DEBUG 35076 --- [    Test worker] org.hibernate.type.BasicTypeRegistry     : Adding type registration class -> org.hibernate.type.BasicTypeReference@19b0f61c
2025-01-24T15:59:33.181+01:00 DEBUG 35076 --- [    Test worker] org.hibernate.type.BasicTypeRegistry     : Adding type registration java.lang.Class -> org.hibernate.type.BasicTypeReference@19b0f61c
2025-01-24T15:59:33.182+01:00 DEBUG 35076 --- [    Test worker] org.hibernate.type.BasicTypeRegistry     : Adding type registration currency -> org.hibernate.type.BasicTypeReference@5d1ddb65
2025-01-24T15:59:33.183+01:00 DEBUG 35076 --- [    Test worker] org.hibernate.type.BasicTypeRegistry     : Adding type registration Currency -> org.hibernate.type.BasicTypeReference@5d1ddb65
2025-01-24T15:59:33.185+01:00 DEBUG 35076 --- [    Test worker] org.hibernate.type.BasicTypeRegistry     : Adding type registration java.util.Currency -> org.hibernate.type.BasicTypeReference@5d1ddb65
2025-01-24T15:59:33.186+01:00 DEBUG 35076 --- [    Test worker] org.hibernate.type.BasicTypeRegistry     : Adding type registration locale -> org.hibernate.type.BasicTypeReference@4c963d59
2025-01-24T15:59:33.188+01:00 DEBUG 35076 --- [    Test worker] org.hibernate.type.BasicTypeRegistry     : Adding type registration java.util.Locale -> org.hibernate.type.BasicTypeReference@4c963d59
2025-01-24T15:59:33.189+01:00 DEBUG 35076 --- [    Test worker] org.hibernate.type.BasicTypeRegistry     : Adding type registration serializable -> org.hibernate.type.BasicTypeReference@2dfc833b
2025-01-24T15:59:33.189+01:00 DEBUG 35076 --- [    Test worker] org.hibernate.type.BasicTypeRegistry     : Adding type registration java.io.Serializable -> org.hibernate.type.BasicTypeReference@2dfc833b
2025-01-24T15:59:33.190+01:00 DEBUG 35076 --- [    Test worker] org.hibernate.type.BasicTypeRegistry     : Adding type registration timezone -> org.hibernate.type.BasicTypeReference@33e2808e
2025-01-24T15:59:33.190+01:00 DEBUG 35076 --- [    Test worker] org.hibernate.type.BasicTypeRegistry     : Adding type registration java.util.TimeZone -> org.hibernate.type.BasicTypeReference@33e2808e
2025-01-24T15:59:33.190+01:00 DEBUG 35076 --- [    Test worker] org.hibernate.type.BasicTypeRegistry     : Adding type registration ZoneOffset -> org.hibernate.type.BasicTypeReference@17a364
2025-01-24T15:59:33.190+01:00 DEBUG 35076 --- [    Test worker] org.hibernate.type.BasicTypeRegistry     : Adding type registration java.time.ZoneOffset -> org.hibernate.type.BasicTypeReference@17a364
2025-01-24T15:59:33.191+01:00 DEBUG 35076 --- [    Test worker] org.hibernate.type.BasicTypeRegistry     : Adding type registration url -> org.hibernate.type.BasicTypeReference@7d963aca
2025-01-24T15:59:33.191+01:00 DEBUG 35076 --- [    Test worker] org.hibernate.type.BasicTypeRegistry     : Adding type registration java.net.URL -> org.hibernate.type.BasicTypeReference@7d963aca
2025-01-24T15:59:33.191+01:00 DEBUG 35076 --- [    Test worker] org.hibernate.type.BasicTypeRegistry     : Adding type registration vector -> org.hibernate.type.BasicTypeReference@343a8b18
2025-01-24T15:59:33.191+01:00 DEBUG 35076 --- [    Test worker] org.hibernate.type.BasicTypeRegistry     : Adding type registration row_version -> org.hibernate.type.BasicTypeReference@137b9be1
2025-01-24T15:59:33.208+01:00 DEBUG 35076 --- [    Test worker] org.hibernate.type.BasicTypeRegistry     : Adding type registration object -> org.hibernate.type.JavaObjectType@562a4bac
2025-01-24T15:59:33.209+01:00 DEBUG 35076 --- [    Test worker] org.hibernate.type.BasicTypeRegistry     : Adding type registration java.lang.Object -> org.hibernate.type.JavaObjectType@562a4bac
2025-01-24T15:59:33.212+01:00 DEBUG 35076 --- [    Test worker] org.hibernate.type.BasicTypeRegistry     : Adding type registration null -> org.hibernate.type.NullType@313d5a87
2025-01-24T15:59:33.212+01:00 DEBUG 35076 --- [    Test worker] org.hibernate.type.BasicTypeRegistry     : Adding type registration imm_date -> org.hibernate.type.BasicTypeReference@5f50f63e
2025-01-24T15:59:33.213+01:00 DEBUG 35076 --- [    Test worker] org.hibernate.type.BasicTypeRegistry     : Adding type registration imm_time -> org.hibernate.type.BasicTypeReference@24338110
2025-01-24T15:59:33.213+01:00 DEBUG 35076 --- [    Test worker] org.hibernate.type.BasicTypeRegistry     : Adding type registration imm_timestamp -> org.hibernate.type.BasicTypeReference@69e87cbe
2025-01-24T15:59:33.213+01:00 DEBUG 35076 --- [    Test worker] org.hibernate.type.BasicTypeRegistry     : Adding type registration imm_calendar -> org.hibernate.type.BasicTypeReference@32daea66
2025-01-24T15:59:33.213+01:00 DEBUG 35076 --- [    Test worker] org.hibernate.type.BasicTypeRegistry     : Adding type registration imm_calendar_date -> org.hibernate.type.BasicTypeReference@6ae30b05
2025-01-24T15:59:33.214+01:00 DEBUG 35076 --- [    Test worker] org.hibernate.type.BasicTypeRegistry     : Adding type registration imm_calendar_time -> org.hibernate.type.BasicTypeReference@52602c48
2025-01-24T15:59:33.214+01:00 DEBUG 35076 --- [    Test worker] org.hibernate.type.BasicTypeRegistry     : Adding type registration imm_binary -> org.hibernate.type.BasicTypeReference@78c7a736
2025-01-24T15:59:33.214+01:00 DEBUG 35076 --- [    Test worker] org.hibernate.type.BasicTypeRegistry     : Adding type registration imm_serializable -> org.hibernate.type.BasicTypeReference@1dabeb92
2025-01-24T15:59:33.226+01:00 DEBUG 35076 --- [    Test worker] o.h.boot.internal.BootstrapContextImpl   : Injecting JPA temp ClassLoader [org.springframework.instrument.classloading.SimpleThrowawayClassLoader@4fdc1a37] into BootstrapContext; was [null]
2025-01-24T15:59:33.227+01:00 DEBUG 35076 --- [    Test worker] o.h.boot.internal.ClassLoaderAccessImpl  : ClassLoaderAccessImpl#injectTempClassLoader(org.springframework.instrument.classloading.SimpleThrowawayClassLoader@4fdc1a37) [was null]
2025-01-24T15:59:33.228+01:00 DEBUG 35076 --- [    Test worker] o.h.boot.internal.BootstrapContextImpl   : Injecting ScanEnvironment [org.hibernate.jpa.boot.internal.StandardJpaScanEnvironmentImpl@57bbf4e5] into BootstrapContext; was [null]
2025-01-24T15:59:33.228+01:00 DEBUG 35076 --- [    Test worker] o.h.boot.internal.BootstrapContextImpl   : Injecting ScanOptions [org.hibernate.boot.archive.scan.internal.StandardScanOptions@105b12e7] into BootstrapContext; was [org.hibernate.boot.archive.scan.internal.StandardScanOptions@6b54dbd8]
2025-01-24T15:59:33.820+01:00  INFO 35076 --- [    Test worker] o.s.o.j.p.SpringPersistenceUnitInfo      : No LoadTimeWeaver setup: ignoring JPA class transformer
2025-01-24T15:59:33.820+01:00 DEBUG 35076 --- [    Test worker] o.h.boot.internal.BootstrapContextImpl   : Injecting JPA temp ClassLoader [null] into BootstrapContext; was [org.springframework.instrument.classloading.SimpleThrowawayClassLoader@4fdc1a37]
2025-01-24T15:59:33.821+01:00 DEBUG 35076 --- [    Test worker] o.h.boot.internal.ClassLoaderAccessImpl  : ClassLoaderAccessImpl#injectTempClassLoader(null) [was org.springframework.instrument.classloading.SimpleThrowawayClassLoader@4fdc1a37]
2025-01-24T15:59:33.894+01:00 DEBUG 35076 --- [    Test worker] o.h.e.j.e.i.JdbcEnvironmentInitiator     : Database ->
	   name : H2
	version : 2.3.232 (2024-08-11)
	  major : 2
	  minor : 3
2025-01-24T15:59:33.894+01:00 DEBUG 35076 --- [    Test worker] o.h.e.j.e.i.JdbcEnvironmentInitiator     : Driver ->
	   name : H2 JDBC Driver
	version : 2.3.232 (2024-08-11)
	  major : 2
	  minor : 3
2025-01-24T15:59:33.895+01:00 DEBUG 35076 --- [    Test worker] o.h.e.j.e.i.JdbcEnvironmentInitiator     : JDBC version : 4.3
2025-01-24T15:59:33.937+01:00  WARN 35076 --- [    Test worker] org.hibernate.orm.deprecation            : HHH90000025: H2Dialect does not need to be specified explicitly using 'hibernate.dialect' (remove the property setting and it will be selected by default)
2025-01-24T15:59:33.940+01:00 DEBUG 35076 --- [    Test worker] org.hibernate.orm.dialect                : HHH035001: Using dialect: org.hibernate.dialect.H2Dialect, version: 2.3.232
2025-01-24T15:59:33.948+01:00 DEBUG 35076 --- [    Test worker] o.h.e.j.env.spi.IdentifierHelperBuilder  : JDBC driver metadata reported database stores quoted identifiers in neither upper, lower nor mixed case
2025-01-24T15:59:33.984+01:00 DEBUG 35076 --- [    Test worker] o.h.t.d.jdbc.spi.JdbcTypeRegistry        : addDescriptor(NCharTypeDescriptor) replaced previous registration(CharTypeDescriptor)
2025-01-24T15:59:33.984+01:00 DEBUG 35076 --- [    Test worker] o.h.t.d.jdbc.spi.JdbcTypeRegistry        : addDescriptor(NVarcharTypeDescriptor) replaced previous registration(VarcharTypeDescriptor)
2025-01-24T15:59:33.986+01:00 DEBUG 35076 --- [    Test worker] o.h.t.d.jdbc.spi.JdbcTypeRegistry        : addDescriptor(LongNVarcharTypeDescriptor) replaced previous registration(LongVarcharTypeDescriptor)
2025-01-24T15:59:33.991+01:00 DEBUG 35076 --- [    Test worker] o.h.t.d.jdbc.spi.JdbcTypeRegistry        : addDescriptor(NClobTypeDescriptor(DEFAULT)) replaced previous registration(ClobTypeDescriptor(DEFAULT))
2025-01-24T15:59:33.992+01:00 DEBUG 35076 --- [    Test worker] o.h.t.d.jdbc.spi.JdbcTypeRegistry        : addDescriptor(2005, ClobTypeDescriptor(STREAM_BINDING)) replaced previous registration(ClobTypeDescriptor(DEFAULT))
2025-01-24T15:59:33.995+01:00 DEBUG 35076 --- [    Test worker] o.h.t.d.jdbc.spi.JdbcTypeRegistry        : addDescriptor(TimestampUtcDescriptor) replaced previous registration(TimestampUtcDescriptor)
2025-01-24T15:59:34.009+01:00 DEBUG 35076 --- [    Test worker] org.hibernate.type.BasicTypeRegistry     : Adding type registration org.hibernate.type.DurationType -> basicType@1(java.time.Duration,3015)
2025-01-24T15:59:34.009+01:00 DEBUG 35076 --- [    Test worker] org.hibernate.type.BasicTypeRegistry     : Adding type registration Duration -> basicType@1(java.time.Duration,3015)
2025-01-24T15:59:34.009+01:00 DEBUG 35076 --- [    Test worker] org.hibernate.type.BasicTypeRegistry     : Adding type registration java.time.Duration -> basicType@1(java.time.Duration,3015)
2025-01-24T15:59:34.020+01:00 DEBUG 35076 --- [    Test worker] o.h.type.spi.TypeConfiguration$Scope     : Scoping TypeConfiguration [org.hibernate.type.spi.TypeConfiguration@209c0be5] to MetadataBuildingContext [org.hibernate.boot.internal.MetadataBuildingContextRootImpl@4ef69c53]
2025-01-24T15:59:34.122+01:00 DEBUG 35076 --- [    Test worker] o.h.boot.model.relational.Namespace      : Created database namespace [logicalName=Name{catalog=null, schema=null}, physicalName=Name{catalog=null, schema=null}]
2025-01-24T15:59:34.184+01:00 DEBUG 35076 --- [    Test worker] o.h.boot.model.internal.EntityBinder     : Binding entity from annotated class: com.blueharvest.spi.Account
2025-01-24T15:59:34.200+01:00 DEBUG 35076 --- [    Test worker] o.h.boot.model.internal.EntityBinder     : Import with entity name Account
2025-01-24T15:59:34.219+01:00 DEBUG 35076 --- [    Test worker] o.h.boot.model.internal.EntityBinder     : Bind entity com.blueharvest.spi.Account on table account
2025-01-24T15:59:34.245+01:00 DEBUG 35076 --- [    Test worker] o.h.boot.model.internal.AnnotatedColumn  : Binding column: AnnotatedDiscriminatorColumn(column='DTYPE')
2025-01-24T15:59:34.293+01:00 DEBUG 35076 --- [    Test worker] o.h.boot.model.internal.AnnotatedColumn  : Binding column: AnnotatedColumn()
2025-01-24T15:59:34.295+01:00 DEBUG 35076 --- [    Test worker] o.h.boot.internal.ClassLoaderAccessImpl  : Not known whether passed class name [com.blueharvest.spi.Account] is safe
2025-01-24T15:59:34.295+01:00 DEBUG 35076 --- [    Test worker] o.h.boot.internal.ClassLoaderAccessImpl  : No temp ClassLoader provided; using live ClassLoader for loading potentially unsafe class : com.blueharvest.spi.Account
2025-01-24T15:59:34.303+01:00 DEBUG 35076 --- [    Test worker] o.h.boot.model.internal.PropertyBinder   : MetadataSourceProcessor property accountId with lazy=false
2025-01-24T15:59:34.314+01:00 DEBUG 35076 --- [    Test worker] o.h.b.m.internal.AbstractPropertyHolder  : Attempting to locate auto-apply AttributeConverter for property [com.blueharvest.spi.Account:accountId]
2025-01-24T15:59:34.324+01:00 DEBUG 35076 --- [    Test worker] o.h.b.model.internal.BasicValueBinder    : building BasicValue for accountId
2025-01-24T15:59:34.329+01:00 DEBUG 35076 --- [    Test worker] org.hibernate.mapping.BasicValue         : Skipping column re-registration: account.account_id
2025-01-24T15:59:34.348+01:00 DEBUG 35076 --- [    Test worker] o.h.boot.model.internal.PropertyBinder   : Building property accountId
2025-01-24T15:59:34.356+01:00 DEBUG 35076 --- [    Test worker] o.h.boot.model.internal.BinderHelper     : #makeIdGenerator(BasicValue([Column(account_id)]), accountId, org.hibernate.id.UUIDGenerator, , ...)
2025-01-24T15:59:34.357+01:00 DEBUG 35076 --- [    Test worker] o.h.boot.model.internal.AnnotatedColumn  : Binding column: AnnotatedColumn()
2025-01-24T15:59:34.358+01:00 DEBUG 35076 --- [    Test worker] o.h.boot.model.internal.PropertyBinder   : MetadataSourceProcessor property balance with lazy=false
2025-01-24T15:59:34.358+01:00 DEBUG 35076 --- [    Test worker] o.h.b.m.internal.AbstractPropertyHolder  : Attempting to locate auto-apply AttributeConverter for property [com.blueharvest.spi.Account:balance]
2025-01-24T15:59:34.358+01:00 DEBUG 35076 --- [    Test worker] o.h.b.model.internal.BasicValueBinder    : building BasicValue for balance
2025-01-24T15:59:34.358+01:00 DEBUG 35076 --- [    Test worker] org.hibernate.mapping.BasicValue         : Skipping column re-registration: account.balance
2025-01-24T15:59:34.359+01:00 DEBUG 35076 --- [    Test worker] o.h.boot.model.internal.PropertyBinder   : Building property balance
2025-01-24T15:59:34.360+01:00 DEBUG 35076 --- [    Test worker] o.h.boot.model.internal.AnnotatedColumn  : Binding column: AnnotatedColumn()
2025-01-24T15:59:34.360+01:00 DEBUG 35076 --- [    Test worker] o.h.boot.model.internal.PropertyBinder   : MetadataSourceProcessor property name with lazy=false
2025-01-24T15:59:34.361+01:00 DEBUG 35076 --- [    Test worker] o.h.b.m.internal.AbstractPropertyHolder  : Attempting to locate auto-apply AttributeConverter for property [com.blueharvest.spi.Account:name]
2025-01-24T15:59:34.361+01:00 DEBUG 35076 --- [    Test worker] o.h.b.model.internal.BasicValueBinder    : building BasicValue for name
2025-01-24T15:59:34.362+01:00 DEBUG 35076 --- [    Test worker] org.hibernate.mapping.BasicValue         : Skipping column re-registration: account.name
2025-01-24T15:59:34.362+01:00 DEBUG 35076 --- [    Test worker] o.h.boot.model.internal.PropertyBinder   : Building property name
2025-01-24T15:59:34.368+01:00 DEBUG 35076 --- [    Test worker] o.h.boot.model.internal.AnnotatedColumn  : Binding column: AnnotatedJoinColumn(column='account_id')
2025-01-24T15:59:34.368+01:00 DEBUG 35076 --- [    Test worker] o.h.boot.model.internal.AnnotatedColumn  : Binding column: AnnotatedColumn()
2025-01-24T15:59:34.396+01:00 DEBUG 35076 --- [    Test worker] o.h.boot.model.internal.AnnotatedColumn  : Binding column: IndexColumn(column='transactions_ORDER')
2025-01-24T15:59:34.400+01:00 DEBUG 35076 --- [    Test worker] o.h.boot.model.internal.AnnotatedColumn  : Binding column: AnnotatedColumn()
2025-01-24T15:59:34.402+01:00 DEBUG 35076 --- [    Test worker] o.h.boot.model.internal.AnnotatedColumn  : Binding column: AnnotatedColumn(column='transactions_KEY')
2025-01-24T15:59:34.405+01:00 DEBUG 35076 --- [    Test worker] o.h.boot.model.internal.AnnotatedColumn  : Binding column: AnnotatedJoinColumn(column='transactions_KEY')
2025-01-24T15:59:34.408+01:00 DEBUG 35076 --- [    Test worker] o.h.boot.model.internal.AnnotatedColumn  : Binding column: AnnotatedJoinColumn()
2025-01-24T15:59:34.408+01:00 DEBUG 35076 --- [    Test worker] o.h.boot.model.internal.AnnotatedColumn  : Binding column: AnnotatedJoinColumn()
2025-01-24T15:59:34.415+01:00 DEBUG 35076 --- [    Test worker] o.h.b.model.internal.CollectionBinder    : Collection role: com.blueharvest.spi.Account.transactions
2025-01-24T15:59:34.420+01:00 DEBUG 35076 --- [    Test worker] o.h.boot.model.internal.PropertyBinder   : Building property transactions
2025-01-24T15:59:34.421+01:00 DEBUG 35076 --- [    Test worker] o.h.boot.model.internal.AnnotatedColumn  : Binding column: AnnotatedJoinColumn(column='user_id')
2025-01-24T15:59:34.421+01:00 DEBUG 35076 --- [    Test worker] o.h.boot.model.internal.AnnotatedColumn  : Binding column: AnnotatedColumn()
2025-01-24T15:59:34.429+01:00 DEBUG 35076 --- [    Test worker] o.h.boot.model.internal.PropertyBinder   : Building property user
2025-01-24T15:59:34.431+01:00 DEBUG 35076 --- [    Test worker] o.h.b.r.c.i.ClassLoaderServiceImpl       : HHH000194: Package not found or no package-info.java: com.blueharvest.spi
2025-01-24T15:59:34.440+01:00 DEBUG 35076 --- [    Test worker] o.h.boot.model.internal.EntityBinder     : Binding entity from annotated class: com.blueharvest.spi.Transaction
2025-01-24T15:59:34.441+01:00 DEBUG 35076 --- [    Test worker] o.h.boot.model.internal.EntityBinder     : Import with entity name Transaction
2025-01-24T15:59:34.441+01:00 DEBUG 35076 --- [    Test worker] o.h.boot.model.internal.EntityBinder     : Bind entity com.blueharvest.spi.Transaction on table transaction
2025-01-24T15:59:34.442+01:00 DEBUG 35076 --- [    Test worker] o.h.boot.model.internal.AnnotatedColumn  : Binding column: AnnotatedDiscriminatorColumn(column='DTYPE')
2025-01-24T15:59:34.445+01:00 DEBUG 35076 --- [    Test worker] o.h.boot.model.internal.AnnotatedColumn  : Binding column: AnnotatedColumn()
2025-01-24T15:59:34.445+01:00 DEBUG 35076 --- [    Test worker] o.h.boot.internal.ClassLoaderAccessImpl  : Not known whether passed class name [com.blueharvest.spi.Transaction] is safe
2025-01-24T15:59:34.445+01:00 DEBUG 35076 --- [    Test worker] o.h.boot.internal.ClassLoaderAccessImpl  : No temp ClassLoader provided; using live ClassLoader for loading potentially unsafe class : com.blueharvest.spi.Transaction
2025-01-24T15:59:34.447+01:00 DEBUG 35076 --- [    Test worker] o.h.boot.model.internal.PropertyBinder   : MetadataSourceProcessor property id with lazy=false
2025-01-24T15:59:34.447+01:00 DEBUG 35076 --- [    Test worker] o.h.b.m.internal.AbstractPropertyHolder  : Attempting to locate auto-apply AttributeConverter for property [com.blueharvest.spi.Transaction:id]
2025-01-24T15:59:34.448+01:00 DEBUG 35076 --- [    Test worker] o.h.b.model.internal.BasicValueBinder    : building BasicValue for id
2025-01-24T15:59:34.448+01:00 DEBUG 35076 --- [    Test worker] org.hibernate.mapping.BasicValue         : Skipping column re-registration: transaction.id
2025-01-24T15:59:34.448+01:00 DEBUG 35076 --- [    Test worker] o.h.boot.model.internal.PropertyBinder   : Building property id
2025-01-24T15:59:34.451+01:00 DEBUG 35076 --- [    Test worker] o.h.boot.model.internal.BinderHelper     : #makeIdGenerator(BasicValue([Column(id)]), id, org.hibernate.id.enhanced.SequenceStyleGenerator, transaction_id_generator, ...)
2025-01-24T15:59:34.452+01:00 DEBUG 35076 --- [    Test worker] o.h.boot.model.internal.AnnotatedColumn  : Binding column: AnnotatedColumn()
2025-01-24T15:59:34.452+01:00 DEBUG 35076 --- [    Test worker] o.h.boot.model.internal.PropertyBinder   : MetadataSourceProcessor property amount with lazy=false
2025-01-24T15:59:34.452+01:00 DEBUG 35076 --- [    Test worker] o.h.b.m.internal.AbstractPropertyHolder  : Attempting to locate auto-apply AttributeConverter for property [com.blueharvest.spi.Transaction:amount]
2025-01-24T15:59:34.452+01:00 DEBUG 35076 --- [    Test worker] o.h.b.model.internal.BasicValueBinder    : building BasicValue for amount
2025-01-24T15:59:34.452+01:00 DEBUG 35076 --- [    Test worker] org.hibernate.mapping.BasicValue         : Skipping column re-registration: transaction.amount
2025-01-24T15:59:34.453+01:00 DEBUG 35076 --- [    Test worker] o.h.boot.model.internal.PropertyBinder   : Building property amount
2025-01-24T15:59:34.453+01:00 DEBUG 35076 --- [    Test worker] o.h.boot.model.internal.AnnotatedColumn  : Binding column: AnnotatedColumn()
2025-01-24T15:59:34.454+01:00 DEBUG 35076 --- [    Test worker] o.h.boot.model.internal.PropertyBinder   : MetadataSourceProcessor property name with lazy=false
2025-01-24T15:59:34.454+01:00 DEBUG 35076 --- [    Test worker] o.h.b.m.internal.AbstractPropertyHolder  : Attempting to locate auto-apply AttributeConverter for property [com.blueharvest.spi.Transaction:name]
2025-01-24T15:59:34.455+01:00 DEBUG 35076 --- [    Test worker] o.h.b.model.internal.BasicValueBinder    : building BasicValue for name
2025-01-24T15:59:34.455+01:00 DEBUG 35076 --- [    Test worker] org.hibernate.mapping.BasicValue         : Skipping column re-registration: transaction.name
2025-01-24T15:59:34.456+01:00 DEBUG 35076 --- [    Test worker] o.h.boot.model.internal.PropertyBinder   : Building property name
2025-01-24T15:59:34.458+01:00 DEBUG 35076 --- [    Test worker] o.h.b.r.c.i.ClassLoaderServiceImpl       : HHH000194: Package not found or no package-info.java: com.blueharvest.spi
2025-01-24T15:59:34.459+01:00 DEBUG 35076 --- [    Test worker] o.h.boot.model.internal.EntityBinder     : Binding entity from annotated class: com.blueharvest.spi.User
2025-01-24T15:59:34.460+01:00 DEBUG 35076 --- [    Test worker] o.h.boot.model.internal.EntityBinder     : Import with entity name User
2025-01-24T15:59:34.460+01:00 DEBUG 35076 --- [    Test worker] o.h.boot.model.internal.EntityBinder     : Bind entity com.blueharvest.spi.User on table user
2025-01-24T15:59:34.461+01:00 DEBUG 35076 --- [    Test worker] o.h.boot.model.internal.AnnotatedColumn  : Binding column: AnnotatedDiscriminatorColumn(column='DTYPE')
2025-01-24T15:59:34.463+01:00 DEBUG 35076 --- [    Test worker] o.h.boot.model.internal.AnnotatedColumn  : Binding column: AnnotatedColumn()
2025-01-24T15:59:34.463+01:00 DEBUG 35076 --- [    Test worker] o.h.boot.internal.ClassLoaderAccessImpl  : Not known whether passed class name [com.blueharvest.spi.User] is safe
2025-01-24T15:59:34.463+01:00 DEBUG 35076 --- [    Test worker] o.h.boot.internal.ClassLoaderAccessImpl  : No temp ClassLoader provided; using live ClassLoader for loading potentially unsafe class : com.blueharvest.spi.User
2025-01-24T15:59:34.463+01:00 DEBUG 35076 --- [    Test worker] o.h.boot.model.internal.PropertyBinder   : MetadataSourceProcessor property userId with lazy=false
2025-01-24T15:59:34.464+01:00 DEBUG 35076 --- [    Test worker] o.h.b.m.internal.AbstractPropertyHolder  : Attempting to locate auto-apply AttributeConverter for property [com.blueharvest.spi.User:userId]
2025-01-24T15:59:34.464+01:00 DEBUG 35076 --- [    Test worker] o.h.b.model.internal.BasicValueBinder    : building BasicValue for userId
2025-01-24T15:59:34.464+01:00 DEBUG 35076 --- [    Test worker] org.hibernate.mapping.BasicValue         : Skipping column re-registration: user.user_id
2025-01-24T15:59:34.464+01:00 DEBUG 35076 --- [    Test worker] o.h.boot.model.internal.PropertyBinder   : Building property userId
2025-01-24T15:59:34.464+01:00 DEBUG 35076 --- [    Test worker] o.h.boot.model.internal.BinderHelper     : #makeIdGenerator(BasicValue([Column(user_id)]), userId, org.hibernate.id.UUIDGenerator, , ...)
2025-01-24T15:59:34.465+01:00 DEBUG 35076 --- [    Test worker] o.h.boot.model.internal.AnnotatedColumn  : Binding column: AnnotatedJoinColumn()
2025-01-24T15:59:34.465+01:00 DEBUG 35076 --- [    Test worker] o.h.boot.model.internal.AnnotatedColumn  : Binding column: AnnotatedColumn()
2025-01-24T15:59:34.466+01:00 DEBUG 35076 --- [    Test worker] o.h.boot.model.internal.AnnotatedColumn  : Binding column: IndexColumn(column='accounts_ORDER')
2025-01-24T15:59:34.466+01:00 DEBUG 35076 --- [    Test worker] o.h.boot.model.internal.AnnotatedColumn  : Binding column: AnnotatedColumn()
2025-01-24T15:59:34.467+01:00 DEBUG 35076 --- [    Test worker] o.h.boot.model.internal.AnnotatedColumn  : Binding column: AnnotatedColumn(column='accounts_KEY')
2025-01-24T15:59:34.467+01:00 DEBUG 35076 --- [    Test worker] o.h.boot.model.internal.AnnotatedColumn  : Binding column: AnnotatedJoinColumn(column='accounts_KEY')
2025-01-24T15:59:34.467+01:00 DEBUG 35076 --- [    Test worker] o.h.boot.model.internal.AnnotatedColumn  : Binding column: AnnotatedJoinColumn()
2025-01-24T15:59:34.467+01:00 DEBUG 35076 --- [    Test worker] o.h.boot.model.internal.AnnotatedColumn  : Binding column: AnnotatedJoinColumn()
2025-01-24T15:59:34.467+01:00 DEBUG 35076 --- [    Test worker] o.h.b.model.internal.CollectionBinder    : Collection role: com.blueharvest.spi.User.accounts
2025-01-24T15:59:34.468+01:00 DEBUG 35076 --- [    Test worker] o.h.boot.model.internal.PropertyBinder   : Building property accounts
2025-01-24T15:59:34.468+01:00 DEBUG 35076 --- [    Test worker] o.h.boot.model.internal.AnnotatedColumn  : Binding column: AnnotatedColumn()
2025-01-24T15:59:34.468+01:00 DEBUG 35076 --- [    Test worker] o.h.boot.model.internal.PropertyBinder   : MetadataSourceProcessor property name with lazy=false
2025-01-24T15:59:34.468+01:00 DEBUG 35076 --- [    Test worker] o.h.b.m.internal.AbstractPropertyHolder  : Attempting to locate auto-apply AttributeConverter for property [com.blueharvest.spi.User:name]
2025-01-24T15:59:34.469+01:00 DEBUG 35076 --- [    Test worker] o.h.b.model.internal.BasicValueBinder    : building BasicValue for name
2025-01-24T15:59:34.469+01:00 DEBUG 35076 --- [    Test worker] org.hibernate.mapping.BasicValue         : Skipping column re-registration: user.name
2025-01-24T15:59:34.469+01:00 DEBUG 35076 --- [    Test worker] o.h.boot.model.internal.PropertyBinder   : Building property name
2025-01-24T15:59:34.473+01:00 DEBUG 35076 --- [    Test worker] o.h.b.r.c.i.ClassLoaderServiceImpl       : HHH000194: Package not found or no package-info.java: com.blueharvest.spi
2025-01-24T15:59:34.476+01:00 DEBUG 35076 --- [    Test worker] o.h.b.model.internal.BasicValueBinder    : Starting `BasicValueBinder#fillSimpleValue` for accountId
2025-01-24T15:59:34.479+01:00 DEBUG 35076 --- [    Test worker] o.h.b.model.internal.BasicValueBinder    : Starting `BasicValueBinder#fillSimpleValue` for balance
2025-01-24T15:59:34.480+01:00 DEBUG 35076 --- [    Test worker] o.h.b.model.internal.BasicValueBinder    : Starting `BasicValueBinder#fillSimpleValue` for name
2025-01-24T15:59:34.480+01:00 DEBUG 35076 --- [    Test worker] o.h.b.model.internal.BasicValueBinder    : Starting `BasicValueBinder#fillSimpleValue` for id
2025-01-24T15:59:34.480+01:00 DEBUG 35076 --- [    Test worker] o.h.b.model.internal.BasicValueBinder    : Starting `BasicValueBinder#fillSimpleValue` for amount
2025-01-24T15:59:34.480+01:00 DEBUG 35076 --- [    Test worker] o.h.b.model.internal.BasicValueBinder    : Starting `BasicValueBinder#fillSimpleValue` for name
2025-01-24T15:59:34.480+01:00 DEBUG 35076 --- [    Test worker] o.h.b.model.internal.BasicValueBinder    : Starting `BasicValueBinder#fillSimpleValue` for userId
2025-01-24T15:59:34.481+01:00 DEBUG 35076 --- [    Test worker] o.h.b.model.internal.BasicValueBinder    : Starting `BasicValueBinder#fillSimpleValue` for name
2025-01-24T15:59:34.493+01:00 DEBUG 35076 --- [    Test worker] org.hibernate.mapping.PrimaryKey         : Forcing column [account_id] to be non-null as it is part of the primary key for table [account]
2025-01-24T15:59:34.493+01:00 DEBUG 35076 --- [    Test worker] org.hibernate.mapping.PrimaryKey         : Forcing column [id] to be non-null as it is part of the primary key for table [transaction]
2025-01-24T15:59:34.493+01:00 DEBUG 35076 --- [    Test worker] org.hibernate.mapping.PrimaryKey         : Forcing column [user_id] to be non-null as it is part of the primary key for table [user]
2025-01-24T15:59:34.493+01:00 DEBUG 35076 --- [    Test worker] o.h.b.m.internal.CollectionSecondPass    : Second pass for collection: com.blueharvest.spi.Account.transactions
2025-01-24T15:59:34.494+01:00 DEBUG 35076 --- [    Test worker] o.h.b.model.internal.CollectionBinder    : Binding a OneToMany: com.blueharvest.spi.Account.transactions through a foreign key
2025-01-24T15:59:34.499+01:00 DEBUG 35076 --- [    Test worker] o.h.b.model.internal.CollectionBinder    : Mapping collection: com.blueharvest.spi.Account.transactions -> transaction
2025-01-24T15:59:34.502+01:00 DEBUG 35076 --- [    Test worker] o.h.b.m.internal.CollectionSecondPass    : Mapped collection key: account_id, one-to-many: com.blueharvest.spi.Transaction
2025-01-24T15:59:34.505+01:00 DEBUG 35076 --- [    Test worker] o.h.b.m.internal.CollectionSecondPass    : Second pass for collection: com.blueharvest.spi.User.accounts
2025-01-24T15:59:34.506+01:00 DEBUG 35076 --- [    Test worker] o.h.b.model.internal.CollectionBinder    : Binding a OneToMany: com.blueharvest.spi.User.accounts through a foreign key
2025-01-24T15:59:34.506+01:00 DEBUG 35076 --- [    Test worker] o.h.b.model.internal.CollectionBinder    : Mapping collection: com.blueharvest.spi.User.accounts -> account
2025-01-24T15:59:34.507+01:00 DEBUG 35076 --- [    Test worker] o.h.boot.model.internal.TableBinder      : Retrieving property com.blueharvest.spi.Account.user
2025-01-24T15:59:34.508+01:00 DEBUG 35076 --- [    Test worker] o.h.b.m.internal.CollectionSecondPass    : Mapped collection key: user_id, one-to-many: com.blueharvest.spi.Account
2025-01-24T15:59:34.636+01:00 DEBUG 35076 --- [    Test worker] o.hibernate.internal.SessionFactoryImpl  : Building session factory
2025-01-24T15:59:34.742+01:00 DEBUG 35076 --- [    Test worker] .h.s.i.SessionFactoryServiceRegistryImpl : EventListenerRegistry access via ServiceRegistry is deprecated.  Use `sessionFactory.getEventEngine().getListenerRegistry()` instead
2025-01-24T15:59:34.744+01:00 DEBUG 35076 --- [    Test worker] o.hibernate.internal.SessionFactoryImpl  : Instantiating SessionFactory with settings: {java.specification.version=21, sun.cpu.isalist=amd64, hibernate.resource.beans.container=org.springframework.orm.hibernate5.SpringBeanContainer@7e24f4e2, hibernate.connection.handling_mode=DELAYED_ACQUISITION_AND_HOLD, sun.jnu.encoding=Cp1252, hibernate.dialect=org.hibernate.dialect.H2Dialect, org.gradle.test.worker=25, hibernate.implicit_naming_strategy=org.springframework.boot.orm.jpa.hibernate.SpringImplicitNamingStrategy, java.class.path=C:\\Users\\svenv\\.gradle\\caches\\8.12\\workerMain\\gradle-worker.jar;C:\\Users\\svenv\\Desktop\\workspace\\blue-harvest\\build\\classes\\java\\test;C:\\Users\\svenv\\Desktop\\workspace\\blue-harvest\\build\\classes\\java\\main;C:\\Users\\svenv\\Desktop\\workspace\\blue-harvest\\build\\resources\\main;C:\\Users\\svenv\\.gradle\\caches\\modules-2\\files-2.1\\org.springframework.boot\\spring-boot-starter-actuator\\3.3.6\\170a22db6f4d45ecf9f822aaa1cd8240138204f\\spring-boot-starter-actuator-3.3.6.jar;C:\\Users\\svenv\\.gradle\\caches\\modules-2\\files-2.1\\org.springframework.boot\\spring-boot-starter-data-jpa\\3.3.6\\11ae03208a758802916748ac5ebe357b842fe775\\spring-boot-starter-data-jpa-3.3.6.jar;C:\\Users\\svenv\\.gradle\\caches\\modules-2\\files-2.1\\org.springframework.boot\\spring-boot-starter-aop\\3.3.6\\5d3c459b950fad499ef1bdd0cf22f6cfdedffbb1\\spring-boot-starter-aop-3.3.6.jar;C:\\Users\\svenv\\.gradle\\caches\\modules-2\\files-2.1\\org.springframework.boot\\spring-boot-starter-validation\\3.3.6\\e4ef4f6d2d260eadb8060c1419341d9b5667f95a\\spring-boot-starter-validation-3.3.6.jar;C:\\Users\\svenv\\.gradle\\caches\\modules-2\\files-2.1\\org.springframework.boot\\spring-boot-starter-web\\3.3.6\\5e0e5134589b1f55dd56a8efd19f32da6dfee969\\spring-boot-starter-web-3.3.6.jar;C:\\Users\\svenv\\.gradle\\caches\\modules-2\\files-2.1\\org.springframework.boot\\spring-boot-starter-test\\3.3.6\\244d343f609edd1e70780bfd87be188740a4a717\\spring-boot-starter-test-3.3.6.jar;C:\\Users\\svenv\\.gradle\\caches\\modules-2\\files-2.1\\org.springframework.boot\\spring-boot-starter-jdbc\\3.3.6\\b1e60252745ba7dae8f41eac40f55cde1c6eb72f\\spring-boot-starter-jdbc-3.3.6.jar;C:\\Users\\svenv\\.gradle\\caches\\modules-2\\files-2.1\\org.springframework.boot\\spring-boot-starter-json\\3.3.6\\5eda802fb8cf64d4ef945293529a2a200db0bdab\\spring-boot-starter-json-3.3.6.jar;C:\\Users\\svenv\\.gradle\\caches\\modules-2\\files-2.1\\org.springframework.boot\\spring-boot-starter\\3.3.6\\25943d27d244ce54787d7c583a71f63bf62751dc\\spring-boot-starter-3.3.6.jar;C:\\Users\\svenv\\.gradle\\caches\\modules-2\\files-2.1\\org.springframework.boot\\spring-boot-actuator-autoconfigure\\3.3.6\\a6a6627425609957afe7f726a8a156d485e05db2\\spring-boot-actuator-autoconfigure-3.3.6.jar;C:\\Users\\svenv\\.gradle\\caches\\modules-2\\files-2.1\\org.springframework.boot\\spring-boot-test-autoconfigure\\3.3.6\\9f3bb3a4fbd6b1af29ca40e93a225c466cc7c43a\\spring-boot-test-autoconfigure-3.3.6.jar;C:\\Users\\svenv\\.gradle\\caches\\modules-2\\files-2.1\\org.springframework.boot\\spring-boot-test\\3.3.6\\b03bfefb19ddc2bc1511a23c23176d1ae3e7ea0f\\spring-boot-test-3.3.6.jar;C:\\Users\\svenv\\.gradle\\caches\\modules-2\\files-2.1\\org.springdoc\\springdoc-openapi-starter-webmvc-ui\\2.6.0\\2dddebb56441dbaa1009c4de434a83c65596f6ad\\springdoc-openapi-starter-webmvc-ui-2.6.0.jar;C:\\Users\\svenv\\.gradle\\caches\\modules-2\\files-2.1\\org.springdoc\\springdoc-openapi-starter-webmvc-api\\2.6.0\\d235c2989247641e5dfe764d7add3a11e4d54a5f\\springdoc-openapi-starter-webmvc-api-2.6.0.jar;C:\\Users\\svenv\\.gradle\\caches\\modules-2\\files-2.1\\org.springdoc\\springdoc-openapi-starter-common\\2.6.0\\c8cf5fbd1f9e4c410d67f1de27dfc3529de13620\\springdoc-openapi-starter-common-2.6.0.jar;C:\\Users\\svenv\\.gradle\\caches\\modules-2\\files-2.1\\org.springframework.boot\\spring-boot-autoconfigure\\3.3.6\\bbd7853adc292b08a98f0029e2353610e1c283e2\\spring-boot-autoconfigure-3.3.6.jar;C:\\Users\\svenv\\.gradle\\caches\\modules-2\\files-2.1\\org.springframework.boot\\spring-boot-actuator\\3.3.6\\91559a6d6e2896b1b7d1558b64d9c4ad2dc4f67f\\spring-boot-actuator-3.3.6.jar;C:\\Users\\svenv\\.gradle\\caches\\modules-2\\files-2.1\\org.springframework.boot\\spring-boot\\3.3.6\\dd9d168879d54b731c38202ce6b4b645b7107bac\\spring-boot-3.3.6.jar;C:\\Users\\svenv\\.gradle\\caches\\modules-2\\files-2.1\\org.springframework.boot\\spring-boot-starter-logging\\3.3.6\\f298e817022b7bb7c49e510b3524394f9d80ebfc\\spring-boot-starter-logging-3.3.6.jar;C:\\Users\\svenv\\.gradle\\caches\\modules-2\\files-2.1\\org.flywaydb\\flyway-core\\11.2.0\\4f210a6ce1e811fa303d214e046935a298c071b5\\flyway-core-11.2.0.jar;C:\\Users\\svenv\\.gradle\\caches\\modules-2\\files-2.1\\io.swagger.core.v3\\swagger-core-jakarta\\2.2.22\\9ed5daaaa1c94c9a6b56c058c9d1b3190044a2e2\\swagger-core-jakarta-2.2.22.jar;C:\\Users\\svenv\\.gradle\\caches\\modules-2\\files-2.1\\io.swagger.core.v3\\swagger-models-jakarta\\2.2.22\\bc2809b2efa1f7b062bc9668304a84b198fececd\\swagger-models-jakarta-2.2.22.jar;C:\\Users\\svenv\\.gradle\\caches\\modules-2\\files-2.1\\com.fasterxml.jackson.core\\jackson-annotations\\2.17.3\\4f30a05d2eee0ab700cdc27aa5967e934d3042b2\\jackson-annotations-2.17.3.jar;C:\\Users\\svenv\\.gradle\\caches\\modules-2\\files-2.1\\com.fasterxml.jackson.dataformat\\jackson-dataformat-toml\\2.17.3\\34c86ea69dac79a2a684d5d2261b62116e788e37\\jackson-dataformat-toml-2.17.3.jar;C:\\Users\\svenv\\.gradle\\caches\\modules-2\\files-2.1\\com.fasterxml.jackson.datatype\\jackson-datatype-jdk8\\2.17.3\\2b8b1894dc9798e761bd565df51ef1fc44c75a2a\\jackson-datatype-jdk8-2.17.3.jar;C:\\Users\\svenv\\.gradle\\caches\\modules-2\\files-2.1\\com.fasterxml.jackson.module\\jackson-module-parameter-names\\2.17.3\\41feb893351163ee5b395358e5fe1404cd1c432d\\jackson-module-parameter-names-2.17.3.jar;C:\\Users\\svenv\\.gradle\\caches\\modules-2\\files-2.1\\com.fasterxml.jackson.dataformat\\jackson-dataformat-yaml\\2.17.3\\536e9d9ee966cf40a8b5d2f9ba505551364d0ad5\\jackson-dataformat-yaml-2.17.3.jar;C:\\Users\\svenv\\.gradle\\caches\\modules-2\\files-2.1\\com.fasterxml.jackson.core\\jackson-core\\2.17.3\\1d6eb3e959c737692b720d3492b2f1f34c4c8579\\jackson-core-2.17.3.jar;C:\\Users\\svenv\\.gradle\\caches\\modules-2\\files-2.1\\com.fasterxml.jackson.datatype\\jackson-datatype-jsr310\\2.18.2\\7b6ff96adf421f4c6edbd694e797dd8fe434510a\\jackson-datatype-jsr310-2.18.2.jar;C:\\Users\\svenv\\.gradle\\caches\\modules-2\\files-2.1\\com.fasterxml.jackson.core\\jackson-databind\\2.18.2\\deef8697b92141fb6caf7aa86966cff4eec9b04f\\jackson-databind-2.18.2.jar;C:\\Users\\svenv\\.gradle\\caches\\modules-2\\files-2.1\\ch.qos.logback\\logback-classic\\1.5.16\\113979db51dfad6dc895b34460d7b7ff64ffe7d2\\logback-classic-1.5.16.jar;C:\\Users\\svenv\\.gradle\\caches\\modules-2\\files-2.1\\ch.qos.logback\\logback-core\\1.5.16\\4f17700f046900aea2fadf115e2d67fec921f7fd\\logback-core-1.5.16.jar;C:\\Users\\svenv\\.gradle\\caches\\modules-2\\files-2.1\\com.h2database\\h2\\2.3.232\\4fcc05d966ccdb2812ae8b9a718f69226c0cf4e2\\h2-2.3.232.jar;C:\\Users\\svenv\\.gradle\\caches\\modules-2\\files-2.1\\org.assertj\\assertj-core\\3.25.3\\792b270e73aa1cfc28fa135be0b95e69ea451432\\assertj-core-3.25.3.jar;C:\\Users\\svenv\\.gradle\\caches\\modules-2\\files-2.1\\org.springframework.data\\spring-data-jpa\\3.3.6\\5a52596c2a7b3365cf36d5c5b85ce420fc117f01\\spring-data-jpa-3.3.6.jar;C:\\Users\\svenv\\.gradle\\caches\\modules-2\\files-2.1\\org.springframework\\spring-webmvc\\6.1.15\\ce0cdce80d76fe0cef37c38d50ff9a756a6e6d4f\\spring-webmvc-6.1.15.jar;C:\\Users\\svenv\\.gradle\\caches\\modules-2\\files-2.1\\org.springframework\\spring-context\\6.1.15\\cade913f34b7c977ec52d64510111c37c26445a7\\spring-context-6.1.15.jar;C:\\Users\\svenv\\.gradle\\caches\\modules-2\\files-2.1\\org.springframework\\spring-aop\\6.1.15\\855f9e2e60055a05784246cccb28d95b3d93043\\spring-aop-6.1.15.jar;C:\\Users\\svenv\\.gradle\\caches\\modules-2\\files-2.1\\org.springframework\\spring-web\\6.1.15\\5c899f76044c59d779f0d0094b795890b39b9bee\\spring-web-6.1.15.jar;C:\\Users\\svenv\\.gradle\\caches\\modules-2\\files-2.1\\org.springframework\\spring-test\\6.1.15\\6930a862fd9e0b266040c84a92f564ebe0b24790\\spring-test-6.1.15.jar;C:\\Users\\svenv\\.gradle\\caches\\modules-2\\files-2.1\\org.springframework\\spring-orm\\6.1.15\\8d52cf2067135de067c52d23ef61f3e1eb8d6a6b\\spring-orm-6.1.15.jar;C:\\Users\\svenv\\.gradle\\caches\\modules-2\\files-2.1\\org.springframework\\spring-jdbc\\6.1.15\\6cce8300ce2c42675487ca2b088dfaa16c429a19\\spring-jdbc-6.1.15.jar;C:\\Users\\svenv\\.gradle\\caches\\modules-2\\files-2.1\\org.springframework.data\\spring-data-commons\\3.3.6\\b414548448cdb0c81b18fa5c4af92c1ff36b6c79\\spring-data-commons-3.3.6.jar;C:\\Users\\svenv\\.gradle\\caches\\modules-2\\files-2.1\\org.springframework\\spring-tx\\6.1.15\\5b9eeb832d403f441f4b82da2bd583cc95c294b1\\spring-tx-6.1.15.jar;C:\\Users\\svenv\\.gradle\\caches\\modules-2\\files-2.1\\org.springframework\\spring-beans\\6.1.15\\718d9352079c51e961f500cf79531eccaa2835bd\\spring-beans-6.1.15.jar;C:\\Users\\svenv\\.gradle\\caches\\modules-2\\files-2.1\\org.springframework\\spring-expression\\6.1.15\\3c469934957d8e6803ca685317007ada4de2265a\\spring-expression-6.1.15.jar;C:\\Users\\svenv\\.gradle\\caches\\modules-2\\files-2.1\\org.springframework\\spring-core\\6.1.15\\79a68346b37cbf055b8a1124836b4c65eccf97c6\\spring-core-6.1.15.jar;C:\\Users\\svenv\\.gradle\\caches\\modules-2\\files-2.1\\io.micrometer\\micrometer-jakarta9\\1.13.8\\fb992c97ea9d8a6df7bf23a76c1f8f15a3d05992\\micrometer-jakarta9-1.13.8.jar;C:\\Users\\svenv\\.gradle\\caches\\modules-2\\files-2.1\\io.micrometer\\micrometer-core\\1.13.8\\4fbc98384a4f790c30e75b2efa3e07bd7ef5924e\\micrometer-core-1.13.8.jar;C:\\Users\\svenv\\.gradle\\caches\\modules-2\\files-2.1\\io.micrometer\\micrometer-observation\\1.13.8\\9405fd60ddfec412f5f529bdb69733aadaf8eb9c\\micrometer-observation-1.13.8.jar;C:\\Users\\svenv\\.gradle\\caches\\modules-2\\files-2.1\\org.springframework\\spring-aspects\\6.1.15\\d2078cc52a2bc69a7f9e919f2ae067db73f6783c\\spring-aspects-6.1.15.jar;C:\\Users\\svenv\\.gradle\\caches\\modules-2\\files-2.1\\org.aspectj\\aspectjweaver\\1.9.22.1\\bca243d0af0db4758fbae45c5f4995cb5dabb612\\aspectjweaver-1.9.22.1.jar;C:\\Users\\svenv\\.gradle\\caches\\modules-2\\files-2.1\\org.apache.logging.log4j\\log4j-to-slf4j\\2.23.1\\425ad1eb8a39904d2830e907a324e956fb456520\\log4j-to-slf4j-2.23.1.jar;C:\\Users\\svenv\\.gradle\\caches\\modules-2\\files-2.1\\org.slf4j\\jul-to-slf4j\\2.0.16\\6d57da3e961daac65bcca0dd3def6cd11e48a24a\\jul-to-slf4j-2.0.16.jar;C:\\Users\\svenv\\.gradle\\caches\\modules-2\\files-2.1\\org.hibernate.orm\\hibernate-core\\6.5.3.Final\\1e23c320a5d10f5eaecbd23095fca5c5c83c1fb5\\hibernate-core-6.5.3.Final.jar;C:\\Users\\svenv\\.gradle\\caches\\modules-2\\files-2.1\\org.springframework.boot\\spring-boot-starter-tomcat\\3.3.6\\e5e6716f91117b1377d91a89d5fdb85229273b6\\spring-boot-starter-tomcat-3.3.6.jar;C:\\Users\\svenv\\.gradle\\caches\\modules-2\\files-2.1\\org.apache.tomcat.embed\\tomcat-embed-el\\10.1.33\\6cdf9afcb8577309fae1181e0a5f2f8cff559d97\\tomcat-embed-el-10.1.33.jar;C:\\Users\\svenv\\.gradle\\caches\\modules-2\\files-2.1\\org.hibernate.validator\\hibernate-validator\\8.0.1.Final\\e49e116b3d3928060599b176b3538bb848718e95\\hibernate-validator-8.0.1.Final.jar;C:\\Users\\svenv\\.gradle\\caches\\modules-2\\files-2.1\\com.jayway.jsonpath\\json-path\\2.9.0\\37fe2217f577b0b68b18e62c4d17a8858ecf9b69\\json-path-2.9.0.jar;C:\\Users\\svenv\\.gradle\\caches\\modules-2\\files-2.1\\com.zaxxer\\HikariCP\\5.1.0\\8c96e36c14461fc436bb02b264b96ef3ca5dca8c\\HikariCP-5.1.0.jar;C:\\Users\\svenv\\.gradle\\caches\\modules-2\\files-2.1\\org.slf4j\\slf4j-api\\2.0.16\\172931663a09a1fa515567af5fbef00897d3c04\\slf4j-api-2.0.16.jar;C:\\Users\\svenv\\.gradle\\caches\\modules-2\\files-2.1\\org.webjars\\swagger-ui\\5.17.14\\7c746d197424eb721b4e08fcaa9e85231662d81f\\swagger-ui-5.17.14.jar;C:\\Users\\svenv\\.gradle\\caches\\modules-2\\files-2.1\\org.mockito\\mockito-junit-jupiter\\5.11.0\\8e658dd339f40305ed4293db25545b5df98b171b\\mockito-junit-jupiter-5.11.0.jar;C:\\Users\\svenv\\.gradle\\caches\\modules-2\\files-2.1\\org.mockito\\mockito-core\\5.11.0\\e4069fa4f4ff2c94322cfec5f2e45341c6c70aff\\mockito-core-5.11.0.jar;C:\\Users\\svenv\\.gradle\\caches\\modules-2\\files-2.1\\net.bytebuddy\\byte-buddy\\1.14.19\\4c0c637b8f47dc08f89240e6f59900011752c97b\\byte-buddy-1.14.19.jar;C:\\Users\\svenv\\.gradle\\caches\\modules-2\\files-2.1\\org.glassfish.jaxb\\jaxb-runtime\\4.0.5\\ca84c2a7169b5293e232b9d00d1e4e36d4c3914a\\jaxb-runtime-4.0.5.jar;C:\\Users\\svenv\\.gradle\\caches\\modules-2\\files-2.1\\org.glassfish.jaxb\\jaxb-core\\4.0.5\\7b4b11ea5542eea4ad55e1080b23be436795b3\\jaxb-core-4.0.5.jar;C:\\Users\\svenv\\.gradle\\caches\\modules-2\\files-2.1\\jakarta.xml.bind\\jakarta.xml.bind-api\\4.0.2\\6cd5a999b834b63238005b7144136379dc36cad2\\jakarta.xml.bind-api-4.0.2.jar;C:\\Users\\svenv\\.gradle\\caches\\modules-2\\files-2.1\\net.minidev\\json-smart\\2.5.1\\4c11d2808d009132dfbbf947ebf37de6bf266c8e\\json-smart-2.5.1.jar;C:\\Users\\svenv\\.gradle\\caches\\modules-2\\files-2.1\\org.awaitility\\awaitility\\4.2.2\\7336242073ebf83fe034e42b46a403c5501b63c9\\awaitility-4.2.2.jar;C:\\Users\\svenv\\.gradle\\caches\\modules-2\\files-2.1\\org.hamcrest\\hamcrest\\2.2\\1820c0968dba3a11a1b30669bb1f01978a91dedc\\hamcrest-2.2.jar;C:\\Users\\svenv\\.gradle\\caches\\modules-2\\files-2.1\\org.junit.jupiter\\junit-jupiter-params\\5.10.5\\e19d95e190aedb81c883d50cc05b1860400d957c\\junit-jupiter-params-5.10.5.jar;C:\\Users\\svenv\\.gradle\\caches\\modules-2\\files-2.1\\org.junit.jupiter\\junit-jupiter-engine\\5.10.5\\e234785788419ffdfc4b65474b2081c0a9f7e77d\\junit-jupiter-engine-5.10.5.jar;C:\\Users\\svenv\\.gradle\\caches\\modules-2\\files-2.1\\org.junit.jupiter\\junit-jupiter-api\\5.10.5\\a5c09855b0087daaddaa5faa5100ab2555d5e111\\junit-jupiter-api-5.10.5.jar;C:\\Users\\svenv\\.gradle\\caches\\modules-2\\files-2.1\\org.junit.platform\\junit-platform-engine\\1.10.5\\7db4b98a955a2686d893a8a209591f029c438b44\\junit-platform-engine-1.10.5.jar;C:\\Users\\svenv\\.gradle\\caches\\modules-2\\files-2.1\\org.junit.platform\\junit-platform-commons\\1.10.5\\6d1985c5eece30fb9faafe9bf1f5e005ac3d0fcc\\junit-platform-commons-1.10.5.jar;C:\\Users\\svenv\\.gradle\\caches\\modules-2\\files-2.1\\org.junit.jupiter\\junit-jupiter\\5.10.5\\cbf98926c44240c9ca1519a20e58722be6d6a44a\\junit-jupiter-5.10.5.jar;C:\\Users\\svenv\\.gradle\\caches\\modules-2\\files-2.1\\org.skyscreamer\\jsonassert\\1.5.3\\aaa43e0823d2a0e106e8754d6a9c4ab24e05e9bc\\jsonassert-1.5.3.jar;C:\\Users\\svenv\\.gradle\\caches\\modules-2\\files-2.1\\org.xmlunit\\xmlunit-core\\2.9.1\\e5833662d9a1279a37da3ef6f62a1da29fcd68c4\\xmlunit-core-2.9.1.jar;C:\\Users\\svenv\\.gradle\\caches\\modules-2\\files-2.1\\org.springframework\\spring-jcl\\6.1.15\\8ea00bba140aac6408d5b07991def838e4bd9e2e\\spring-jcl-6.1.15.jar;C:\\Users\\svenv\\.gradle\\caches\\modules-2\\files-2.1\\jakarta.annotation\\jakarta.annotation-api\\2.1.1\\48b9bda22b091b1f48b13af03fe36db3be6e1ae3\\jakarta.annotation-api-2.1.1.jar;C:\\Users\\svenv\\.gradle\\caches\\modules-2\\files-2.1\\org.yaml\\snakeyaml\\2.2\\3af797a25458550a16bf89acc8e4ab2b7f2bfce0\\snakeyaml-2.2.jar;C:\\Users\\svenv\\.gradle\\caches\\modules-2\\files-2.1\\io.micrometer\\micrometer-commons\\1.13.8\\b82bcab1961fe8521138b03b0ee68e8d075e3517\\micrometer-commons-1.13.8.jar;C:\\Users\\svenv\\.gradle\\caches\\modules-2\\files-2.1\\org.apache.logging.log4j\\log4j-api\\2.23.1\\9c15c29c526d9c6783049c0a77722693c66706e1\\log4j-api-2.23.1.jar;C:\\Users\\svenv\\.gradle\\caches\\modules-2\\files-2.1\\jakarta.persistence\\jakarta.persistence-api\\3.1.0\\66901fa1c373c6aff65c13791cc11da72060a8d6\\jakarta.persistence-api-3.1.0.jar;C:\\Users\\svenv\\.gradle\\caches\\modules-2\\files-2.1\\jakarta.transaction\\jakarta.transaction-api\\2.0.1\\51a520e3fae406abb84e2e1148e6746ce3f80a1a\\jakarta.transaction-api-2.0.1.jar;C:\\Users\\svenv\\.gradle\\caches\\modules-2\\files-2.1\\org.jboss.logging\\jboss-logging\\3.5.3.Final\\c88fc1d8a96d4c3491f55d4317458ccad53ca663\\jboss-logging-3.5.3.Final.jar;C:\\Users\\svenv\\.gradle\\caches\\modules-2\\files-2.1\\org.hibernate.common\\hibernate-commons-annotations\\6.0.6.Final\\77a5f94b56d49508e0ee334751db5b78e5ccd50c\\hibernate-commons-annotations-6.0.6.Final.jar;C:\\Users\\svenv\\.gradle\\caches\\modules-2\\files-2.1\\io.smallrye\\jandex\\3.1.2\\a6c1c89925c7df06242b03dddb353116ceb9584c\\jandex-3.1.2.jar;C:\\Users\\svenv\\.gradle\\caches\\modules-2\\files-2.1\\com.fasterxml\\classmate\\1.7.0\\e98374da1f2143ac8e6e0a95036994bb19137a3\\classmate-1.7.0.jar;C:\\Users\\svenv\\.gradle\\caches\\modules-2\\files-2.1\\jakarta.inject\\jakarta.inject-api\\2.0.1\\4c28afe1991a941d7702fe1362c365f0a8641d1e\\jakarta.inject-api-2.0.1.jar;C:\\Users\\svenv\\.gradle\\caches\\modules-2\\files-2.1\\org.antlr\\antlr4-runtime\\4.13.0\\5a02e48521624faaf5ff4d99afc88b01686af655\\antlr4-runtime-4.13.0.jar;C:\\Users\\svenv\\.gradle\\caches\\modules-2\\files-2.1\\jakarta.validation\\jakarta.validation-api\\3.0.2\\92b6631659ba35ca09e44874d3eb936edfeee532\\jakarta.validation-api-3.0.2.jar;C:\\Users\\svenv\\.gradle\\caches\\modules-2\\files-2.1\\org.apache.tomcat.embed\\tomcat-embed-websocket\\10.1.33\\67feeb848bf741029ed7a0fe91bcae515e7b1c25\\tomcat-embed-websocket-10.1.33.jar;C:\\Users\\svenv\\.gradle\\caches\\modules-2\\files-2.1\\org.apache.tomcat.embed\\tomcat-embed-core\\10.1.33\\d4d10b953164db057e4a803506e4552731e5a6a0\\tomcat-embed-core-10.1.33.jar;C:\\Users\\svenv\\.gradle\\caches\\modules-2\\files-2.1\\org.eclipse.angus\\angus-activation\\2.0.2\\41f1e0ddd157c856926ed149ab837d110955a9fc\\angus-activation-2.0.2.jar;C:\\Users\\svenv\\.gradle\\caches\\modules-2\\files-2.1\\jakarta.activation\\jakarta.activation-api\\2.1.3\\fa165bd70cda600368eee31555222776a46b881f\\jakarta.activation-api-2.1.3.jar;C:\\Users\\svenv\\.gradle\\caches\\modules-2\\files-2.1\\net.minidev\\accessors-smart\\2.5.1\\19b820261eb2e7de7d5bde11d1c06e4501dd7e5f\\accessors-smart-2.5.1.jar;C:\\Users\\svenv\\.gradle\\caches\\modules-2\\files-2.1\\net.bytebuddy\\byte-buddy-agent\\1.14.19\\154da3a65b4f4a909d3e5bdec55d1b2b4cbb6ce1\\byte-buddy-agent-1.14.19.jar;C:\\Users\\svenv\\.gradle\\caches\\modules-2\\files-2.1\\org.objenesis\\objenesis\\3.3\\1049c09f1de4331e8193e579448d0916d75b7631\\objenesis-3.3.jar;C:\\Users\\svenv\\.gradle\\caches\\modules-2\\files-2.1\\com.vaadin.external.google\\android-json\\0.0.20131108.vaadin1\\fa26d351fe62a6a17f5cda1287c1c6110dec413f\\android-json-0.0.20131108.vaadin1.jar;C:\\Users\\svenv\\.gradle\\caches\\modules-2\\files-2.1\\org.hdrhistogram\\HdrHistogram\\2.2.2\\7959933ebcc0f05b2eaa5af0a0c8689fa257b15c\\HdrHistogram-2.2.2.jar;C:\\Users\\svenv\\.gradle\\caches\\modules-2\\files-2.1\\org.latencyutils\\LatencyUtils\\2.0.3\\769c0b82cb2421c8256300e907298a9410a2a3d3\\LatencyUtils-2.0.3.jar;C:\\Users\\svenv\\.gradle\\caches\\modules-2\\files-2.1\\org.ow2.asm\\asm\\9.6\\aa205cf0a06dbd8e04ece91c0b37c3f5d567546a\\asm-9.6.jar;C:\\Users\\svenv\\.gradle\\caches\\modules-2\\files-2.1\\org.opentest4j\\opentest4j\\1.3.0\\152ea56b3a72f655d4fd677fc0ef2596c3dd5e6e\\opentest4j-1.3.0.jar;C:\\Users\\svenv\\.gradle\\caches\\modules-2\\files-2.1\\org.glassfish.jaxb\\txw2\\4.0.5\\f36a4ef12120a9bb06d766d6a0e54b144fd7ed98\\txw2-4.0.5.jar;C:\\Users\\svenv\\.gradle\\caches\\modules-2\\files-2.1\\com.sun.istack\\istack-commons-runtime\\4.1.2\\18ec117c85f3ba0ac65409136afa8e42bc74e739\\istack-commons-runtime-4.1.2.jar;C:\\Users\\svenv\\.gradle\\caches\\modules-2\\files-2.1\\org.apache.commons\\commons-lang3\\3.14.0\\1ed471194b02f2c6cb734a0cd6f6f107c673afae\\commons-lang3-3.14.0.jar;C:\\Users\\svenv\\.gradle\\caches\\modules-2\\files-2.1\\io.swagger.core.v3\\swagger-annotations-jakarta\\2.2.22\\1efc0b0af32fce629f0786062c89e8b117abe120\\swagger-annotations-jakarta-2.2.22.jar;C:\\Users\\svenv\\.gradle\\wrapper\\dists\\gradle-8.12-bin\\cetblhg4pflnnks72fxwobvgv\\gradle-8.12\\lib\\plugins\\junit-platform-engine-1.8.2.jar;C:\\Users\\svenv\\.gradle\\wrapper\\dists\\gradle-8.12-bin\\cetblhg4pflnnks72fxwobvgv\\gradle-8.12\\lib\\plugins\\junit-platform-launcher-1.8.2.jar;C:\\Users\\svenv\\.gradle\\wrapper\\dists\\gradle-8.12-bin\\cetblhg4pflnnks72fxwobvgv\\gradle-8.12\\lib\\plugins\\junit-platform-commons-1.8.2.jar, java.vm.vendor=Oracle Corporation, sun.arch.data.model=64, user.variant=, java.vendor.url=https://java.oracle.com/, user.timezone=Europe/Brussels, jakarta.persistence.sharedCache.mode=UNSPECIFIED, org.jboss.logging.provider=slf4j, java.vm.specification.version=21, os.name=Windows 11, jakarta.persistence.nonJtaDataSource=HikariDataSource (HikariPool-1), user.country=GB, sun.java.launcher=SUN_STANDARD, sun.boot.library.path=C:\Program Files\Java\jdk-21\bin, sun.java.command=worker.org.gradle.process.internal.worker.GradleWorkerMain 'Gradle Test Executor 25', javax.persistence.nonJtaDataSource=HikariDataSource (HikariPool-1), hibernate.transaction.jta.platform=org.hibernate.engine.transaction.jta.platform.internal.NoJtaPlatform@362f4176, jdk.debug=release, sun.cpu.endian=little, hibernate.cdi.extensions=true, user.home=C:\Users\svenv, user.language=en, java.specification.vendor=Oracle Corporation, java.version.date=2024-01-16, java.home=C:\Program Files\Java\jdk-21, spring.profiles.active=test, file.separator=\, java.vm.compressedOopsMode=32-bit, line.separator=
, hibernate.persistenceUnitName=default, java.vm.specification.vendor=Oracle Corporation, java.specification.name=Java Platform API Specification, FILE_LOG_CHARSET=UTF-8, hibernate.transaction.coordinator_class=class org.hibernate.resource.transaction.backend.jdbc.internal.JdbcResourceLocalTransactionCoordinatorBuilderImpl, java.awt.headless=true, jakarta.persistence.validation.mode=AUTO, user.script=, polyglot.engine.WarnInterpreterOnly=false, sun.management.compiler=HotSpot 64-Bit Tiered Compilers, java.runtime.version=21.0.2+13-LTS-58, user.name=svenv, stdout.encoding=Cp1252, path.separator=;, os.version=10.0, java.runtime.name=Java(TM) SE Runtime Environment, file.encoding=UTF-8, java.vm.name=Java HotSpot(TM) 64-Bit Server VM, hibernate.show_sql=true, java.vendor.url.bug=https://bugreport.java.com/bugreport/, java.io.tmpdir=C:\Users\svenv\AppData\Local\Temp\, com.zaxxer.hikari.pool_number=1, java.version=21.0.2, hibernate.physical_naming_strategy=org.hibernate.boot.model.naming.CamelCaseToUnderscoresNamingStrategy, user.dir=C:\Users\svenv\Desktop\workspace\blue-harvest, os.arch=amd64, java.vm.specification.name=Java Virtual Machine Specification, PID=35076, hibernate.default_schema=BLUEHARVEST, org.gradle.internal.worker.tmpdir=C:\Users\svenv\Desktop\workspace\blue-harvest\build\tmp\test\work, sun.os.patch.level=, CONSOLE_LOG_CHARSET=UTF-8, hibernate.boot.CfgXmlAccessService.key=org.hibernate.boot.registry.StandardServiceRegistryBuilder$1@7ce65a05, native.encoding=Cp1252, java.library.path=C:\Program Files\Java\jdk-21\bin;C:\WINDOWS\Sun\Java\bin;C:\WINDOWS\system32;C:\WINDOWS;C:\Program Files\Common Files\Oracle\Java\javapath;C:\WINDOWS\system32;C:\WINDOWS;C:\WINDOWS\System32\Wbem;C:\WINDOWS\System32\WindowsPowerShell\v1.0\;C:\WINDOWS\System32\OpenSSH\;C:\Program Files\Git\cmd;C:\Users\svenv\AppData\Local\Microsoft\WindowsApps;C:\Users\svenv\AppData\Local\Coursier\data\bin;C:\Users\svenv\Desktop\workspace\gradle\gradle-8.12\bin;;., stderr.encoding=Cp1252, java.vendor=Oracle Corporation, java.vm.info=mixed mode, sharing, java.vm.version=21.0.2+13-LTS-58, sun.io.unicode.encoding=UnicodeLittle, hibernate.archive.scanner=org.hibernate.boot.archive.scan.internal.DisabledScanner, hibernate.connection.datasource=HikariDataSource (HikariPool-1), java.class.version=65.0}
2025-01-24T15:59:34.753+01:00 DEBUG 35076 --- [    Test worker] o.hibernate.internal.SessionFactoryImpl  : Session factory constructed with filter configurations : {}
2025-01-24T15:59:34.761+01:00 DEBUG 35076 --- [    Test worker] o.h.v.i.xml.config.ValidationXmlParser   : Trying to load META-INF/validation.xml for XML based Validator configuration.
2025-01-24T15:59:34.762+01:00 DEBUG 35076 --- [    Test worker] o.h.v.i.xml.config.ResourceLoaderHelper  : Trying to load META-INF/validation.xml via TCCL
2025-01-24T15:59:34.762+01:00 DEBUG 35076 --- [    Test worker] o.h.v.i.xml.config.ResourceLoaderHelper  : Trying to load META-INF/validation.xml via Hibernate Validator's class loader
2025-01-24T15:59:34.762+01:00 DEBUG 35076 --- [    Test worker] o.h.v.i.xml.config.ValidationXmlParser   : No META-INF/validation.xml found. Using annotation based configuration only.
2025-01-24T15:59:34.762+01:00 DEBUG 35076 --- [    Test worker] o.h.v.i.e.resolver.TraversableResolvers  : Found jakarta.persistence.Persistence on classpath containing 'getPersistenceUtil'. Assuming JPA 2 environment. Trying to instantiate JPA aware TraversableResolver
2025-01-24T15:59:34.762+01:00 DEBUG 35076 --- [    Test worker] o.h.v.i.e.resolver.TraversableResolvers  : Instantiated JPA aware TraversableResolver of type org.hibernate.validator.internal.engine.resolver.JPATraversableResolver.
2025-01-24T15:59:34.763+01:00 DEBUG 35076 --- [    Test worker] .h.v.m.ResourceBundleMessageInterpolator : Loaded expression factory via original TCCL
2025-01-24T15:59:34.765+01:00 DEBUG 35076 --- [    Test worker] .i.e.ValidatorFactoryConfigurationHelper : HV000252: Using org.hibernate.validator.internal.engine.DefaultPropertyNodeNameProvider as property node name provider.
2025-01-24T15:59:34.766+01:00 DEBUG 35076 --- [    Test worker] .i.e.ValidatorFactoryConfigurationHelper : HV000234: Using org.hibernate.validator.messageinterpolation.ResourceBundleMessageInterpolator as ValidatorFactory-scoped message interpolator.
2025-01-24T15:59:34.767+01:00 DEBUG 35076 --- [    Test worker] .i.e.ValidatorFactoryConfigurationHelper : HV000234: Using org.hibernate.validator.internal.engine.resolver.JPATraversableResolver as ValidatorFactory-scoped traversable resolver.
2025-01-24T15:59:34.767+01:00 DEBUG 35076 --- [    Test worker] .i.e.ValidatorFactoryConfigurationHelper : HV000234: Using org.hibernate.validator.internal.util.ExecutableParameterNameProvider as ValidatorFactory-scoped parameter name provider.
2025-01-24T15:59:34.767+01:00 DEBUG 35076 --- [    Test worker] .i.e.ValidatorFactoryConfigurationHelper : HV000234: Using org.hibernate.validator.internal.engine.DefaultClockProvider as ValidatorFactory-scoped clock provider.
2025-01-24T15:59:34.767+01:00 DEBUG 35076 --- [    Test worker] .i.e.ValidatorFactoryConfigurationHelper : HV000234: Using org.hibernate.validator.internal.engine.scripting.DefaultScriptEvaluatorFactory as ValidatorFactory-scoped script evaluator factory.
2025-01-24T15:59:34.770+01:00 DEBUG 35076 --- [    Test worker] o.h.boot.internal.ClassLoaderAccessImpl  : Not known whether passed class name [com.blueharvest.spi.Transaction] is safe
2025-01-24T15:59:34.770+01:00 DEBUG 35076 --- [    Test worker] o.h.boot.internal.ClassLoaderAccessImpl  : No temp ClassLoader provided; using live ClassLoader for loading potentially unsafe class : com.blueharvest.spi.Transaction
2025-01-24T15:59:34.814+01:00 DEBUG 35076 --- [    Test worker] o.h.boot.internal.ClassLoaderAccessImpl  : Not known whether passed class name [com.blueharvest.spi.User] is safe
2025-01-24T15:59:34.814+01:00 DEBUG 35076 --- [    Test worker] o.h.boot.internal.ClassLoaderAccessImpl  : No temp ClassLoader provided; using live ClassLoader for loading potentially unsafe class : com.blueharvest.spi.User
2025-01-24T15:59:34.819+01:00 DEBUG 35076 --- [    Test worker] o.h.boot.internal.ClassLoaderAccessImpl  : Not known whether passed class name [com.blueharvest.spi.Account] is safe
2025-01-24T15:59:34.819+01:00 DEBUG 35076 --- [    Test worker] o.h.boot.internal.ClassLoaderAccessImpl  : No temp ClassLoader provided; using live ClassLoader for loading potentially unsafe class : com.blueharvest.spi.Account
2025-01-24T15:59:34.826+01:00 DEBUG 35076 --- [    Test worker] .h.s.i.SessionFactoryServiceRegistryImpl : EventListenerRegistry access via ServiceRegistry is deprecated.  Use `sessionFactory.getEventEngine().getListenerRegistry()` instead
2025-01-24T15:59:34.835+01:00 DEBUG 35076 --- [    Test worker] .h.t.s.s.SchemaManagementToolCoordinator : No schema actions specified for contributor `orm`; doing nothing
2025-01-24T15:59:34.909+01:00 DEBUG 35076 --- [    Test worker] o.h.q.sqm.function.SqmFunctionRegistry   : Registered SqmFunctionTemplate [NamedSqmFunctionTemplate(max)] under max; prior registration was null
2025-01-24T15:59:34.909+01:00 DEBUG 35076 --- [    Test worker] o.h.q.sqm.function.SqmFunctionRegistry   : Registered SqmFunctionTemplate [NamedSqmFunctionTemplate(min)] under min; prior registration was null
2025-01-24T15:59:34.910+01:00 DEBUG 35076 --- [    Test worker] o.h.q.sqm.function.SqmFunctionRegistry   : Registered SqmFunctionTemplate [NamedSqmFunctionTemplate(sum)] under sum; prior registration was null
2025-01-24T15:59:34.912+01:00 DEBUG 35076 --- [    Test worker] o.h.q.sqm.function.SqmFunctionRegistry   : Registered SqmFunctionTemplate [NamedSqmFunctionTemplate(avg)] under avg; prior registration was null
2025-01-24T15:59:34.916+01:00 DEBUG 35076 --- [    Test worker] o.h.q.sqm.function.SqmFunctionRegistry   : Registered SqmFunctionTemplate [org.hibernate.dialect.function.CountFunction@166323b9] under count; prior registration was null
2025-01-24T15:59:34.919+01:00 DEBUG 35076 --- [    Test worker] o.h.q.sqm.function.SqmFunctionRegistry   : Registered SqmFunctionTemplate [org.hibernate.dialect.function.EveryAnyEmulation@e4e7ae8] under every; prior registration was null
2025-01-24T15:59:34.919+01:00 DEBUG 35076 --- [    Test worker] o.h.q.sqm.function.SqmFunctionRegistry   : Registered SqmFunctionTemplate [org.hibernate.dialect.function.EveryAnyEmulation@1266ab] under any; prior registration was null
2025-01-24T15:59:34.920+01:00 DEBUG 35076 --- [    Test worker] o.h.q.sqm.function.SqmFunctionRegistry   : Registered SqmFunctionTemplate [NamedSqmFunctionTemplate(floor)] under floor; prior registration was null
2025-01-24T15:59:34.920+01:00 DEBUG 35076 --- [    Test worker] o.h.q.sqm.function.SqmFunctionRegistry   : Registered SqmFunctionTemplate [NamedSqmFunctionTemplate(ceiling)] under ceiling; prior registration was null
2025-01-24T15:59:34.921+01:00 DEBUG 35076 --- [    Test worker] o.h.q.sqm.function.SqmFunctionRegistry   : Registered SqmFunctionTemplate [NamedSqmFunctionTemplate(mod)] under mod; prior registration was null
2025-01-24T15:59:34.921+01:00 DEBUG 35076 --- [    Test worker] o.h.q.sqm.function.SqmFunctionRegistry   : Registered SqmFunctionTemplate [NamedSqmFunctionTemplate(abs)] under abs; prior registration was null
2025-01-24T15:59:34.921+01:00 DEBUG 35076 --- [    Test worker] o.h.q.sqm.function.SqmFunctionRegistry   : Registered SqmFunctionTemplate [NamedSqmFunctionTemplate(sign)] under sign; prior registration was null
2025-01-24T15:59:34.921+01:00 DEBUG 35076 --- [    Test worker] o.h.q.sqm.function.SqmFunctionRegistry   : Registered SqmFunctionTemplate [NamedSqmFunctionTemplate(sqrt)] under sqrt; prior registration was null
2025-01-24T15:59:34.922+01:00 DEBUG 35076 --- [    Test worker] o.h.q.sqm.function.SqmFunctionRegistry   : Registered SqmFunctionTemplate [NamedSqmFunctionTemplate(ln)] under ln; prior registration was null
2025-01-24T15:59:34.922+01:00 DEBUG 35076 --- [    Test worker] o.h.q.sqm.function.SqmFunctionRegistry   : Registered SqmFunctionTemplate [NamedSqmFunctionTemplate(exp)] under exp; prior registration was null
2025-01-24T15:59:34.922+01:00 DEBUG 35076 --- [    Test worker] o.h.q.sqm.function.SqmFunctionRegistry   : Registered SqmFunctionTemplate [NamedSqmFunctionTemplate(power)] under power; prior registration was null
2025-01-24T15:59:34.924+01:00 DEBUG 35076 --- [    Test worker] o.h.q.sqm.function.SqmFunctionRegistry   : Registered SqmFunctionTemplate [NamedSqmFunctionTemplate(round)] under round; prior registration was null
2025-01-24T15:59:34.924+01:00 DEBUG 35076 --- [    Test worker] o.h.q.sqm.function.SqmFunctionRegistry   : Registered SqmFunctionTemplate [NamedSqmFunctionTemplate(sin)] under sin; prior registration was null
2025-01-24T15:59:34.924+01:00 DEBUG 35076 --- [    Test worker] o.h.q.sqm.function.SqmFunctionRegistry   : Registered SqmFunctionTemplate [NamedSqmFunctionTemplate(cos)] under cos; prior registration was null
2025-01-24T15:59:34.925+01:00 DEBUG 35076 --- [    Test worker] o.h.q.sqm.function.SqmFunctionRegistry   : Registered SqmFunctionTemplate [NamedSqmFunctionTemplate(tan)] under tan; prior registration was null
2025-01-24T15:59:34.925+01:00 DEBUG 35076 --- [    Test worker] o.h.q.sqm.function.SqmFunctionRegistry   : Registered SqmFunctionTemplate [NamedSqmFunctionTemplate(asin)] under asin; prior registration was null
2025-01-24T15:59:34.925+01:00 DEBUG 35076 --- [    Test worker] o.h.q.sqm.function.SqmFunctionRegistry   : Registered SqmFunctionTemplate [NamedSqmFunctionTemplate(acos)] under acos; prior registration was null
2025-01-24T15:59:34.925+01:00 DEBUG 35076 --- [    Test worker] o.h.q.sqm.function.SqmFunctionRegistry   : Registered SqmFunctionTemplate [NamedSqmFunctionTemplate(atan)] under atan; prior registration was null
2025-01-24T15:59:34.925+01:00 DEBUG 35076 --- [    Test worker] o.h.q.sqm.function.SqmFunctionRegistry   : Registered SqmFunctionTemplate [NamedSqmFunctionTemplate(atan2)] under atan2; prior registration was null
2025-01-24T15:59:34.930+01:00 DEBUG 35076 --- [    Test worker] o.h.q.sqm.function.SqmFunctionRegistry   : Registered SqmFunctionTemplate [org.hibernate.query.sqm.function.PatternBasedSqmFunctionDescriptor@4e80ba38] under sinh; prior registration was null
2025-01-24T15:59:34.931+01:00 DEBUG 35076 --- [    Test worker] o.h.q.sqm.function.SqmFunctionRegistry   : Registered SqmFunctionTemplate [org.hibernate.query.sqm.function.PatternBasedSqmFunctionDescriptor@8d92b1e] under cosh; prior registration was null
2025-01-24T15:59:34.931+01:00 DEBUG 35076 --- [    Test worker] o.h.q.sqm.function.SqmFunctionRegistry   : Registered SqmFunctionTemplate [org.hibernate.query.sqm.function.PatternBasedSqmFunctionDescriptor@737fbdc2] under tanh; prior registration was null
2025-01-24T15:59:34.931+01:00 DEBUG 35076 --- [    Test worker] o.h.q.sqm.function.SqmFunctionRegistry   : Registered SqmFunctionTemplate [org.hibernate.query.sqm.function.PatternBasedSqmFunctionDescriptor@3f81872b] under pi; prior registration was null
2025-01-24T15:59:34.931+01:00 DEBUG 35076 --- [    Test worker] o.h.q.sqm.function.SqmFunctionRegistry   : Registered SqmFunctionTemplate [org.hibernate.query.sqm.function.PatternBasedSqmFunctionDescriptor@749bbb99] under log; prior registration was null
2025-01-24T15:59:34.932+01:00 DEBUG 35076 --- [    Test worker] o.h.q.sqm.function.SqmFunctionRegistry   : Registered SqmFunctionTemplate [NamedSqmFunctionTemplate(coalesce)] under coalesce; prior registration was null
2025-01-24T15:59:34.932+01:00 DEBUG 35076 --- [    Test worker] o.h.q.sqm.function.SqmFunctionRegistry   : Registered SqmFunctionTemplate [NamedSqmFunctionTemplate(nullif)] under nullif; prior registration was null
2025-01-24T15:59:34.932+01:00 DEBUG 35076 --- [    Test worker] o.h.q.sqm.function.SqmFunctionRegistry   : Registered SqmFunctionTemplate [NamedSqmFunctionTemplate(left)] under left; prior registration was null
2025-01-24T15:59:34.932+01:00 DEBUG 35076 --- [    Test worker] o.h.q.sqm.function.SqmFunctionRegistry   : Registered SqmFunctionTemplate [NamedSqmFunctionTemplate(right)] under right; prior registration was null
2025-01-24T15:59:34.933+01:00 DEBUG 35076 --- [    Test worker] o.h.q.sqm.function.SqmFunctionRegistry   : Registered SqmFunctionTemplate [NamedSqmFunctionTemplate(replace)] under replace; prior registration was null
2025-01-24T15:59:34.933+01:00 DEBUG 35076 --- [    Test worker] o.h.q.sqm.function.SqmFunctionRegistry   : Registered SqmFunctionTemplate [NamedSqmFunctionTemplate(concat)] under concat; prior registration was null
2025-01-24T15:59:34.933+01:00 DEBUG 35076 --- [    Test worker] o.h.q.sqm.function.SqmFunctionRegistry   : Registered SqmFunctionTemplate [NamedSqmFunctionTemplate(lower)] under lower; prior registration was null
2025-01-24T15:59:34.933+01:00 DEBUG 35076 --- [    Test worker] o.h.q.sqm.function.SqmFunctionRegistry   : Registered SqmFunctionTemplate [NamedSqmFunctionTemplate(upper)] under upper; prior registration was null
2025-01-24T15:59:34.933+01:00 DEBUG 35076 --- [    Test worker] o.h.q.sqm.function.SqmFunctionRegistry   : Registered SqmFunctionTemplate [NamedSqmFunctionTemplate(substring)] under substring; prior registration was null
2025-01-24T15:59:34.934+01:00 DEBUG 35076 --- [    Test worker] o.h.q.sqm.function.SqmFunctionRegistry   : Registered SqmFunctionTemplate [NamedSqmFunctionTemplate(locate)] under locate; prior registration was null
2025-01-24T15:59:34.934+01:00 DEBUG 35076 --- [    Test worker] o.h.q.sqm.function.SqmFunctionRegistry   : Registered SqmFunctionTemplate [NamedSqmFunctionTemplate(character_length)] under character_length; prior registration was null
2025-01-24T15:59:34.934+01:00 DEBUG 35076 --- [    Test worker] o.h.q.sqm.function.SqmFunctionRegistry   : Registering alternate key : length -> character_length
2025-01-24T15:59:34.936+01:00 DEBUG 35076 --- [    Test worker] o.h.q.sqm.function.SqmFunctionRegistry   : Registered SqmFunctionTemplate [org.hibernate.dialect.function.LocatePositionEmulation@4906fbd0] under position; prior registration was null
2025-01-24T15:59:34.940+01:00 DEBUG 35076 --- [    Test worker] o.h.q.sqm.function.SqmFunctionRegistry   : Registered SqmFunctionTemplate [org.hibernate.dialect.function.InsertSubstringOverlayEmulation@3b5d1662] under overlay; prior registration was null
2025-01-24T15:59:34.941+01:00 DEBUG 35076 --- [    Test worker] o.h.q.sqm.function.SqmFunctionRegistry   : Registered SqmFunctionTemplate [org.hibernate.dialect.function.TrimFunction@70d444ed] under trim; prior registration was null
2025-01-24T15:59:34.943+01:00 DEBUG 35076 --- [    Test worker] o.h.q.sqm.function.SqmFunctionRegistry   : Registered SqmFunctionTemplate [org.hibernate.dialect.function.CastFunction@20652a8b] under cast; prior registration was null
2025-01-24T15:59:34.943+01:00 DEBUG 35076 --- [    Test worker] o.h.q.sqm.function.SqmFunctionRegistry   : Registered SqmFunctionTemplate [org.hibernate.query.sqm.function.PatternBasedSqmFunctionDescriptor@267f174a] under collate; prior registration was null
2025-01-24T15:59:34.945+01:00 DEBUG 35076 --- [    Test worker] o.h.q.sqm.function.SqmFunctionRegistry   : Registered SqmFunctionTemplate [org.hibernate.dialect.function.ExtractFunction@763a602] under extract; prior registration was null
2025-01-24T15:59:34.945+01:00 DEBUG 35076 --- [    Test worker] o.h.q.sqm.function.SqmFunctionRegistry   : Registered SqmFunctionTemplate [NamedSqmFunctionTemplate(least)] under least; prior registration was null
2025-01-24T15:59:34.945+01:00 DEBUG 35076 --- [    Test worker] o.h.q.sqm.function.SqmFunctionRegistry   : Registered SqmFunctionTemplate [NamedSqmFunctionTemplate(greatest)] under greatest; prior registration was null
2025-01-24T15:59:34.946+01:00 DEBUG 35076 --- [    Test worker] o.h.q.sqm.function.SqmFunctionRegistry   : Registered SqmFunctionTemplate [org.hibernate.dialect.function.CoalesceIfnullEmulation@1e6311b2] under ifnull; prior registration was null
2025-01-24T15:59:34.946+01:00 DEBUG 35076 --- [    Test worker] o.h.q.sqm.function.SqmFunctionRegistry   : Registered SqmFunctionTemplate [NamedSqmFunctionTemplate(lpad)] under lpad; prior registration was null
2025-01-24T15:59:34.946+01:00 DEBUG 35076 --- [    Test worker] o.h.q.sqm.function.SqmFunctionRegistry   : Registered SqmFunctionTemplate [NamedSqmFunctionTemplate(rpad)] under rpad; prior registration was null
2025-01-24T15:59:34.947+01:00 DEBUG 35076 --- [    Test worker] o.h.q.sqm.function.SqmFunctionRegistry   : Registered SqmFunctionTemplate [org.hibernate.dialect.function.LpadRpadPadEmulation@747fa2b5] under pad; prior registration was null
2025-01-24T15:59:34.949+01:00 DEBUG 35076 --- [    Test worker] o.h.q.sqm.function.SqmFunctionRegistry   : Registered SqmFunctionTemplate [org.hibernate.dialect.function.CastStrEmulation@486c3088] under str; prior registration was null
2025-01-24T15:59:34.954+01:00 DEBUG 35076 --- [    Test worker] o.h.q.sqm.function.SqmFunctionRegistry   : Registered SqmFunctionTemplate [org.hibernate.dialect.function.FormatFunction@72364ff1] under format; prior registration was null
2025-01-24T15:59:34.955+01:00 DEBUG 35076 --- [    Test worker] o.h.q.sqm.function.SqmFunctionRegistry   : Registered SqmFunctionTemplate [org.hibernate.dialect.function.TimestampaddFunction@270d54ea] under timestampadd; prior registration was null
2025-01-24T15:59:34.957+01:00 DEBUG 35076 --- [    Test worker] o.h.q.sqm.function.SqmFunctionRegistry   : Registered SqmFunctionTemplate [org.hibernate.dialect.function.TimestampdiffFunction@30a0c356] under timestampdiff; prior registration was null
2025-01-24T15:59:34.957+01:00 DEBUG 35076 --- [    Test worker] o.h.q.sqm.function.SqmFunctionRegistry   : Registering alternate key : dateadd -> timestampadd
2025-01-24T15:59:34.957+01:00 DEBUG 35076 --- [    Test worker] o.h.q.sqm.function.SqmFunctionRegistry   : Registering alternate key : datediff -> timestampdiff
2025-01-24T15:59:34.958+01:00 DEBUG 35076 --- [    Test worker] o.h.q.sqm.function.SqmFunctionRegistry   : Registered SqmFunctionTemplate [org.hibernate.dialect.function.CurrentFunction@30a96cd5] under current_date; prior registration was null
2025-01-24T15:59:34.958+01:00 DEBUG 35076 --- [    Test worker] o.h.q.sqm.function.SqmFunctionRegistry   : Registered SqmFunctionTemplate [org.hibernate.dialect.function.CurrentFunction@1620ca32] under current_time; prior registration was null
2025-01-24T15:59:34.958+01:00 DEBUG 35076 --- [    Test worker] o.h.q.sqm.function.SqmFunctionRegistry   : Registered SqmFunctionTemplate [org.hibernate.dialect.function.CurrentFunction@6b35f9c] under current_timestamp; prior registration was null
2025-01-24T15:59:34.959+01:00 DEBUG 35076 --- [    Test worker] o.h.q.sqm.function.SqmFunctionRegistry   : Registering alternate key : current date -> current_date
2025-01-24T15:59:34.959+01:00 DEBUG 35076 --- [    Test worker] o.h.q.sqm.function.SqmFunctionRegistry   : Registering alternate key : current time -> current_time
2025-01-24T15:59:34.959+01:00 DEBUG 35076 --- [    Test worker] o.h.q.sqm.function.SqmFunctionRegistry   : Registering alternate key : current timestamp -> current_timestamp
2025-01-24T15:59:34.959+01:00 DEBUG 35076 --- [    Test worker] o.h.q.sqm.function.SqmFunctionRegistry   : Registered SqmFunctionTemplate [org.hibernate.dialect.function.CurrentFunction@2d94467b] under local_date; prior registration was null
2025-01-24T15:59:34.959+01:00 DEBUG 35076 --- [    Test worker] o.h.q.sqm.function.SqmFunctionRegistry   : Registered SqmFunctionTemplate [org.hibernate.dialect.function.CurrentFunction@562058d8] under local_time; prior registration was null
2025-01-24T15:59:34.959+01:00 DEBUG 35076 --- [    Test worker] o.h.q.sqm.function.SqmFunctionRegistry   : Registered SqmFunctionTemplate [org.hibernate.dialect.function.CurrentFunction@46416974] under local_datetime; prior registration was null
2025-01-24T15:59:34.959+01:00 DEBUG 35076 --- [    Test worker] o.h.q.sqm.function.SqmFunctionRegistry   : Registered SqmFunctionTemplate [org.hibernate.dialect.function.CurrentFunction@5a12819f] under offset_datetime; prior registration was null
2025-01-24T15:59:34.959+01:00 DEBUG 35076 --- [    Test worker] o.h.q.sqm.function.SqmFunctionRegistry   : Registering alternate key : local date -> local_date
2025-01-24T15:59:34.960+01:00 DEBUG 35076 --- [    Test worker] o.h.q.sqm.function.SqmFunctionRegistry   : Registering alternate key : local time -> local_time
2025-01-24T15:59:34.960+01:00 DEBUG 35076 --- [    Test worker] o.h.q.sqm.function.SqmFunctionRegistry   : Registering alternate key : local datetime -> local_datetime
2025-01-24T15:59:34.960+01:00 DEBUG 35076 --- [    Test worker] o.h.q.sqm.function.SqmFunctionRegistry   : Registering alternate key : offset datetime -> offset_datetime
2025-01-24T15:59:34.960+01:00 DEBUG 35076 --- [    Test worker] o.h.q.sqm.function.SqmFunctionRegistry   : Registered SqmFunctionTemplate [org.hibernate.dialect.function.CurrentFunction@55baa338] under instant; prior registration was null
2025-01-24T15:59:34.960+01:00 DEBUG 35076 --- [    Test worker] o.h.q.sqm.function.SqmFunctionRegistry   : Registering alternate key : current_instant -> instant
2025-01-24T15:59:34.962+01:00 DEBUG 35076 --- [    Test worker] o.h.q.sqm.function.SqmFunctionRegistry   : Registered SqmFunctionTemplate [org.hibernate.dialect.function.SqlFunction@454db313] under sql; prior registration was null
2025-01-24T15:59:34.962+01:00 DEBUG 35076 --- [    Test worker] o.h.q.sqm.function.SqmFunctionRegistry   : Registered SqmFunctionTemplate [NamedSqmFunctionTemplate(max)] under max; prior registration was NamedSqmFunctionTemplate(max)
2025-01-24T15:59:34.963+01:00 DEBUG 35076 --- [    Test worker] o.h.q.sqm.function.SqmFunctionRegistry   : Registered SqmFunctionTemplate [NamedSqmFunctionTemplate(min)] under min; prior registration was NamedSqmFunctionTemplate(min)
2025-01-24T15:59:34.963+01:00 DEBUG 35076 --- [    Test worker] o.h.q.sqm.function.SqmFunctionRegistry   : Registered SqmFunctionTemplate [NamedSqmFunctionTemplate(sum)] under sum; prior registration was NamedSqmFunctionTemplate(sum)
2025-01-24T15:59:34.964+01:00 DEBUG 35076 --- [    Test worker] o.h.q.sqm.function.SqmFunctionRegistry   : Registered SqmFunctionTemplate [NamedSqmFunctionTemplate(avg)] under avg; prior registration was NamedSqmFunctionTemplate(avg)
2025-01-24T15:59:34.964+01:00 DEBUG 35076 --- [    Test worker] o.h.q.sqm.function.SqmFunctionRegistry   : Registered SqmFunctionTemplate [org.hibernate.dialect.function.CountFunction@7194dae5] under count; prior registration was org.hibernate.dialect.function.CountFunction@166323b9
2025-01-24T15:59:34.966+01:00 DEBUG 35076 --- [    Test worker] o.h.q.sqm.function.SqmFunctionRegistry   : Registered SqmFunctionTemplate [org.hibernate.dialect.function.AvgFunction@5262253e] under avg; prior registration was NamedSqmFunctionTemplate(avg)
2025-01-24T15:59:34.966+01:00 DEBUG 35076 --- [    Test worker] o.h.q.sqm.function.SqmFunctionRegistry   : Registered SqmFunctionTemplate [NamedSqmFunctionTemplate(pi)] under pi; prior registration was org.hibernate.query.sqm.function.PatternBasedSqmFunctionDescriptor@3f81872b
2025-01-24T15:59:34.966+01:00 DEBUG 35076 --- [    Test worker] o.h.q.sqm.function.SqmFunctionRegistry   : Registered SqmFunctionTemplate [NamedSqmFunctionTemplate(cot)] under cot; prior registration was null
2025-01-24T15:59:34.966+01:00 DEBUG 35076 --- [    Test worker] o.h.q.sqm.function.SqmFunctionRegistry   : Registered SqmFunctionTemplate [NamedSqmFunctionTemplate(radians)] under radians; prior registration was null
2025-01-24T15:59:34.966+01:00 DEBUG 35076 --- [    Test worker] o.h.q.sqm.function.SqmFunctionRegistry   : Registered SqmFunctionTemplate [NamedSqmFunctionTemplate(degrees)] under degrees; prior registration was null
2025-01-24T15:59:34.966+01:00 DEBUG 35076 --- [    Test worker] o.h.q.sqm.function.SqmFunctionRegistry   : Registered SqmFunctionTemplate [NamedSqmFunctionTemplate(log10)] under log10; prior registration was null
2025-01-24T15:59:34.967+01:00 DEBUG 35076 --- [    Test worker] o.h.q.sqm.function.SqmFunctionRegistry   : Registered SqmFunctionTemplate [org.hibernate.query.sqm.function.PatternBasedSqmFunctionDescriptor@7622892a] under mod; prior registration was NamedSqmFunctionTemplate(mod)
2025-01-24T15:59:34.967+01:00 DEBUG 35076 --- [    Test worker] o.h.q.sqm.function.SqmFunctionRegistry   : Registered SqmFunctionTemplate [NamedSqmFunctionTemplate(rand)] under rand; prior registration was null
2025-01-24T15:59:34.967+01:00 DEBUG 35076 --- [    Test worker] o.h.q.sqm.function.SqmFunctionRegistry   : Registered SqmFunctionTemplate [NamedSqmFunctionTemplate(soundex)] under soundex; prior registration was null
2025-01-24T15:59:34.967+01:00 DEBUG 35076 --- [    Test worker] o.h.q.sqm.function.SqmFunctionRegistry   : Registered SqmFunctionTemplate [NamedSqmFunctionTemplate(translate)] under translate; prior registration was null
2025-01-24T15:59:34.967+01:00 DEBUG 35076 --- [    Test worker] o.h.q.sqm.function.SqmFunctionRegistry   : Registered SqmFunctionTemplate [NamedSqmFunctionTemplate(bitand)] under bitand; prior registration was null
2025-01-24T15:59:34.967+01:00 DEBUG 35076 --- [    Test worker] o.h.q.sqm.function.SqmFunctionRegistry   : Registered SqmFunctionTemplate [NamedSqmFunctionTemplate(bitor)] under bitor; prior registration was null
2025-01-24T15:59:34.967+01:00 DEBUG 35076 --- [    Test worker] o.h.q.sqm.function.SqmFunctionRegistry   : Registered SqmFunctionTemplate [NamedSqmFunctionTemplate(bitxor)] under bitxor; prior registration was null
2025-01-24T15:59:34.967+01:00 DEBUG 35076 --- [    Test worker] o.h.q.sqm.function.SqmFunctionRegistry   : Registered SqmFunctionTemplate [NamedSqmFunctionTemplate(bitnot)] under bitnot; prior registration was null
2025-01-24T15:59:34.967+01:00 DEBUG 35076 --- [    Test worker] o.h.q.sqm.function.SqmFunctionRegistry   : Registered SqmFunctionTemplate [NamedSqmFunctionTemplate(bit_and)] under bit_and; prior registration was null
2025-01-24T15:59:34.968+01:00 DEBUG 35076 --- [    Test worker] o.h.q.sqm.function.SqmFunctionRegistry   : Registered SqmFunctionTemplate [NamedSqmFunctionTemplate(bit_or)] under bit_or; prior registration was null
2025-01-24T15:59:34.968+01:00 DEBUG 35076 --- [    Test worker] o.h.q.sqm.function.SqmFunctionRegistry   : Registered SqmFunctionTemplate [NamedSqmFunctionTemplate(day)] under day; prior registration was null
2025-01-24T15:59:34.968+01:00 DEBUG 35076 --- [    Test worker] o.h.q.sqm.function.SqmFunctionRegistry   : Registered SqmFunctionTemplate [NamedSqmFunctionTemplate(month)] under month; prior registration was null
2025-01-24T15:59:34.968+01:00 DEBUG 35076 --- [    Test worker] o.h.q.sqm.function.SqmFunctionRegistry   : Registered SqmFunctionTemplate [NamedSqmFunctionTemplate(year)] under year; prior registration was null
2025-01-24T15:59:34.968+01:00 DEBUG 35076 --- [    Test worker] o.h.q.sqm.function.SqmFunctionRegistry   : Registered SqmFunctionTemplate [NamedSqmFunctionTemplate(hour)] under hour; prior registration was null
2025-01-24T15:59:34.968+01:00 DEBUG 35076 --- [    Test worker] o.h.q.sqm.function.SqmFunctionRegistry   : Registered SqmFunctionTemplate [NamedSqmFunctionTemplate(minute)] under minute; prior registration was null
2025-01-24T15:59:34.968+01:00 DEBUG 35076 --- [    Test worker] o.h.q.sqm.function.SqmFunctionRegistry   : Registered SqmFunctionTemplate [NamedSqmFunctionTemplate(second)] under second; prior registration was null
2025-01-24T15:59:34.968+01:00 DEBUG 35076 --- [    Test worker] o.h.q.sqm.function.SqmFunctionRegistry   : Registered SqmFunctionTemplate [NamedSqmFunctionTemplate(microsecond)] under microsecond; prior registration was null
2025-01-24T15:59:34.969+01:00 DEBUG 35076 --- [    Test worker] o.h.q.sqm.function.SqmFunctionRegistry   : Registered SqmFunctionTemplate [NamedSqmFunctionTemplate(day_of_week)] under day_of_week; prior registration was null
2025-01-24T15:59:34.969+01:00 DEBUG 35076 --- [    Test worker] o.h.q.sqm.function.SqmFunctionRegistry   : Registered SqmFunctionTemplate [NamedSqmFunctionTemplate(day_of_month)] under day_of_month; prior registration was null
2025-01-24T15:59:34.969+01:00 DEBUG 35076 --- [    Test worker] o.h.q.sqm.function.SqmFunctionRegistry   : Registering alternate key : day -> day_of_month
2025-01-24T15:59:34.969+01:00 DEBUG 35076 --- [    Test worker] o.h.q.sqm.function.SqmFunctionRegistry   : Registered SqmFunctionTemplate [NamedSqmFunctionTemplate(day_of_year)] under day_of_year; prior registration was null
2025-01-24T15:59:34.969+01:00 DEBUG 35076 --- [    Test worker] o.h.q.sqm.function.SqmFunctionRegistry   : Registered SqmFunctionTemplate [NamedSqmFunctionTemplate(week)] under week; prior registration was null
2025-01-24T15:59:34.969+01:00 DEBUG 35076 --- [    Test worker] o.h.q.sqm.function.SqmFunctionRegistry   : Registered SqmFunctionTemplate [NamedSqmFunctionTemplate(quarter)] under quarter; prior registration was null
2025-01-24T15:59:34.969+01:00 DEBUG 35076 --- [    Test worker] o.h.q.sqm.function.SqmFunctionRegistry   : Registered SqmFunctionTemplate [NamedSqmFunctionTemplate(monthname)] under monthname; prior registration was null
2025-01-24T15:59:34.970+01:00 DEBUG 35076 --- [    Test worker] o.h.q.sqm.function.SqmFunctionRegistry   : Registered SqmFunctionTemplate [NamedSqmFunctionTemplate(dayname)] under dayname; prior registration was null
2025-01-24T15:59:34.970+01:00 DEBUG 35076 --- [    Test worker] o.h.q.sqm.function.SqmFunctionRegistry   : Registered SqmFunctionTemplate [NamedSqmFunctionTemplate(localtime)] under localtime; prior registration was null
2025-01-24T15:59:34.970+01:00 DEBUG 35076 --- [    Test worker] o.h.q.sqm.function.SqmFunctionRegistry   : Registered SqmFunctionTemplate [NamedSqmFunctionTemplate(localtimestamp)] under localtimestamp; prior registration was null
2025-01-24T15:59:34.971+01:00 DEBUG 35076 --- [    Test worker] o.h.q.sqm.function.SqmFunctionRegistry   : Registered SqmFunctionTemplate [NamedSqmFunctionTemplate(localtime)] under local_time; prior registration was org.hibernate.dialect.function.CurrentFunction@562058d8
2025-01-24T15:59:34.971+01:00 DEBUG 35076 --- [    Test worker] o.h.q.sqm.function.SqmFunctionRegistry   : Registered SqmFunctionTemplate [NamedSqmFunctionTemplate(localtimestamp)] under local_datetime; prior registration was org.hibernate.dialect.function.CurrentFunction@46416974
2025-01-24T15:59:34.976+01:00 DEBUG 35076 --- [    Test worker] o.h.q.sqm.function.SqmFunctionRegistry   : Registered SqmFunctionTemplate [org.hibernate.dialect.function.TruncFunction@7c0514f] under trunc; prior registration was null
2025-01-24T15:59:34.976+01:00 DEBUG 35076 --- [    Test worker] o.h.q.sqm.function.SqmFunctionRegistry   : Registering alternate key : truncate -> trunc
2025-01-24T15:59:34.976+01:00 DEBUG 35076 --- [    Test worker] o.h.q.sqm.function.SqmFunctionRegistry   : Registered SqmFunctionTemplate [org.hibernate.query.sqm.function.PatternBasedSqmFunctionDescriptor@7315587f] under date_trunc; prior registration was null
2025-01-24T15:59:34.976+01:00 DEBUG 35076 --- [    Test worker] o.h.q.sqm.function.SqmFunctionRegistry   : Registered SqmFunctionTemplate [NamedSqmFunctionTemplate(bit_length)] under bit_length; prior registration was null
2025-01-24T15:59:34.976+01:00 DEBUG 35076 --- [    Test worker] o.h.q.sqm.function.SqmFunctionRegistry   : Registered SqmFunctionTemplate [NamedSqmFunctionTemplate(octet_length)] under octet_length; prior registration was null
2025-01-24T15:59:34.976+01:00 DEBUG 35076 --- [    Test worker] o.h.q.sqm.function.SqmFunctionRegistry   : Registered SqmFunctionTemplate [NamedSqmFunctionTemplate(ascii)] under ascii; prior registration was null
2025-01-24T15:59:34.977+01:00 DEBUG 35076 --- [    Test worker] o.h.q.sqm.function.SqmFunctionRegistry   : Registered SqmFunctionTemplate [NamedSqmFunctionTemplate(octet_length)] under octet_length; prior registration was NamedSqmFunctionTemplate(octet_length)
2025-01-24T15:59:34.977+01:00 DEBUG 35076 --- [    Test worker] o.h.q.sqm.function.SqmFunctionRegistry   : Registered SqmFunctionTemplate [NamedSqmFunctionTemplate(space)] under space; prior registration was null
2025-01-24T15:59:34.977+01:00 DEBUG 35076 --- [    Test worker] o.h.q.sqm.function.SqmFunctionRegistry   : Registered SqmFunctionTemplate [NamedSqmFunctionTemplate(repeat)] under repeat; prior registration was null
2025-01-24T15:59:34.977+01:00 DEBUG 35076 --- [    Test worker] o.h.q.sqm.function.SqmFunctionRegistry   : Registered SqmFunctionTemplate [NamedSqmFunctionTemplate(char)] under char; prior registration was null
2025-01-24T15:59:34.977+01:00 DEBUG 35076 --- [    Test worker] o.h.q.sqm.function.SqmFunctionRegistry   : Registering alternate key : chr -> char
2025-01-24T15:59:34.977+01:00 DEBUG 35076 --- [    Test worker] o.h.q.sqm.function.SqmFunctionRegistry   : Registered SqmFunctionTemplate [NamedSqmFunctionTemplate(instr)] under instr; prior registration was null
2025-01-24T15:59:34.977+01:00 DEBUG 35076 --- [    Test worker] o.h.q.sqm.function.SqmFunctionRegistry   : Registered SqmFunctionTemplate [NamedSqmFunctionTemplate(substr)] under substr; prior registration was null
2025-01-24T15:59:34.977+01:00 DEBUG 35076 --- [    Test worker] o.h.q.sqm.function.SqmFunctionRegistry   : Registered SqmFunctionTemplate [org.hibernate.query.sqm.function.PatternBasedSqmFunctionDescriptor@3182316c] under position; prior registration was org.hibernate.dialect.function.LocatePositionEmulation@4906fbd0
2025-01-24T15:59:34.977+01:00 DEBUG 35076 --- [    Test worker] o.h.q.sqm.function.SqmFunctionRegistry   : Registered SqmFunctionTemplate [NamedSqmFunctionTemplate(ltrim)] under ltrim; prior registration was null
2025-01-24T15:59:34.977+01:00 DEBUG 35076 --- [    Test worker] o.h.q.sqm.function.SqmFunctionRegistry   : Registered SqmFunctionTemplate [NamedSqmFunctionTemplate(rtrim)] under rtrim; prior registration was null
2025-01-24T15:59:34.978+01:00 DEBUG 35076 --- [    Test worker] o.h.q.sqm.function.SqmFunctionRegistry   : Registered SqmFunctionTemplate [org.hibernate.query.sqm.function.PatternBasedSqmFunctionDescriptor@62146774] under concat; prior registration was NamedSqmFunctionTemplate(concat)
2025-01-24T15:59:34.978+01:00 DEBUG 35076 --- [    Test worker] o.h.q.sqm.function.SqmFunctionRegistry   : Registered SqmFunctionTemplate [NamedSqmFunctionTemplate(curtime)] under curtime; prior registration was null
2025-01-24T15:59:34.978+01:00 DEBUG 35076 --- [    Test worker] o.h.q.sqm.function.SqmFunctionRegistry   : Registered SqmFunctionTemplate [NamedSqmFunctionTemplate(curdate)] under curdate; prior registration was null
2025-01-24T15:59:34.978+01:00 DEBUG 35076 --- [    Test worker] o.h.q.sqm.function.SqmFunctionRegistry   : Registered SqmFunctionTemplate [NamedSqmFunctionTemplate(now)] under now; prior registration was null
2025-01-24T15:59:34.978+01:00 DEBUG 35076 --- [    Test worker] o.h.q.sqm.function.SqmFunctionRegistry   : Registered SqmFunctionTemplate [NamedSqmFunctionTemplate(sysdate)] under sysdate; prior registration was null
2025-01-24T15:59:34.978+01:00 DEBUG 35076 --- [    Test worker] o.h.q.sqm.function.SqmFunctionRegistry   : Registered SqmFunctionTemplate [NamedSqmFunctionTemplate(insert)] under insert; prior registration was null
2025-01-24T15:59:34.978+01:00 DEBUG 35076 --- [    Test worker] o.h.q.sqm.function.SqmFunctionRegistry   : Registered SqmFunctionTemplate [NamedSqmFunctionTemplate(bool_and)] under bool_and; prior registration was null
2025-01-24T15:59:34.979+01:00 DEBUG 35076 --- [    Test worker] o.h.q.sqm.function.SqmFunctionRegistry   : Registering alternate key : every -> bool_and
2025-01-24T15:59:34.979+01:00 DEBUG 35076 --- [    Test worker] o.h.q.sqm.function.SqmFunctionRegistry   : Registered SqmFunctionTemplate [NamedSqmFunctionTemplate(bool_or)] under bool_or; prior registration was null
2025-01-24T15:59:34.979+01:00 DEBUG 35076 --- [    Test worker] o.h.q.sqm.function.SqmFunctionRegistry   : Registering alternate key : any -> bool_or
2025-01-24T15:59:34.979+01:00 DEBUG 35076 --- [    Test worker] o.h.q.sqm.function.SqmFunctionRegistry   : Registered SqmFunctionTemplate [NamedSqmFunctionTemplate(median)] under median; prior registration was null
2025-01-24T15:59:34.979+01:00 DEBUG 35076 --- [    Test worker] o.h.q.sqm.function.SqmFunctionRegistry   : Registered SqmFunctionTemplate [NamedSqmFunctionTemplate(stddev_pop)] under stddev_pop; prior registration was null
2025-01-24T15:59:34.979+01:00 DEBUG 35076 --- [    Test worker] o.h.q.sqm.function.SqmFunctionRegistry   : Registered SqmFunctionTemplate [NamedSqmFunctionTemplate(stddev_samp)] under stddev_samp; prior registration was null
2025-01-24T15:59:34.979+01:00 DEBUG 35076 --- [    Test worker] o.h.q.sqm.function.SqmFunctionRegistry   : Registered SqmFunctionTemplate [NamedSqmFunctionTemplate(var_pop)] under var_pop; prior registration was null
2025-01-24T15:59:34.979+01:00 DEBUG 35076 --- [    Test worker] o.h.q.sqm.function.SqmFunctionRegistry   : Registered SqmFunctionTemplate [NamedSqmFunctionTemplate(var_samp)] under var_samp; prior registration was null
2025-01-24T15:59:34.979+01:00 DEBUG 35076 --- [    Test worker] o.h.q.sqm.function.SqmFunctionRegistry   : Registered SqmFunctionTemplate [org.hibernate.dialect.function.FormatFunction@675b0850] under format; prior registration was org.hibernate.dialect.function.FormatFunction@72364ff1
2025-01-24T15:59:34.980+01:00 DEBUG 35076 --- [    Test worker] o.h.q.sqm.function.SqmFunctionRegistry   : Registered SqmFunctionTemplate [NamedSqmFunctionTemplate(rownum)] under rownum; prior registration was null
2025-01-24T15:59:34.980+01:00 DEBUG 35076 --- [    Test worker] o.h.q.sqm.function.SqmFunctionRegistry   : Registered SqmFunctionTemplate [NamedSqmFunctionTemplate(row_number)] under row_number; prior registration was null
2025-01-24T15:59:34.981+01:00 DEBUG 35076 --- [    Test worker] o.h.q.sqm.function.SqmFunctionRegistry   : Registered SqmFunctionTemplate [NamedSqmFunctionTemplate(lag)] under lag; prior registration was null
2025-01-24T15:59:34.981+01:00 DEBUG 35076 --- [    Test worker] o.h.q.sqm.function.SqmFunctionRegistry   : Registered SqmFunctionTemplate [NamedSqmFunctionTemplate(lead)] under lead; prior registration was null
2025-01-24T15:59:34.982+01:00 DEBUG 35076 --- [    Test worker] o.h.q.sqm.function.SqmFunctionRegistry   : Registered SqmFunctionTemplate [NamedSqmFunctionTemplate(first_value)] under first_value; prior registration was null
2025-01-24T15:59:34.982+01:00 DEBUG 35076 --- [    Test worker] o.h.q.sqm.function.SqmFunctionRegistry   : Registered SqmFunctionTemplate [NamedSqmFunctionTemplate(last_value)] under last_value; prior registration was null
2025-01-24T15:59:34.982+01:00 DEBUG 35076 --- [    Test worker] o.h.q.sqm.function.SqmFunctionRegistry   : Registered SqmFunctionTemplate [NamedSqmFunctionTemplate(nth_value)] under nth_value; prior registration was null
2025-01-24T15:59:34.986+01:00 DEBUG 35076 --- [    Test worker] o.h.q.sqm.function.SqmFunctionRegistry   : Registered SqmFunctionTemplate [org.hibernate.dialect.function.ListaggFunction@a09fe7e] under listagg; prior registration was null
2025-01-24T15:59:34.989+01:00 DEBUG 35076 --- [    Test worker] o.h.q.sqm.function.SqmFunctionRegistry   : Registered SqmFunctionTemplate [org.hibernate.dialect.function.InverseDistributionFunction@4e025001] under mode; prior registration was null
2025-01-24T15:59:34.989+01:00 DEBUG 35076 --- [    Test worker] o.h.q.sqm.function.SqmFunctionRegistry   : Registered SqmFunctionTemplate [org.hibernate.dialect.function.InverseDistributionFunction@ce51a54] under percentile_cont; prior registration was null
2025-01-24T15:59:34.989+01:00 DEBUG 35076 --- [    Test worker] o.h.q.sqm.function.SqmFunctionRegistry   : Registered SqmFunctionTemplate [org.hibernate.dialect.function.InverseDistributionFunction@5d22af13] under percentile_disc; prior registration was null
2025-01-24T15:59:34.991+01:00 DEBUG 35076 --- [    Test worker] o.h.q.sqm.function.SqmFunctionRegistry   : Registered SqmFunctionTemplate [org.hibernate.dialect.function.HypotheticalSetFunction@30107313] under rank; prior registration was null
2025-01-24T15:59:34.991+01:00 DEBUG 35076 --- [    Test worker] o.h.q.sqm.function.SqmFunctionRegistry   : Registered SqmFunctionTemplate [org.hibernate.dialect.function.HypotheticalSetFunction@1e6dbdb1] under dense_rank; prior registration was null
2025-01-24T15:59:34.992+01:00 DEBUG 35076 --- [    Test worker] o.h.q.sqm.function.SqmFunctionRegistry   : Registered SqmFunctionTemplate [org.hibernate.dialect.function.HypotheticalSetFunction@80cec05] under percent_rank; prior registration was null
2025-01-24T15:59:34.992+01:00 DEBUG 35076 --- [    Test worker] o.h.q.sqm.function.SqmFunctionRegistry   : Registered SqmFunctionTemplate [org.hibernate.dialect.function.HypotheticalSetFunction@45313248] under cume_dist; prior registration was null
2025-01-24T15:59:34.996+01:00 DEBUG 35076 --- [    Test worker] o.h.q.sqm.function.SqmFunctionRegistry   : Registered SqmFunctionTemplate [org.hibernate.dialect.function.array.ArrayConstructorFunction@235959cb] under array; prior registration was null
2025-01-24T15:59:34.996+01:00 DEBUG 35076 --- [    Test worker] o.h.q.sqm.function.SqmFunctionRegistry   : Registered SqmFunctionTemplate [org.hibernate.dialect.function.array.ArrayConstructorFunction@22125b57] under array_list; prior registration was null
2025-01-24T15:59:34.997+01:00 DEBUG 35076 --- [    Test worker] o.h.q.sqm.function.SqmFunctionRegistry   : Registered SqmFunctionTemplate [org.hibernate.dialect.function.array.ArrayAggFunction@48673a8f] under array_agg; prior registration was null
2025-01-24T15:59:35.006+01:00 DEBUG 35076 --- [    Test worker] o.h.q.sqm.function.SqmFunctionRegistry   : Registered SqmFunctionTemplate [org.hibernate.dialect.function.array.H2ArrayPositionFunction@3f096fa1] under array_position; prior registration was null
2025-01-24T15:59:35.023+01:00 DEBUG 35076 --- [    Test worker] o.h.q.sqm.function.SqmFunctionRegistry   : Registered SqmFunctionTemplate [org.hibernate.dialect.function.array.H2ArrayPositionsFunction@55c38884] under array_positions; prior registration was null
2025-01-24T15:59:35.029+01:00 DEBUG 35076 --- [    Test worker] o.h.q.sqm.function.SqmFunctionRegistry   : Registered SqmFunctionTemplate [org.hibernate.dialect.function.array.H2ArrayPositionsFunction@5d39ef56] under array_positions_list; prior registration was null
2025-01-24T15:59:35.029+01:00 DEBUG 35076 --- [    Test worker] o.h.q.sqm.function.SqmFunctionRegistry   : Registered SqmFunctionTemplate [org.hibernate.query.sqm.function.PatternBasedSqmFunctionDescriptor@967b0a2] under array_length; prior registration was null
2025-01-24T15:59:35.031+01:00 DEBUG 35076 --- [    Test worker] o.h.q.sqm.function.SqmFunctionRegistry   : Registered SqmFunctionTemplate [org.hibernate.dialect.function.array.ArrayConcatFunction@639c8336] under array_concat; prior registration was null
2025-01-24T15:59:35.033+01:00 DEBUG 35076 --- [    Test worker] o.h.q.sqm.function.SqmFunctionRegistry   : Registered SqmFunctionTemplate [org.hibernate.dialect.function.array.ArrayConcatElementFunction@2a2cc1e5] under array_prepend; prior registration was null
2025-01-24T15:59:35.033+01:00 DEBUG 35076 --- [    Test worker] o.h.q.sqm.function.SqmFunctionRegistry   : Registered SqmFunctionTemplate [org.hibernate.dialect.function.array.ArrayConcatElementFunction@1ef06deb] under array_append; prior registration was null
2025-01-24T15:59:35.036+01:00 DEBUG 35076 --- [    Test worker] o.h.q.sqm.function.SqmFunctionRegistry   : Registered SqmFunctionTemplate [org.hibernate.dialect.function.array.H2ArrayContainsFunction@69e7241] under array_contains; prior registration was null
2025-01-24T15:59:35.037+01:00 DEBUG 35076 --- [    Test worker] o.h.q.sqm.function.SqmFunctionRegistry   : Registered SqmFunctionTemplate [org.hibernate.dialect.function.array.H2ArrayContainsFunction@1bc4b731] under array_contains_nullable; prior registration was null
2025-01-24T15:59:35.038+01:00 DEBUG 35076 --- [    Test worker] o.h.q.sqm.function.SqmFunctionRegistry   : Registered SqmFunctionTemplate [org.hibernate.dialect.function.array.H2ArrayOverlapsFunction@10faf070] under array_overlaps; prior registration was null
2025-01-24T15:59:35.039+01:00 DEBUG 35076 --- [    Test worker] o.h.q.sqm.function.SqmFunctionRegistry   : Registered SqmFunctionTemplate [org.hibernate.dialect.function.array.H2ArrayOverlapsFunction@4b493d75] under array_overlaps_nullable; prior registration was null
2025-01-24T15:59:35.040+01:00 DEBUG 35076 --- [    Test worker] o.h.q.sqm.function.SqmFunctionRegistry   : Registered SqmFunctionTemplate [org.hibernate.query.sqm.function.PatternBasedSqmFunctionDescriptor@42f5ee2d] under array_get; prior registration was null
2025-01-24T15:59:35.042+01:00 DEBUG 35076 --- [    Test worker] o.h.q.sqm.function.SqmFunctionRegistry   : Registered SqmFunctionTemplate [org.hibernate.dialect.function.array.H2ArraySetFunction@56c763] under array_set; prior registration was null
2025-01-24T15:59:35.043+01:00 DEBUG 35076 --- [    Test worker] o.h.q.sqm.function.SqmFunctionRegistry   : Registered SqmFunctionTemplate [org.hibernate.dialect.function.array.H2ArrayRemoveFunction@3c6ed296] under array_remove; prior registration was null
2025-01-24T15:59:35.045+01:00 DEBUG 35076 --- [    Test worker] o.h.q.sqm.function.SqmFunctionRegistry   : Registered SqmFunctionTemplate [org.hibernate.dialect.function.array.H2ArrayRemoveIndexFunction@b274834] under array_remove_index; prior registration was null
2025-01-24T15:59:35.045+01:00 DEBUG 35076 --- [    Test worker] o.h.q.sqm.function.SqmFunctionRegistry   : Registered SqmFunctionTemplate [org.hibernate.query.sqm.function.PatternBasedSqmFunctionDescriptor@91cdfb7] under array_slice; prior registration was null
2025-01-24T15:59:35.047+01:00 DEBUG 35076 --- [    Test worker] o.h.q.sqm.function.SqmFunctionRegistry   : Registered SqmFunctionTemplate [org.hibernate.dialect.function.array.H2ArrayReplaceFunction@22406e9b] under array_replace; prior registration was null
2025-01-24T15:59:35.047+01:00 DEBUG 35076 --- [    Test worker] o.h.q.sqm.function.SqmFunctionRegistry   : Registered SqmFunctionTemplate [org.hibernate.query.sqm.function.PatternBasedSqmFunctionDescriptor@60ceb606] under array_trim; prior registration was null
2025-01-24T15:59:35.049+01:00 DEBUG 35076 --- [    Test worker] o.h.q.sqm.function.SqmFunctionRegistry   : Registered SqmFunctionTemplate [org.hibernate.dialect.function.array.H2ArrayFillFunction@37735657] under array_fill; prior registration was null
2025-01-24T15:59:35.049+01:00 DEBUG 35076 --- [    Test worker] o.h.q.sqm.function.SqmFunctionRegistry   : Registered SqmFunctionTemplate [org.hibernate.dialect.function.array.H2ArrayFillFunction@2870e80f] under array_fill_list; prior registration was null
2025-01-24T15:59:35.051+01:00 DEBUG 35076 --- [    Test worker] o.h.q.sqm.function.SqmFunctionRegistry   : Registered SqmFunctionTemplate [org.hibernate.dialect.function.array.H2ArrayToStringFunction@7b60846c] under array_to_string; prior registration was null
2025-01-24T15:59:35.053+01:00 DEBUG 35076 --- [    Test worker] org.hibernate.HQL_FUNCTIONS              : abs(NUMERIC arg)
2025-01-24T15:59:35.053+01:00 DEBUG 35076 --- [    Test worker] org.hibernate.HQL_FUNCTIONS              : Double acos(NUMERIC arg)
2025-01-24T15:59:35.053+01:00 DEBUG 35076 --- [    Test worker] org.hibernate.HQL_FUNCTIONS              : Boolean any(BOOLEAN predicate)
2025-01-24T15:59:35.054+01:00 DEBUG 35076 --- [    Test worker] org.hibernate.HQL_FUNCTIONS              : array( ... )
2025-01-24T15:59:35.054+01:00 DEBUG 35076 --- [    Test worker] org.hibernate.HQL_FUNCTIONS              : array_agg(arg)
2025-01-24T15:59:35.054+01:00 DEBUG 35076 --- [    Test worker] org.hibernate.HQL_FUNCTIONS              : array_append( ... )
2025-01-24T15:59:35.054+01:00 DEBUG 35076 --- [    Test worker] org.hibernate.HQL_FUNCTIONS              : array_concat( ... )
2025-01-24T15:59:35.054+01:00 DEBUG 35076 --- [    Test worker] org.hibernate.HQL_FUNCTIONS              : Boolean array_contains(ARRAY haystackArray, OBJECT needleElementOrArray)
2025-01-24T15:59:35.054+01:00 DEBUG 35076 --- [    Test worker] org.hibernate.HQL_FUNCTIONS              : Boolean array_contains_nullable(ARRAY haystackArray, OBJECT needleElementOrArray)
2025-01-24T15:59:35.054+01:00 DEBUG 35076 --- [    Test worker] org.hibernate.HQL_FUNCTIONS              : array_fill(OBJECT element, INTEGER elementCount)
2025-01-24T15:59:35.054+01:00 DEBUG 35076 --- [    Test worker] org.hibernate.HQL_FUNCTIONS              : array_fill_list(OBJECT element, INTEGER elementCount)
2025-01-24T15:59:35.054+01:00 DEBUG 35076 --- [    Test worker] org.hibernate.HQL_FUNCTIONS              : array_get(ARRAY array, INTEGER index)
2025-01-24T15:59:35.054+01:00 DEBUG 35076 --- [    Test worker] org.hibernate.HQL_FUNCTIONS              : Integer array_length(ARRAY array)
2025-01-24T15:59:35.054+01:00 DEBUG 35076 --- [    Test worker] org.hibernate.HQL_FUNCTIONS              : array_list( ... )
2025-01-24T15:59:35.055+01:00 DEBUG 35076 --- [    Test worker] org.hibernate.HQL_FUNCTIONS              : Boolean array_overlaps(ARRAY array0, OBJECT array1)
2025-01-24T15:59:35.055+01:00 DEBUG 35076 --- [    Test worker] org.hibernate.HQL_FUNCTIONS              : Boolean array_overlaps_nullable(ARRAY array0, OBJECT array1)
2025-01-24T15:59:35.055+01:00 DEBUG 35076 --- [    Test worker] org.hibernate.HQL_FUNCTIONS              : Integer array_position(ARRAY array, OBJECT element[, INTEGER startPosition])
2025-01-24T15:59:35.055+01:00 DEBUG 35076 --- [    Test worker] org.hibernate.HQL_FUNCTIONS              : int[] array_positions(ARRAY array, OBJECT element)
2025-01-24T15:59:35.055+01:00 DEBUG 35076 --- [    Test worker] org.hibernate.HQL_FUNCTIONS              : List array_positions_list(ARRAY array, OBJECT element)
2025-01-24T15:59:35.055+01:00 DEBUG 35076 --- [    Test worker] org.hibernate.HQL_FUNCTIONS              : array_prepend( ... )
2025-01-24T15:59:35.055+01:00 DEBUG 35076 --- [    Test worker] org.hibernate.HQL_FUNCTIONS              : array_remove( ... )
2025-01-24T15:59:35.055+01:00 DEBUG 35076 --- [    Test worker] org.hibernate.HQL_FUNCTIONS              : array_remove_index( ... )
2025-01-24T15:59:35.055+01:00 DEBUG 35076 --- [    Test worker] org.hibernate.HQL_FUNCTIONS              : array_replace( ... )
2025-01-24T15:59:35.055+01:00 DEBUG 35076 --- [    Test worker] org.hibernate.HQL_FUNCTIONS              : array_set( ... )
2025-01-24T15:59:35.056+01:00 DEBUG 35076 --- [    Test worker] org.hibernate.HQL_FUNCTIONS              : array_slice(ARRAY array, INTEGER start, INTEGER end)
2025-01-24T15:59:35.056+01:00 DEBUG 35076 --- [    Test worker] org.hibernate.HQL_FUNCTIONS              : String array_to_string( ... )
2025-01-24T15:59:35.056+01:00 DEBUG 35076 --- [    Test worker] org.hibernate.HQL_FUNCTIONS              : array_trim(ARRAY array, INTEGER elementsToRemove)
2025-01-24T15:59:35.056+01:00 DEBUG 35076 --- [    Test worker] org.hibernate.HQL_FUNCTIONS              : Integer ascii(STRING arg)
2025-01-24T15:59:35.056+01:00 DEBUG 35076 --- [    Test worker] org.hibernate.HQL_FUNCTIONS              : Double asin(NUMERIC arg)
2025-01-24T15:59:35.056+01:00 DEBUG 35076 --- [    Test worker] org.hibernate.HQL_FUNCTIONS              : Double atan(NUMERIC arg)
2025-01-24T15:59:35.056+01:00 DEBUG 35076 --- [    Test worker] org.hibernate.HQL_FUNCTIONS              : Double atan2(NUMERIC arg0, NUMERIC arg1)
2025-01-24T15:59:35.056+01:00 DEBUG 35076 --- [    Test worker] org.hibernate.HQL_FUNCTIONS              : avg(NUMERIC arg)
2025-01-24T15:59:35.057+01:00 DEBUG 35076 --- [    Test worker] org.hibernate.HQL_FUNCTIONS              : bit_and(arg)
2025-01-24T15:59:35.057+01:00 DEBUG 35076 --- [    Test worker] org.hibernate.HQL_FUNCTIONS              : Integer bit_length(STRING_OR_CLOB arg)
2025-01-24T15:59:35.058+01:00 DEBUG 35076 --- [    Test worker] org.hibernate.HQL_FUNCTIONS              : bit_or(arg)
2025-01-24T15:59:35.058+01:00 DEBUG 35076 --- [    Test worker] org.hibernate.HQL_FUNCTIONS              : bitand(arg0, arg1)
2025-01-24T15:59:35.059+01:00 DEBUG 35076 --- [    Test worker] org.hibernate.HQL_FUNCTIONS              : bitnot(arg)
2025-01-24T15:59:35.059+01:00 DEBUG 35076 --- [    Test worker] org.hibernate.HQL_FUNCTIONS              : bitor(arg0, arg1)
2025-01-24T15:59:35.059+01:00 DEBUG 35076 --- [    Test worker] org.hibernate.HQL_FUNCTIONS              : bitxor(arg0, arg1)
2025-01-24T15:59:35.059+01:00 DEBUG 35076 --- [    Test worker] org.hibernate.HQL_FUNCTIONS              : Boolean bool_and(BOOLEAN predicate)
2025-01-24T15:59:35.059+01:00 DEBUG 35076 --- [    Test worker] org.hibernate.HQL_FUNCTIONS              : Boolean bool_or(BOOLEAN predicate)
2025-01-24T15:59:35.059+01:00 DEBUG 35076 --- [    Test worker] org.hibernate.HQL_FUNCTIONS              : cast(arg as Type)
2025-01-24T15:59:35.059+01:00 DEBUG 35076 --- [    Test worker] org.hibernate.HQL_FUNCTIONS              : ceiling(NUMERIC arg)
2025-01-24T15:59:35.059+01:00 DEBUG 35076 --- [    Test worker] org.hibernate.HQL_FUNCTIONS              : Character char(INTEGER arg)
2025-01-24T15:59:35.060+01:00 DEBUG 35076 --- [    Test worker] org.hibernate.HQL_FUNCTIONS              : Integer character_length(STRING_OR_CLOB arg)
2025-01-24T15:59:35.060+01:00 DEBUG 35076 --- [    Test worker] org.hibernate.HQL_FUNCTIONS              : Character chr(INTEGER arg)
2025-01-24T15:59:35.060+01:00 DEBUG 35076 --- [    Test worker] org.hibernate.HQL_FUNCTIONS              : coalesce(arg0[, arg1[, ...]])
2025-01-24T15:59:35.061+01:00 DEBUG 35076 --- [    Test worker] org.hibernate.HQL_FUNCTIONS              : String collate(STRING string as COLLATION collation)
2025-01-24T15:59:35.061+01:00 DEBUG 35076 --- [    Test worker] org.hibernate.HQL_FUNCTIONS              : String concat(STRING string0[, STRING string1[, ...]])
2025-01-24T15:59:35.062+01:00 DEBUG 35076 --- [    Test worker] org.hibernate.HQL_FUNCTIONS              : Double cos(NUMERIC arg)
2025-01-24T15:59:35.062+01:00 DEBUG 35076 --- [    Test worker] org.hibernate.HQL_FUNCTIONS              : Double cosh(NUMERIC arg)
2025-01-24T15:59:35.063+01:00 DEBUG 35076 --- [    Test worker] org.hibernate.HQL_FUNCTIONS              : Double cot(NUMERIC arg)
2025-01-24T15:59:35.063+01:00 DEBUG 35076 --- [    Test worker] org.hibernate.HQL_FUNCTIONS              : Long count([distinct ]{arg|*})
2025-01-24T15:59:35.065+01:00 DEBUG 35076 --- [    Test worker] org.hibernate.HQL_FUNCTIONS              : Double cume_dist([arg0[, ...]])
2025-01-24T15:59:35.065+01:00 DEBUG 35076 --- [    Test worker] org.hibernate.HQL_FUNCTIONS              : Date curdate()
2025-01-24T15:59:35.066+01:00 DEBUG 35076 --- [    Test worker] org.hibernate.HQL_FUNCTIONS              : Date current date
2025-01-24T15:59:35.066+01:00 DEBUG 35076 --- [    Test worker] org.hibernate.HQL_FUNCTIONS              : Time current time
2025-01-24T15:59:35.066+01:00 DEBUG 35076 --- [    Test worker] org.hibernate.HQL_FUNCTIONS              : Timestamp current timestamp
2025-01-24T15:59:35.066+01:00 DEBUG 35076 --- [    Test worker] org.hibernate.HQL_FUNCTIONS              : Date current_date
2025-01-24T15:59:35.066+01:00 DEBUG 35076 --- [    Test worker] org.hibernate.HQL_FUNCTIONS              : Instant current_instant
2025-01-24T15:59:35.066+01:00 DEBUG 35076 --- [    Test worker] org.hibernate.HQL_FUNCTIONS              : Time current_time
2025-01-24T15:59:35.066+01:00 DEBUG 35076 --- [    Test worker] org.hibernate.HQL_FUNCTIONS              : Timestamp current_timestamp
2025-01-24T15:59:35.066+01:00 DEBUG 35076 --- [    Test worker] org.hibernate.HQL_FUNCTIONS              : Time curtime()
2025-01-24T15:59:35.066+01:00 DEBUG 35076 --- [    Test worker] org.hibernate.HQL_FUNCTIONS              : date_trunc(STRING field, TEMPORAL datetime)
2025-01-24T15:59:35.067+01:00 DEBUG 35076 --- [    Test worker] org.hibernate.HQL_FUNCTIONS              : dateadd(TEMPORAL_UNIT field, INTEGER magnitude, TEMPORAL datetime)
2025-01-24T15:59:35.067+01:00 DEBUG 35076 --- [    Test worker] org.hibernate.HQL_FUNCTIONS              : Long|Double datediff(TEMPORAL_UNIT field, TEMPORAL start, TEMPORAL end)
2025-01-24T15:59:35.067+01:00 DEBUG 35076 --- [    Test worker] org.hibernate.HQL_FUNCTIONS              : Integer day(DATE arg)
2025-01-24T15:59:35.067+01:00 DEBUG 35076 --- [    Test worker] org.hibernate.HQL_FUNCTIONS              : Integer day_of_month(DATE arg)
2025-01-24T15:59:35.067+01:00 DEBUG 35076 --- [    Test worker] org.hibernate.HQL_FUNCTIONS              : Integer day_of_week(DATE arg)
2025-01-24T15:59:35.068+01:00 DEBUG 35076 --- [    Test worker] org.hibernate.HQL_FUNCTIONS              : Integer day_of_year(DATE arg)
2025-01-24T15:59:35.068+01:00 DEBUG 35076 --- [    Test worker] org.hibernate.HQL_FUNCTIONS              : String dayname(DATE arg)
2025-01-24T15:59:35.068+01:00 DEBUG 35076 --- [    Test worker] org.hibernate.HQL_FUNCTIONS              : Double degrees(NUMERIC arg)
2025-01-24T15:59:35.068+01:00 DEBUG 35076 --- [    Test worker] org.hibernate.HQL_FUNCTIONS              : Long dense_rank([arg0[, ...]])
2025-01-24T15:59:35.068+01:00 DEBUG 35076 --- [    Test worker] org.hibernate.HQL_FUNCTIONS              : Boolean every(BOOLEAN predicate)
2025-01-24T15:59:35.068+01:00 DEBUG 35076 --- [    Test worker] org.hibernate.HQL_FUNCTIONS              : Double exp(NUMERIC arg)
2025-01-24T15:59:35.068+01:00 DEBUG 35076 --- [    Test worker] org.hibernate.HQL_FUNCTIONS              : extract(TEMPORAL_UNIT field from TEMPORAL arg)
2025-01-24T15:59:35.068+01:00 DEBUG 35076 --- [    Test worker] org.hibernate.HQL_FUNCTIONS              : first_valueANY value
2025-01-24T15:59:35.068+01:00 DEBUG 35076 --- [    Test worker] org.hibernate.HQL_FUNCTIONS              : floor(NUMERIC arg)
2025-01-24T15:59:35.068+01:00 DEBUG 35076 --- [    Test worker] org.hibernate.HQL_FUNCTIONS              : String format(TEMPORAL datetime as STRING pattern)
2025-01-24T15:59:35.069+01:00 DEBUG 35076 --- [    Test worker] org.hibernate.HQL_FUNCTIONS              : greatest(COMPARABLE arg0, COMPARABLE arg1[, arg2[, ...]])
2025-01-24T15:59:35.069+01:00 DEBUG 35076 --- [    Test worker] org.hibernate.HQL_FUNCTIONS              : Integer hour(TIME arg)
2025-01-24T15:59:35.069+01:00 DEBUG 35076 --- [    Test worker] org.hibernate.HQL_FUNCTIONS              : ifnull(arg0, arg1)
2025-01-24T15:59:35.069+01:00 DEBUG 35076 --- [    Test worker] org.hibernate.HQL_FUNCTIONS              : String insert(STRING string, INTEGER start, INTEGER length, STRING replacement)
2025-01-24T15:59:35.069+01:00 DEBUG 35076 --- [    Test worker] org.hibernate.HQL_FUNCTIONS              : Instant instant
2025-01-24T15:59:35.069+01:00 DEBUG 35076 --- [    Test worker] org.hibernate.HQL_FUNCTIONS              : Integer instr(STRING string, STRING pattern[, INTEGER start[, INTEGER occurrence]])
2025-01-24T15:59:35.069+01:00 DEBUG 35076 --- [    Test worker] org.hibernate.HQL_FUNCTIONS              : lagANY value[, INTEGER offset[, ANY default]]
2025-01-24T15:59:35.069+01:00 DEBUG 35076 --- [    Test worker] org.hibernate.HQL_FUNCTIONS              : last_valueANY value
2025-01-24T15:59:35.069+01:00 DEBUG 35076 --- [    Test worker] org.hibernate.HQL_FUNCTIONS              : leadANY value[, INTEGER offset[, ANY default]]
2025-01-24T15:59:35.070+01:00 DEBUG 35076 --- [    Test worker] org.hibernate.HQL_FUNCTIONS              : least(COMPARABLE arg0, COMPARABLE arg1[, arg2[, ...]])
2025-01-24T15:59:35.070+01:00 DEBUG 35076 --- [    Test worker] org.hibernate.HQL_FUNCTIONS              : String left(STRING string, INTEGER length)
2025-01-24T15:59:35.070+01:00 DEBUG 35076 --- [    Test worker] org.hibernate.HQL_FUNCTIONS              : Integer length(STRING_OR_CLOB arg)
2025-01-24T15:59:35.070+01:00 DEBUG 35076 --- [    Test worker] org.hibernate.HQL_FUNCTIONS              : String listagg(STRING arg0, STRING arg1)
2025-01-24T15:59:35.070+01:00 DEBUG 35076 --- [    Test worker] org.hibernate.HQL_FUNCTIONS              : Double ln(NUMERIC arg)
2025-01-24T15:59:35.070+01:00 DEBUG 35076 --- [    Test worker] org.hibernate.HQL_FUNCTIONS              : LocalDate local date
2025-01-24T15:59:35.070+01:00 DEBUG 35076 --- [    Test worker] org.hibernate.HQL_FUNCTIONS              : LocalDateTime local datetime
2025-01-24T15:59:35.070+01:00 DEBUG 35076 --- [    Test worker] org.hibernate.HQL_FUNCTIONS              : LocalTime local time
2025-01-24T15:59:35.071+01:00 DEBUG 35076 --- [    Test worker] org.hibernate.HQL_FUNCTIONS              : LocalDate local_date
2025-01-24T15:59:35.071+01:00 DEBUG 35076 --- [    Test worker] org.hibernate.HQL_FUNCTIONS              : LocalDateTime local_datetime
2025-01-24T15:59:35.071+01:00 DEBUG 35076 --- [    Test worker] org.hibernate.HQL_FUNCTIONS              : LocalTime local_time
2025-01-24T15:59:35.071+01:00 DEBUG 35076 --- [    Test worker] org.hibernate.HQL_FUNCTIONS              : Time localtime
2025-01-24T15:59:35.071+01:00 DEBUG 35076 --- [    Test worker] org.hibernate.HQL_FUNCTIONS              : Timestamp localtimestamp
2025-01-24T15:59:35.072+01:00 DEBUG 35076 --- [    Test worker] org.hibernate.HQL_FUNCTIONS              : Integer locate(STRING pattern, STRING string[, INTEGER start])
2025-01-24T15:59:35.072+01:00 DEBUG 35076 --- [    Test worker] org.hibernate.HQL_FUNCTIONS              : Double log(NUMERIC base, NUMERIC arg)
2025-01-24T15:59:35.073+01:00 DEBUG 35076 --- [    Test worker] org.hibernate.HQL_FUNCTIONS              : Double log10(NUMERIC arg)
2025-01-24T15:59:35.073+01:00 DEBUG 35076 --- [    Test worker] org.hibernate.HQL_FUNCTIONS              : String lower(STRING string)
2025-01-24T15:59:35.073+01:00 DEBUG 35076 --- [    Test worker] org.hibernate.HQL_FUNCTIONS              : String lpad(STRING string, INTEGER length[, STRING padding])
2025-01-24T15:59:35.073+01:00 DEBUG 35076 --- [    Test worker] org.hibernate.HQL_FUNCTIONS              : String ltrim(STRING string)
2025-01-24T15:59:35.073+01:00 DEBUG 35076 --- [    Test worker] org.hibernate.HQL_FUNCTIONS              : max(COMPARABLE arg)
2025-01-24T15:59:35.073+01:00 DEBUG 35076 --- [    Test worker] org.hibernate.HQL_FUNCTIONS              : Double median(NUMERIC arg)
2025-01-24T15:59:35.074+01:00 DEBUG 35076 --- [    Test worker] org.hibernate.HQL_FUNCTIONS              : Integer microsecond(TIME arg)
2025-01-24T15:59:35.074+01:00 DEBUG 35076 --- [    Test worker] org.hibernate.HQL_FUNCTIONS              : min(COMPARABLE arg)
2025-01-24T15:59:35.074+01:00 DEBUG 35076 --- [    Test worker] org.hibernate.HQL_FUNCTIONS              : Integer minute(TIME arg)
2025-01-24T15:59:35.074+01:00 DEBUG 35076 --- [    Test worker] org.hibernate.HQL_FUNCTIONS              : Integer mod(INTEGER arg0, INTEGER arg1)
2025-01-24T15:59:35.074+01:00 DEBUG 35076 --- [    Test worker] org.hibernate.HQL_FUNCTIONS              : mode()
2025-01-24T15:59:35.074+01:00 DEBUG 35076 --- [    Test worker] org.hibernate.HQL_FUNCTIONS              : Integer month(DATE arg)
2025-01-24T15:59:35.075+01:00 DEBUG 35076 --- [    Test worker] org.hibernate.HQL_FUNCTIONS              : String monthname(DATE arg)
2025-01-24T15:59:35.075+01:00 DEBUG 35076 --- [    Test worker] org.hibernate.HQL_FUNCTIONS              : Timestamp now()
2025-01-24T15:59:35.075+01:00 DEBUG 35076 --- [    Test worker] org.hibernate.HQL_FUNCTIONS              : nth_valueANY value, INTEGER nth
2025-01-24T15:59:35.075+01:00 DEBUG 35076 --- [    Test worker] org.hibernate.HQL_FUNCTIONS              : nullif(arg0, arg1)
2025-01-24T15:59:35.075+01:00 DEBUG 35076 --- [    Test worker] org.hibernate.HQL_FUNCTIONS              : Integer octet_length(STRING_OR_CLOB arg)
2025-01-24T15:59:35.075+01:00 DEBUG 35076 --- [    Test worker] org.hibernate.HQL_FUNCTIONS              : OffsetDateTime offset datetime
2025-01-24T15:59:35.075+01:00 DEBUG 35076 --- [    Test worker] org.hibernate.HQL_FUNCTIONS              : OffsetDateTime offset_datetime
2025-01-24T15:59:35.075+01:00 DEBUG 35076 --- [    Test worker] org.hibernate.HQL_FUNCTIONS              : String overlay(STRING string placing STRING replacement from INTEGER start[ for INTEGER length])
2025-01-24T15:59:35.075+01:00 DEBUG 35076 --- [    Test worker] org.hibernate.HQL_FUNCTIONS              : String pad(STRING string with INTEGER length {leading|trailing}[ STRING character])
2025-01-24T15:59:35.075+01:00 DEBUG 35076 --- [    Test worker] org.hibernate.HQL_FUNCTIONS              : Double percent_rank([arg0[, ...]])
2025-01-24T15:59:35.075+01:00 DEBUG 35076 --- [    Test worker] org.hibernate.HQL_FUNCTIONS              : percentile_cont(NUMERIC arg)
2025-01-24T15:59:35.075+01:00 DEBUG 35076 --- [    Test worker] org.hibernate.HQL_FUNCTIONS              : percentile_disc(NUMERIC arg)
2025-01-24T15:59:35.076+01:00 DEBUG 35076 --- [    Test worker] org.hibernate.HQL_FUNCTIONS              : Double pi
2025-01-24T15:59:35.076+01:00 DEBUG 35076 --- [    Test worker] org.hibernate.HQL_FUNCTIONS              : Integer position(STRING pattern in STRING string)
2025-01-24T15:59:35.076+01:00 DEBUG 35076 --- [    Test worker] org.hibernate.HQL_FUNCTIONS              : Double power(NUMERIC arg0, NUMERIC arg1)
2025-01-24T15:59:35.076+01:00 DEBUG 35076 --- [    Test worker] org.hibernate.HQL_FUNCTIONS              : Integer quarter(DATE arg)
2025-01-24T15:59:35.076+01:00 DEBUG 35076 --- [    Test worker] org.hibernate.HQL_FUNCTIONS              : Double radians(NUMERIC arg)
2025-01-24T15:59:35.076+01:00 DEBUG 35076 --- [    Test worker] org.hibernate.HQL_FUNCTIONS              : Double rand([INTEGER seed])
2025-01-24T15:59:35.076+01:00 DEBUG 35076 --- [    Test worker] org.hibernate.HQL_FUNCTIONS              : Long rank([arg0[, ...]])
2025-01-24T15:59:35.076+01:00 DEBUG 35076 --- [    Test worker] org.hibernate.HQL_FUNCTIONS              : String repeat(STRING string, INTEGER times)
2025-01-24T15:59:35.076+01:00 DEBUG 35076 --- [    Test worker] org.hibernate.HQL_FUNCTIONS              : String replace(STRING string, STRING pattern, STRING replacement)
2025-01-24T15:59:35.076+01:00 DEBUG 35076 --- [    Test worker] org.hibernate.HQL_FUNCTIONS              : String right(STRING string, INTEGER length)
2025-01-24T15:59:35.077+01:00 DEBUG 35076 --- [    Test worker] org.hibernate.HQL_FUNCTIONS              : round(NUMERIC number[, INTEGER places])
2025-01-24T15:59:35.077+01:00 DEBUG 35076 --- [    Test worker] org.hibernate.HQL_FUNCTIONS              : Long row_number()
2025-01-24T15:59:35.078+01:00 DEBUG 35076 --- [    Test worker] org.hibernate.HQL_FUNCTIONS              : Long rownum()
2025-01-24T15:59:35.078+01:00 DEBUG 35076 --- [    Test worker] org.hibernate.HQL_FUNCTIONS              : String rpad(STRING string, INTEGER length[, STRING padding])
2025-01-24T15:59:35.078+01:00 DEBUG 35076 --- [    Test worker] org.hibernate.HQL_FUNCTIONS              : String rtrim(STRING string)
2025-01-24T15:59:35.078+01:00 DEBUG 35076 --- [    Test worker] org.hibernate.HQL_FUNCTIONS              : Integer second(TIME arg)
2025-01-24T15:59:35.078+01:00 DEBUG 35076 --- [    Test worker] org.hibernate.HQL_FUNCTIONS              : Integer sign(NUMERIC arg)
2025-01-24T15:59:35.078+01:00 DEBUG 35076 --- [    Test worker] org.hibernate.HQL_FUNCTIONS              : Double sin(NUMERIC arg)
2025-01-24T15:59:35.078+01:00 DEBUG 35076 --- [    Test worker] org.hibernate.HQL_FUNCTIONS              : Double sinh(NUMERIC arg)
2025-01-24T15:59:35.078+01:00 DEBUG 35076 --- [    Test worker] org.hibernate.HQL_FUNCTIONS              : String soundex(arg)
2025-01-24T15:59:35.078+01:00 DEBUG 35076 --- [    Test worker] org.hibernate.HQL_FUNCTIONS              : String space(INTEGER arg)
2025-01-24T15:59:35.079+01:00 DEBUG 35076 --- [    Test worker] org.hibernate.HQL_FUNCTIONS              : Object sql
2025-01-24T15:59:35.079+01:00 DEBUG 35076 --- [    Test worker] org.hibernate.HQL_FUNCTIONS              : Double sqrt(NUMERIC arg)
2025-01-24T15:59:35.079+01:00 DEBUG 35076 --- [    Test worker] org.hibernate.HQL_FUNCTIONS              : Double stddev_pop(NUMERIC arg)
2025-01-24T15:59:35.079+01:00 DEBUG 35076 --- [    Test worker] org.hibernate.HQL_FUNCTIONS              : Double stddev_samp(NUMERIC arg)
2025-01-24T15:59:35.079+01:00 DEBUG 35076 --- [    Test worker] org.hibernate.HQL_FUNCTIONS              : String str(arg)
2025-01-24T15:59:35.079+01:00 DEBUG 35076 --- [    Test worker] org.hibernate.HQL_FUNCTIONS              : String substr(STRING string, INTEGER start[, INTEGER length])
2025-01-24T15:59:35.079+01:00 DEBUG 35076 --- [    Test worker] org.hibernate.HQL_FUNCTIONS              : String substring(STRING string{ from|,} INTEGER start[{ for|,} INTEGER length])
2025-01-24T15:59:35.079+01:00 DEBUG 35076 --- [    Test worker] org.hibernate.HQL_FUNCTIONS              : sum(arg)
2025-01-24T15:59:35.079+01:00 DEBUG 35076 --- [    Test worker] org.hibernate.HQL_FUNCTIONS              : Timestamp sysdate
2025-01-24T15:59:35.079+01:00 DEBUG 35076 --- [    Test worker] org.hibernate.HQL_FUNCTIONS              : Double tan(NUMERIC arg)
2025-01-24T15:59:35.080+01:00 DEBUG 35076 --- [    Test worker] org.hibernate.HQL_FUNCTIONS              : Double tanh(NUMERIC arg)
2025-01-24T15:59:35.080+01:00 DEBUG 35076 --- [    Test worker] org.hibernate.HQL_FUNCTIONS              : timestampadd(TEMPORAL_UNIT field, INTEGER magnitude, TEMPORAL datetime)
2025-01-24T15:59:35.080+01:00 DEBUG 35076 --- [    Test worker] org.hibernate.HQL_FUNCTIONS              : Long|Double timestampdiff(TEMPORAL_UNIT field, TEMPORAL start, TEMPORAL end)
2025-01-24T15:59:35.080+01:00 DEBUG 35076 --- [    Test worker] org.hibernate.HQL_FUNCTIONS              : String translate(STRING arg0, STRING arg1, STRING arg2)
2025-01-24T15:59:35.080+01:00 DEBUG 35076 --- [    Test worker] org.hibernate.HQL_FUNCTIONS              : String trim([[{leading|trailing|both} ][STRING arg0 ]from] STRING arg1)
2025-01-24T15:59:35.080+01:00 DEBUG 35076 --- [    Test worker] org.hibernate.HQL_FUNCTIONS              : trunc( ... )
2025-01-24T15:59:35.080+01:00 DEBUG 35076 --- [    Test worker] org.hibernate.HQL_FUNCTIONS              : truncate( ... )
2025-01-24T15:59:35.081+01:00 DEBUG 35076 --- [    Test worker] org.hibernate.HQL_FUNCTIONS              : String upper(STRING string)
2025-01-24T15:59:35.081+01:00 DEBUG 35076 --- [    Test worker] org.hibernate.HQL_FUNCTIONS              : Double var_pop(NUMERIC arg)
2025-01-24T15:59:35.081+01:00 DEBUG 35076 --- [    Test worker] org.hibernate.HQL_FUNCTIONS              : Double var_samp(NUMERIC arg)
2025-01-24T15:59:35.081+01:00 DEBUG 35076 --- [    Test worker] org.hibernate.HQL_FUNCTIONS              : Integer week(DATE arg)
2025-01-24T15:59:35.081+01:00 DEBUG 35076 --- [    Test worker] org.hibernate.HQL_FUNCTIONS              : Integer year(DATE arg)
2025-01-24T15:59:35.091+01:00 DEBUG 35076 --- [    Test worker] org.hibernate.orm.query.plan.cache       : Starting QueryInterpretationCache(2048)
2025-01-24T15:59:35.219+01:00 DEBUG 35076 --- [    Test worker] .h.s.i.SessionFactoryServiceRegistryImpl : EventListenerRegistry access via ServiceRegistry is deprecated.  Use `sessionFactory.getEventEngine().getListenerRegistry()` instead
2025-01-24T15:59:35.222+01:00 DEBUG 35076 --- [    Test worker] h.e.i.EntityCopyObserverFactoryInitiator : Configured EntityCopyObserver strategy: disallow
2025-01-24T15:59:35.361+01:00 DEBUG 35076 --- [    Test worker] o.h.boot.internal.ClassLoaderAccessImpl  : Not known whether passed class name [com.blueharvest.spi.Transaction] is safe
2025-01-24T15:59:35.361+01:00 DEBUG 35076 --- [    Test worker] o.h.boot.internal.ClassLoaderAccessImpl  : No temp ClassLoader provided; using live ClassLoader for loading potentially unsafe class : com.blueharvest.spi.Transaction
2025-01-24T15:59:35.678+01:00 DEBUG 35076 --- [    Test worker] o.h.b.i.bytebuddy.BytecodeProviderImpl   : HHH000513: Unable to create the ReflectionOptimizer for [com.blueharvest.spi.Transaction]: private accessor [amount]
2025-01-24T15:59:35.728+01:00 DEBUG 35076 --- [    Test worker] o.h.boot.internal.ClassLoaderAccessImpl  : Not known whether passed class name [com.blueharvest.spi.User] is safe
2025-01-24T15:59:35.728+01:00 DEBUG 35076 --- [    Test worker] o.h.boot.internal.ClassLoaderAccessImpl  : No temp ClassLoader provided; using live ClassLoader for loading potentially unsafe class : com.blueharvest.spi.User
2025-01-24T15:59:35.758+01:00 DEBUG 35076 --- [    Test worker] o.h.b.i.bytebuddy.BytecodeProviderImpl   : HHH000513: Unable to create the ReflectionOptimizer for [com.blueharvest.spi.User]: private accessor [accounts]
2025-01-24T15:59:35.761+01:00 DEBUG 35076 --- [    Test worker] org.hibernate.ormbytecode.interceptor    : To-one property `com.blueharvest.spi.Account#user` was mapped with LAZY + NO_PROXY but the class was not enhanced
2025-01-24T15:59:35.761+01:00 DEBUG 35076 --- [    Test worker] org.hibernate.ormbytecode.interceptor    : To-one property `com.blueharvest.spi.Account#user` was mapped with LAZY + NO_PROXY but the class was not enhanced
2025-01-24T15:59:35.761+01:00 DEBUG 35076 --- [    Test worker] o.h.boot.internal.ClassLoaderAccessImpl  : Not known whether passed class name [com.blueharvest.spi.Account] is safe
2025-01-24T15:59:35.762+01:00 DEBUG 35076 --- [    Test worker] o.h.boot.internal.ClassLoaderAccessImpl  : No temp ClassLoader provided; using live ClassLoader for loading potentially unsafe class : com.blueharvest.spi.Account
2025-01-24T15:59:35.790+01:00 DEBUG 35076 --- [    Test worker] o.h.b.i.bytebuddy.BytecodeProviderImpl   : HHH000513: Unable to create the ReflectionOptimizer for [com.blueharvest.spi.Account]: private accessor [balance]
2025-01-24T15:59:35.791+01:00 DEBUG 35076 --- [    Test worker] org.hibernate.ormbytecode.interceptor    : To-one property `com.blueharvest.spi.Account#user` was mapped with LAZY + NO_PROXY but the class was not enhanced
2025-01-24T15:59:35.823+01:00 DEBUG 35076 --- [    Test worker] org.hibernate.orm.jdbc.mutation          : Skipping collection (re)creation - com.blueharvest.spi.User.accounts
2025-01-24T15:59:35.826+01:00 DEBUG 35076 --- [    Test worker] org.hibernate.orm.jdbc.mutation          : Skipping collection row deletions - com.blueharvest.spi.User.accounts
2025-01-24T15:59:35.827+01:00 DEBUG 35076 --- [    Test worker] org.hibernate.orm.jdbc.mutation          : Skipping collection removals - com.blueharvest.spi.User.accounts
2025-01-24T15:59:35.896+01:00 DEBUG 35076 --- [    Test worker] o.hibernate.orm.model.mapping.creation   : Starting post-init callbacks
2025-01-24T15:59:35.897+01:00 DEBUG 35076 --- [    Test worker] o.hibernate.orm.model.mapping.creation   : Starting PostInitCallbackEntry : Entity(com.blueharvest.spi.Transaction) `staticFetchableList` generator
2025-01-24T15:59:35.897+01:00 DEBUG 35076 --- [    Test worker] o.hibernate.orm.model.mapping.creation   : Starting PostInitCallbackEntry : PluralAttributeMapping( NavigableRole[com.blueharvest.spi.User.accounts#{element}]) - element descriptor
2025-01-24T15:59:35.898+01:00 DEBUG 35076 --- [    Test worker] o.hibernate.orm.model.mapping.creation   : Starting PostInitCallbackEntry : PluralAttributeMapping(com.blueharvest.spi.User.accounts)#finishInitialization
2025-01-24T15:59:35.898+01:00 DEBUG 35076 --- [    Test worker] o.hibernate.orm.model.mapping.creation   : Starting PostInitCallbackEntry : PluralAttributeMapping(com.blueharvest.spi.User.accounts) - key descriptor
2025-01-24T15:59:35.921+01:00 DEBUG 35076 --- [    Test worker] o.hibernate.orm.model.mapping.creation   : Starting PostInitCallbackEntry : Entity(com.blueharvest.spi.User) `staticFetchableList` generator
2025-01-24T15:59:35.921+01:00 DEBUG 35076 --- [    Test worker] o.hibernate.orm.model.mapping.creation   : Starting PostInitCallbackEntry : PluralAttributeMapping( NavigableRole[com.blueharvest.spi.Account.transactions#{element}]) - element descriptor
2025-01-24T15:59:35.921+01:00 DEBUG 35076 --- [    Test worker] o.hibernate.orm.model.mapping.creation   : Starting PostInitCallbackEntry : PluralAttributeMapping(com.blueharvest.spi.Account.transactions)#finishInitialization
2025-01-24T15:59:35.921+01:00 DEBUG 35076 --- [    Test worker] o.hibernate.orm.model.mapping.creation   : Starting PostInitCallbackEntry : PluralAttributeMapping(com.blueharvest.spi.Account.transactions) - key descriptor
2025-01-24T15:59:35.924+01:00 DEBUG 35076 --- [    Test worker] o.hibernate.orm.model.mapping.creation   : Starting PostInitCallbackEntry : To-one key - NavigableRole[com.blueharvest.spi.Account.user]
2025-01-24T15:59:35.924+01:00 DEBUG 35076 --- [    Test worker] o.hibernate.orm.model.mapping.creation   : Starting PostInitCallbackEntry : Entity(com.blueharvest.spi.Account) `staticFetchableList` generator
2025-01-24T15:59:35.924+01:00 DEBUG 35076 --- [    Test worker] o.hibernate.orm.model.mapping.creation   : Starting PostInitCallbackEntry : PluralAttributeMapping( NavigableRole[com.blueharvest.spi.User.accounts#{element}]) - element descriptor
2025-01-24T15:59:35.925+01:00 DEBUG 35076 --- [    Test worker] o.hibernate.orm.model.mapping.creation   : Starting PostInitCallbackEntry : PluralAttributeMapping( NavigableRole[com.blueharvest.spi.Account.transactions#{element}]) - element descriptor
2025-01-24T15:59:36.106+01:00 DEBUG 35076 --- [    Test worker] org.hibernate.orm.sql.ast.create         : Created new SQL alias : t1_0
2025-01-24T15:59:36.111+01:00 DEBUG 35076 --- [    Test worker] org.hibernate.orm.sql.ast.create         : Registration of TableGroup [StandardTableGroup(com.blueharvest.spi.Transaction)] with identifierForTableGroup [com.blueharvest.spi.Transaction] for NavigablePath [com.blueharvest.spi.Transaction] 
2025-01-24T15:59:36.150+01:00 DEBUG 35076 --- [    Test worker] org.hibernate.orm.results.graph.AST      : DomainResult Graph:
 \-EntityResultImpl [com.blueharvest.spi.Transaction]
 |  +-BasicFetch [com.blueharvest.spi.Transaction.amount]
 |  \-BasicFetch [com.blueharvest.spi.Transaction.name]

2025-01-24T15:59:36.156+01:00 DEBUG 35076 --- [    Test worker] org.hibernate.orm.sql.ast.tree           : SQL AST Tree:
    SelectStatement {
      FromClause {
        StandardTableGroup (t1 : com.blueharvest.spi.Transaction) {
          primaryTableReference : BLUEHARVEST.transaction as t1_0
        }
      }
    }

2025-01-24T15:59:36.176+01:00 DEBUG 35076 --- [    Test worker] o.h.p.entity.AbstractEntityPersister     : Static SQL for entity: com.blueharvest.spi.Transaction
2025-01-24T15:59:36.176+01:00 DEBUG 35076 --- [    Test worker] o.h.p.entity.AbstractEntityPersister     :  Version select: select id from BLUEHARVEST.transaction where id=?
2025-01-24T15:59:36.176+01:00 DEBUG 35076 --- [    Test worker] o.h.p.entity.AbstractEntityPersister     :  Insert (0): insert into BLUEHARVEST.transaction (amount,name,id) values (?,?,?)
2025-01-24T15:59:36.176+01:00 DEBUG 35076 --- [    Test worker] o.h.p.entity.AbstractEntityPersister     :  Update (0): update BLUEHARVEST.transaction set amount=?,name=? where id=?
2025-01-24T15:59:36.176+01:00 DEBUG 35076 --- [    Test worker] o.h.p.entity.AbstractEntityPersister     :  Delete (0): delete from BLUEHARVEST.transaction where id=?
2025-01-24T15:59:36.176+01:00 DEBUG 35076 --- [    Test worker] org.hibernate.orm.sql.ast.create         : Created new SQL alias : u1_0
2025-01-24T15:59:36.176+01:00 DEBUG 35076 --- [    Test worker] org.hibernate.orm.sql.ast.create         : Registration of TableGroup [StandardTableGroup(com.blueharvest.spi.User)] with identifierForTableGroup [com.blueharvest.spi.User] for NavigablePath [com.blueharvest.spi.User] 
2025-01-24T15:59:36.181+01:00 DEBUG 35076 --- [    Test worker] org.hibernate.orm.results.graph.AST      : DomainResult Graph:
 \-EntityResultImpl [com.blueharvest.spi.User]
 |  +-DelayedCollectionFetch [com.blueharvest.spi.User.accounts]
 |  \-BasicFetch [com.blueharvest.spi.User.name]

2025-01-24T15:59:36.182+01:00 DEBUG 35076 --- [    Test worker] org.hibernate.orm.sql.ast.tree           : SQL AST Tree:
    SelectStatement {
      FromClause {
        StandardTableGroup (u1 : com.blueharvest.spi.User) {
          primaryTableReference : BLUEHARVEST.user as u1_0
        }
      }
    }

2025-01-24T15:59:36.182+01:00 DEBUG 35076 --- [    Test worker] o.h.p.entity.AbstractEntityPersister     : Static SQL for entity: com.blueharvest.spi.User
2025-01-24T15:59:36.182+01:00 DEBUG 35076 --- [    Test worker] o.h.p.entity.AbstractEntityPersister     :  Version select: select user_id from BLUEHARVEST.user where user_id=?
2025-01-24T15:59:36.182+01:00 DEBUG 35076 --- [    Test worker] o.h.p.entity.AbstractEntityPersister     :  Insert (0): insert into BLUEHARVEST.user (name,user_id) values (?,?)
2025-01-24T15:59:36.182+01:00 DEBUG 35076 --- [    Test worker] o.h.p.entity.AbstractEntityPersister     :  Update (0): update BLUEHARVEST.user set name=? where user_id=?
2025-01-24T15:59:36.182+01:00 DEBUG 35076 --- [    Test worker] o.h.p.entity.AbstractEntityPersister     :  Delete (0): delete from BLUEHARVEST.user where user_id=?
2025-01-24T15:59:36.182+01:00 DEBUG 35076 --- [    Test worker] org.hibernate.orm.sql.ast.create         : Created new SQL alias : a1_0
2025-01-24T15:59:36.182+01:00 DEBUG 35076 --- [    Test worker] org.hibernate.orm.sql.ast.create         : Registration of TableGroup [StandardTableGroup(com.blueharvest.spi.Account)] with identifierForTableGroup [com.blueharvest.spi.Account] for NavigablePath [com.blueharvest.spi.Account] 
2025-01-24T15:59:36.196+01:00 DEBUG 35076 --- [    Test worker] org.hibernate.orm.sql.ast.create         : Registration of TableGroup [org.hibernate.sql.ast.tree.from.LazyTableGroup@30dccbcc] with identifierForTableGroup [com.blueharvest.spi.Account.user] for NavigablePath [com.blueharvest.spi.Account.user] 
2025-01-24T15:59:36.201+01:00 DEBUG 35076 --- [    Test worker] org.hibernate.orm.sql.ast.create         : Created new SQL alias : u1_0
2025-01-24T15:59:36.204+01:00 DEBUG 35076 --- [    Test worker] org.hibernate.orm.results.graph.AST      : DomainResult Graph:
 \-EntityResultImpl [com.blueharvest.spi.Account]
 |  +-BasicFetch [com.blueharvest.spi.Account.balance]
 |  +-BasicFetch [com.blueharvest.spi.Account.name]
 |  +-DelayedCollectionFetch [com.blueharvest.spi.Account.transactions]
 |  \-EntityFetchJoinedImpl [com.blueharvest.spi.Account.user]

2025-01-24T15:59:36.205+01:00 DEBUG 35076 --- [    Test worker] org.hibernate.orm.sql.ast.tree           : SQL AST Tree:
    SelectStatement {
      FromClause {
        StandardTableGroup (a1 : com.blueharvest.spi.Account) {
          primaryTableReference : BLUEHARVEST.account as a1_0
          TableGroupJoins {
            left  join LazyTableGroup (u1 : com.blueharvest.spi.Account.user) {
              primaryTableReference : BLUEHARVEST.user as u1_0
            }
          }
        }
      }
    }

2025-01-24T15:59:36.205+01:00 DEBUG 35076 --- [    Test worker] o.h.p.entity.AbstractEntityPersister     : Static SQL for entity: com.blueharvest.spi.Account
2025-01-24T15:59:36.206+01:00 DEBUG 35076 --- [    Test worker] o.h.p.entity.AbstractEntityPersister     :  Version select: select account_id from BLUEHARVEST.account where account_id=?
2025-01-24T15:59:36.206+01:00 DEBUG 35076 --- [    Test worker] o.h.p.entity.AbstractEntityPersister     :  Insert (0): insert into BLUEHARVEST.account (balance,name,user_id,account_id) values (?,?,?,?)
2025-01-24T15:59:36.206+01:00 DEBUG 35076 --- [    Test worker] o.h.p.entity.AbstractEntityPersister     :  Update (0): update BLUEHARVEST.account set balance=?,name=?,user_id=? where account_id=?
2025-01-24T15:59:36.206+01:00 DEBUG 35076 --- [    Test worker] o.h.p.entity.AbstractEntityPersister     :  Delete (0): delete from BLUEHARVEST.account where account_id=?
2025-01-24T15:59:36.209+01:00 DEBUG 35076 --- [    Test worker] org.hibernate.orm.sql.ast.create         : Created new SQL alias : a1_0
2025-01-24T15:59:36.211+01:00 DEBUG 35076 --- [    Test worker] org.hibernate.orm.sql.ast.create         : Registration of TableGroup [org.hibernate.sql.ast.tree.from.OneToManyTableGroup@7f93f7fd] with identifierForTableGroup [com.blueharvest.spi.User.accounts] for NavigablePath [com.blueharvest.spi.User.accounts] 
2025-01-24T15:59:36.211+01:00 DEBUG 35076 --- [    Test worker] org.hibernate.orm.sql.ast.create         : Registration of TableGroup [StandardTableGroup(com.blueharvest.spi.User.accounts.{element})] with identifierForTableGroup [com.blueharvest.spi.User.accounts.{element}] for NavigablePath [com.blueharvest.spi.User.accounts.{element}] 
2025-01-24T15:59:36.223+01:00 DEBUG 35076 --- [    Test worker] org.hibernate.orm.sql.ast.create         : Registration of TableGroup [org.hibernate.sql.ast.tree.from.LazyTableGroup@27ce0b6d] with identifierForTableGroup [com.blueharvest.spi.User.accounts.{element}.user] for NavigablePath [com.blueharvest.spi.User.accounts.{element}.user] 
2025-01-24T15:59:36.228+01:00 DEBUG 35076 --- [    Test worker] org.hibernate.orm.results.graph.AST      : DomainResult Graph:
 \-CollectionDomainResult [com.blueharvest.spi.User.accounts]

2025-01-24T15:59:36.229+01:00 DEBUG 35076 --- [    Test worker] org.hibernate.orm.sql.ast.tree           : SQL AST Tree:
    SelectStatement {
      FromClause {
        OneToManyTableGroup (a1 : com.blueharvest.spi.User.accounts) {
          primaryTableReference : BLUEHARVEST.account as a1_0
          TableGroupJoins {
            left  join LazyTableGroup (u1 : com.blueharvest.spi.User.accounts.{element}.user) {
            }
          }
        }
      }
    }

2025-01-24T15:59:36.229+01:00 DEBUG 35076 --- [    Test worker] org.hibernate.orm.jdbc.mutation          : Static SQL for collection: com.blueharvest.spi.User.accounts
2025-01-24T15:59:36.230+01:00 DEBUG 35076 --- [    Test worker] org.hibernate.orm.sql.ast.create         : Created new SQL alias : t1_0
2025-01-24T15:59:36.230+01:00 DEBUG 35076 --- [    Test worker] org.hibernate.orm.sql.ast.create         : Registration of TableGroup [org.hibernate.sql.ast.tree.from.OneToManyTableGroup@72c1515c] with identifierForTableGroup [com.blueharvest.spi.Account.transactions] for NavigablePath [com.blueharvest.spi.Account.transactions] 
2025-01-24T15:59:36.230+01:00 DEBUG 35076 --- [    Test worker] org.hibernate.orm.sql.ast.create         : Registration of TableGroup [StandardTableGroup(com.blueharvest.spi.Account.transactions.{element})] with identifierForTableGroup [com.blueharvest.spi.Account.transactions.{element}] for NavigablePath [com.blueharvest.spi.Account.transactions.{element}] 
2025-01-24T15:59:36.230+01:00 DEBUG 35076 --- [    Test worker] org.hibernate.orm.results.graph.AST      : DomainResult Graph:
 \-CollectionDomainResult [com.blueharvest.spi.Account.transactions]

2025-01-24T15:59:36.230+01:00 DEBUG 35076 --- [    Test worker] org.hibernate.orm.sql.ast.tree           : SQL AST Tree:
    SelectStatement {
      FromClause {
        OneToManyTableGroup (t1 : com.blueharvest.spi.Account.transactions) {
          primaryTableReference : BLUEHARVEST.transaction as t1_0
        }
      }
    }

2025-01-24T15:59:36.231+01:00 DEBUG 35076 --- [    Test worker] org.hibernate.orm.jdbc.mutation          : Static SQL for collection: com.blueharvest.spi.Account.transactions
2025-01-24T15:59:36.231+01:00 DEBUG 35076 --- [    Test worker] org.hibernate.orm.jdbc.mutation          :  Row insert: update BLUEHARVEST.transaction set account_id=? where id=?
2025-01-24T15:59:36.234+01:00 DEBUG 35076 --- [    Test worker] org.hibernate.orm.jdbc.mutation          :  Row delete: update BLUEHARVEST.transaction set account_id=null where account_id=? and id=?
2025-01-24T15:59:36.236+01:00 DEBUG 35076 --- [    Test worker] org.hibernate.orm.jdbc.mutation          :  One-shot delete: update BLUEHARVEST.transaction set account_id=null where account_id=?
2025-01-24T15:59:36.288+01:00  INFO 35076 --- [    Test worker] o.h.e.t.j.p.i.JtaPlatformInitiator       : HHH000489: No JTA platform available (set 'hibernate.transaction.jta.platform' to enable JTA platform integration)
2025-01-24T15:59:36.290+01:00 DEBUG 35076 --- [    Test worker] o.h.type.spi.TypeConfiguration$Scope     : Scoping TypeConfiguration [org.hibernate.type.spi.TypeConfiguration@209c0be5] to SessionFactoryImplementor [org.hibernate.internal.SessionFactoryImpl@466ecdf9]
2025-01-24T15:59:36.291+01:00 DEBUG 35076 --- [    Test worker] o.h.query.named.NamedObjectRepository    : Checking 0 named HQL queries
2025-01-24T15:59:36.291+01:00 DEBUG 35076 --- [    Test worker] o.h.query.named.NamedObjectRepository    : Checking 0 named SQL queries
2025-01-24T15:59:36.292+01:00 DEBUG 35076 --- [    Test worker] .h.t.s.s.SchemaManagementToolCoordinator : No schema actions specified for contributor `orm`; doing nothing
2025-01-24T15:59:36.292+01:00 DEBUG 35076 --- [    Test worker] .h.t.s.s.SchemaManagementToolCoordinator : No actions found; doing nothing
2025-01-24T15:59:36.295+01:00 DEBUG 35076 --- [    Test worker] o.h.internal.SessionFactoryRegistry      : Initializing SessionFactoryRegistry : org.hibernate.internal.SessionFactoryRegistry@493b0b09
2025-01-24T15:59:36.295+01:00 DEBUG 35076 --- [    Test worker] o.h.internal.SessionFactoryRegistry      : Registering SessionFactory: 217e7d85-b092-4c55-b6ec-75736febb1d1 (<unnamed>)
2025-01-24T15:59:36.295+01:00 DEBUG 35076 --- [    Test worker] o.h.internal.SessionFactoryRegistry      : Not binding SessionFactory to JNDI, no JNDI name configured
2025-01-24T15:59:36.295+01:00 DEBUG 35076 --- [    Test worker] o.hibernate.internal.SessionFactoryImpl  : Instantiated SessionFactory
2025-01-24T15:59:36.295+01:00  INFO 35076 --- [    Test worker] j.LocalContainerEntityManagerFactoryBean : Initialized JPA EntityManagerFactory for persistence unit 'default'
2025-01-24T15:59:36.301+01:00 DEBUG 35076 --- [    Test worker] o.s.b.f.s.DefaultListableBeanFactory     : Creating shared instance of singleton bean 'blueHarvestApp'
2025-01-24T15:59:36.305+01:00 DEBUG 35076 --- [    Test worker] o.s.b.f.s.DefaultListableBeanFactory     : Creating shared instance of singleton bean 'org.springframework.boot.test.autoconfigure.jdbc.TestDatabaseAutoConfiguration'
2025-01-24T15:59:36.307+01:00 DEBUG 35076 --- [    Test worker] o.s.b.f.s.DefaultListableBeanFactory     : Creating shared instance of singleton bean 'org.springframework.boot.autoconfigure.jdbc.metadata.DataSourcePoolMetadataProvidersConfiguration'
2025-01-24T15:59:36.308+01:00 DEBUG 35076 --- [    Test worker] o.s.b.f.s.DefaultListableBeanFactory     : Creating shared instance of singleton bean 'org.springframework.boot.autoconfigure.jdbc.DataSourceAutoConfiguration'
2025-01-24T15:59:36.308+01:00 DEBUG 35076 --- [    Test worker] o.s.b.f.s.DefaultListableBeanFactory     : Creating shared instance of singleton bean 'org.springframework.boot.context.properties.EnableConfigurationPropertiesRegistrar.methodValidationExcludeFilter'
2025-01-24T15:59:36.313+01:00 DEBUG 35076 --- [    Test worker] o.s.b.f.s.DefaultListableBeanFactory     : Creating shared instance of singleton bean 'org.springframework.boot.autoconfigure.orm.jpa.JpaBaseConfiguration$PersistenceManagedTypesConfiguration'
2025-01-24T15:59:36.314+01:00 DEBUG 35076 --- [    Test worker] o.s.b.f.s.DefaultListableBeanFactory     : Creating shared instance of singleton bean 'transactionManager'
2025-01-24T15:59:36.333+01:00 DEBUG 35076 --- [    Test worker] o.s.b.f.s.DefaultListableBeanFactory     : Creating shared instance of singleton bean 'org.springframework.boot.autoconfigure.orm.jpa.HibernateJpaAutoConfiguration'
2025-01-24T15:59:36.334+01:00 DEBUG 35076 --- [    Test worker] o.s.b.f.s.DefaultListableBeanFactory     : Creating shared instance of singleton bean 'org.springframework.boot.autoconfigure.data.jpa.JpaRepositoriesAutoConfiguration'
2025-01-24T15:59:36.336+01:00 DEBUG 35076 --- [    Test worker] o.s.b.f.s.DefaultListableBeanFactory     : Creating shared instance of singleton bean 'jpaSharedEM_entityManagerFactory'
2025-01-24T15:59:36.386+01:00 DEBUG 35076 --- [    Test worker] o.s.b.f.s.DefaultListableBeanFactory     : Creating shared instance of singleton bean 'org.springframework.data.jpa.util.JpaMetamodelCacheCleanup'
2025-01-24T15:59:36.388+01:00 DEBUG 35076 --- [    Test worker] o.s.b.f.s.DefaultListableBeanFactory     : Creating shared instance of singleton bean 'org.springframework.data.jpa.repository.support.JpaEvaluationContextExtension'
2025-01-24T15:59:36.392+01:00 DEBUG 35076 --- [    Test worker] o.s.b.f.s.DefaultListableBeanFactory     : Creating shared instance of singleton bean 'jpa.named-queries#0'
2025-01-24T15:59:36.396+01:00 DEBUG 35076 --- [    Test worker] o.s.b.f.s.DefaultListableBeanFactory     : Creating shared instance of singleton bean 'jpa.AccountRepository.fragments#0'
2025-01-24T15:59:36.398+01:00 DEBUG 35076 --- [    Test worker] o.s.b.f.s.DefaultListableBeanFactory     : Creating shared instance of singleton bean 'accountRepository'
2025-01-24T15:59:36.418+01:00 DEBUG 35076 --- [    Test worker] o.s.b.f.s.DefaultListableBeanFactory     : Creating shared instance of singleton bean 'jpaMappingContext'
2025-01-24T15:59:36.419+01:00 DEBUG 35076 --- [    Test worker] .c.JpaMetamodelMappingContextFactoryBean : Initializing JpaMetamodelMappingContext…
2025-01-24T15:59:36.460+01:00 DEBUG 35076 --- [    Test worker] .c.JpaMetamodelMappingContextFactoryBean : Finished initializing JpaMetamodelMappingContext
2025-01-24T15:59:36.536+01:00 DEBUG 35076 --- [    Test worker] tor$SharedEntityManagerInvocationHandler : Creating new EntityManager for shared EntityManager invocation
2025-01-24T15:59:36.606+01:00 DEBUG 35076 --- [    Test worker] o.h.stat.internal.StatisticsInitiator    : Statistics initialized [enabled=false]
2025-01-24T15:59:36.616+01:00 DEBUG 35076 --- [    Test worker] tor$SharedEntityManagerInvocationHandler : Creating new EntityManager for shared EntityManager invocation
2025-01-24T15:59:36.708+01:00 DEBUG 35076 --- [    Test worker] o.s.d.r.c.s.RepositoryFactorySupport     : Initializing repository instance for com.blueharvest.spi.repository.AccountRepository…
2025-01-24T15:59:36.742+01:00 DEBUG 35076 --- [    Test worker] tor$SharedEntityManagerInvocationHandler : Creating new EntityManager for shared EntityManager invocation
2025-01-24T15:59:36.798+01:00 DEBUG 35076 --- [    Test worker] o.s.d.r.c.s.RepositoryFactorySupport     : Finished creation of repository instance for com.blueharvest.spi.repository.AccountRepository.
2025-01-24T15:59:36.801+01:00 DEBUG 35076 --- [    Test worker] o.s.b.f.s.DefaultListableBeanFactory     : Creating shared instance of singleton bean 'jpa.named-queries#1'
2025-01-24T15:59:36.803+01:00 DEBUG 35076 --- [    Test worker] o.s.b.f.s.DefaultListableBeanFactory     : Creating shared instance of singleton bean 'jpa.UserRepository.fragments#0'
2025-01-24T15:59:36.804+01:00 DEBUG 35076 --- [    Test worker] o.s.b.f.s.DefaultListableBeanFactory     : Creating shared instance of singleton bean 'userRepository'
2025-01-24T15:59:36.808+01:00 DEBUG 35076 --- [    Test worker] tor$SharedEntityManagerInvocationHandler : Creating new EntityManager for shared EntityManager invocation
2025-01-24T15:59:36.809+01:00 DEBUG 35076 --- [    Test worker] o.s.d.r.c.s.RepositoryFactorySupport     : Initializing repository instance for com.blueharvest.spi.repository.UserRepository…
2025-01-24T15:59:36.811+01:00 DEBUG 35076 --- [    Test worker] tor$SharedEntityManagerInvocationHandler : Creating new EntityManager for shared EntityManager invocation
2025-01-24T15:59:36.818+01:00 DEBUG 35076 --- [    Test worker] o.s.d.r.c.s.RepositoryFactorySupport     : Finished creation of repository instance for com.blueharvest.spi.repository.UserRepository.
2025-01-24T15:59:36.818+01:00 DEBUG 35076 --- [    Test worker] o.s.b.f.s.DefaultListableBeanFactory     : Creating shared instance of singleton bean 'data-jpa.repository-aot-processor#0'
2025-01-24T15:59:36.827+01:00 DEBUG 35076 --- [    Test worker] o.s.b.f.s.DefaultListableBeanFactory     : Creating shared instance of singleton bean 'org.springframework.boot.autoconfigure.jdbc.JdbcTemplateConfiguration'
2025-01-24T15:59:36.828+01:00 DEBUG 35076 --- [    Test worker] o.s.b.f.s.DefaultListableBeanFactory     : Creating shared instance of singleton bean 'jdbcTemplate'
2025-01-24T15:59:36.829+01:00 DEBUG 35076 --- [    Test worker] o.s.b.f.s.DefaultListableBeanFactory     : Creating shared instance of singleton bean 'spring.jdbc-org.springframework.boot.autoconfigure.jdbc.JdbcProperties'
2025-01-24T15:59:36.832+01:00 DEBUG 35076 --- [    Test worker] o.s.b.f.s.DefaultListableBeanFactory     : Autowiring by type from bean name 'jdbcTemplate' via factory method to bean named 'dataSource'
2025-01-24T15:59:36.832+01:00 DEBUG 35076 --- [    Test worker] o.s.b.f.s.DefaultListableBeanFactory     : Autowiring by type from bean name 'jdbcTemplate' via factory method to bean named 'spring.jdbc-org.springframework.boot.autoconfigure.jdbc.JdbcProperties'
2025-01-24T15:59:36.852+01:00 DEBUG 35076 --- [    Test worker] o.s.b.f.s.DefaultListableBeanFactory     : Creating shared instance of singleton bean 'org.springframework.boot.autoconfigure.jdbc.NamedParameterJdbcTemplateConfiguration'
2025-01-24T15:59:36.854+01:00 DEBUG 35076 --- [    Test worker] o.s.b.f.s.DefaultListableBeanFactory     : Creating shared instance of singleton bean 'namedParameterJdbcTemplate'
2025-01-24T15:59:36.854+01:00 DEBUG 35076 --- [    Test worker] o.s.b.f.s.DefaultListableBeanFactory     : Autowiring by type from bean name 'namedParameterJdbcTemplate' via factory method to bean named 'jdbcTemplate'
2025-01-24T15:59:36.864+01:00 DEBUG 35076 --- [    Test worker] o.s.b.f.s.DefaultListableBeanFactory     : Creating shared instance of singleton bean 'org.springframework.boot.autoconfigure.jdbc.JdbcTemplateAutoConfiguration'
2025-01-24T15:59:36.865+01:00 DEBUG 35076 --- [    Test worker] o.s.b.f.s.DefaultListableBeanFactory     : Creating shared instance of singleton bean 'flywayDefaultDdlModeProvider'
2025-01-24T15:59:36.867+01:00 DEBUG 35076 --- [    Test worker] o.s.b.f.s.DefaultListableBeanFactory     : Creating shared instance of singleton bean 'org.springframework.boot.autoconfigure.jdbc.JdbcClientAutoConfiguration'
2025-01-24T15:59:36.869+01:00 DEBUG 35076 --- [    Test worker] o.s.b.f.s.DefaultListableBeanFactory     : Creating shared instance of singleton bean 'jdbcClient'
2025-01-24T15:59:36.869+01:00 DEBUG 35076 --- [    Test worker] o.s.b.f.s.DefaultListableBeanFactory     : Autowiring by type from bean name 'jdbcClient' via factory method to bean named 'namedParameterJdbcTemplate'
2025-01-24T15:59:36.873+01:00 DEBUG 35076 --- [    Test worker] o.s.b.f.s.DefaultListableBeanFactory     : Creating shared instance of singleton bean 'org.springframework.boot.autoconfigure.sql.init.SqlInitializationAutoConfiguration'
2025-01-24T15:59:36.874+01:00 DEBUG 35076 --- [    Test worker] o.s.b.f.s.DefaultListableBeanFactory     : Creating shared instance of singleton bean 'org.springframework.boot.autoconfigure.jdbc.DataSourceTransactionManagerAutoConfiguration$JdbcTransactionManagerConfiguration'
2025-01-24T15:59:36.875+01:00 DEBUG 35076 --- [    Test worker] o.s.b.f.s.DefaultListableBeanFactory     : Creating shared instance of singleton bean 'org.springframework.boot.autoconfigure.jdbc.DataSourceTransactionManagerAutoConfiguration'
2025-01-24T15:59:36.876+01:00 DEBUG 35076 --- [    Test worker] o.s.b.f.s.DefaultListableBeanFactory     : Creating shared instance of singleton bean 'org.springframework.boot.autoconfigure.transaction.TransactionAutoConfiguration$EnableTransactionManagementConfiguration$CglibAutoProxyConfiguration'
2025-01-24T15:59:36.878+01:00 DEBUG 35076 --- [    Test worker] o.s.b.f.s.DefaultListableBeanFactory     : Creating shared instance of singleton bean 'org.springframework.boot.autoconfigure.transaction.TransactionAutoConfiguration$EnableTransactionManagementConfiguration'
2025-01-24T15:59:36.878+01:00 DEBUG 35076 --- [    Test worker] o.s.b.f.s.DefaultListableBeanFactory     : Creating shared instance of singleton bean 'org.springframework.boot.autoconfigure.transaction.TransactionAutoConfiguration$TransactionTemplateConfiguration'
2025-01-24T15:59:36.880+01:00 DEBUG 35076 --- [    Test worker] o.s.b.f.s.DefaultListableBeanFactory     : Creating shared instance of singleton bean 'transactionTemplate'
2025-01-24T15:59:36.881+01:00 DEBUG 35076 --- [    Test worker] o.s.b.f.s.DefaultListableBeanFactory     : Autowiring by type from bean name 'transactionTemplate' via factory method to bean named 'transactionManager'
2025-01-24T15:59:36.885+01:00 DEBUG 35076 --- [    Test worker] o.s.b.f.s.DefaultListableBeanFactory     : Creating shared instance of singleton bean 'org.springframework.boot.autoconfigure.transaction.TransactionAutoConfiguration'
2025-01-24T15:59:36.889+01:00 DEBUG 35076 --- [    Test worker] o.s.b.f.s.DefaultListableBeanFactory     : Creating shared instance of singleton bean 'org.springframework.boot.test.autoconfigure.orm.jpa.TestEntityManagerAutoConfiguration'
2025-01-24T15:59:36.890+01:00 DEBUG 35076 --- [    Test worker] o.s.b.f.s.DefaultListableBeanFactory     : Creating shared instance of singleton bean 'testEntityManager'
2025-01-24T15:59:36.891+01:00 DEBUG 35076 --- [    Test worker] o.s.b.f.s.DefaultListableBeanFactory     : Autowiring by type from bean name 'testEntityManager' via factory method to bean named 'entityManagerFactory'
2025-01-24T15:59:36.914+01:00 DEBUG 35076 --- [    Test worker] o.s.c.support.DefaultLifecycleProcessor  : Starting beans in phase -2147483647
2025-01-24T15:59:36.915+01:00 DEBUG 35076 --- [    Test worker] o.s.c.support.DefaultLifecycleProcessor  : Successfully started bean 'springBootLoggingLifecycle'
2025-01-24T15:59:36.925+01:00 DEBUG 35076 --- [    Test worker] .s.b.a.l.ConditionEvaluationReportLogger : 


============================
CONDITIONS EVALUATION REPORT
============================


Positive matches:
-----------------

   DataSourceAutoConfiguration matched:
      - @ConditionalOnClass found required classes 'javax.sql.DataSource', 'org.springframework.jdbc.datasource.embedded.EmbeddedDatabaseType' (OnClassCondition)
      - @ConditionalOnMissingBean (types: io.r2dbc.spi.ConnectionFactory; SearchStrategy: all) did not find any beans (OnBeanCondition)

   DataSourceAutoConfiguration.PooledDataSourceConfiguration matched:
      - AnyNestedCondition 1 matched 1 did not; NestedCondition on DataSourceAutoConfiguration.PooledDataSourceCondition.PooledDataSourceAvailable PooledDataSource found supported DataSource; NestedCondition on DataSourceAutoConfiguration.PooledDataSourceCondition.ExplicitType @ConditionalOnProperty (spring.datasource.type) did not find property 'type' (DataSourceAutoConfiguration.PooledDataSourceCondition)
      - @ConditionalOnMissingBean (types: javax.sql.DataSource,javax.sql.XADataSource; SearchStrategy: all) did not find any beans (OnBeanCondition)

   DataSourceAutoConfiguration.PooledDataSourceConfiguration#jdbcConnectionDetails matched:
      - @ConditionalOnMissingBean (types: org.springframework.boot.autoconfigure.jdbc.JdbcConnectionDetails; SearchStrategy: all) did not find any beans (OnBeanCondition)

   DataSourceConfiguration.Hikari matched:
      - @ConditionalOnClass found required class 'com.zaxxer.hikari.HikariDataSource' (OnClassCondition)
      - @ConditionalOnProperty (spring.datasource.type=com.zaxxer.hikari.HikariDataSource) matched (OnPropertyCondition)
      - @ConditionalOnMissingBean (types: javax.sql.DataSource; SearchStrategy: all) did not find any beans (OnBeanCondition)

   DataSourceInitializationConfiguration matched:
      - @ConditionalOnClass found required class 'org.springframework.jdbc.datasource.init.DatabasePopulator' (OnClassCondition)
      - @ConditionalOnSingleCandidate (types: javax.sql.DataSource; SearchStrategy: all) found a single bean 'dataSource'; @ConditionalOnMissingBean (types: org.springframework.boot.autoconfigure.sql.init.SqlDataSourceScriptDatabaseInitializer,org.springframework.boot.autoconfigure.sql.init.SqlR2dbcScriptDatabaseInitializer; SearchStrategy: all) did not find any beans (OnBeanCondition)

   DataSourcePoolMetadataProvidersConfiguration.HikariPoolDataSourceMetadataProviderConfiguration matched:
      - @ConditionalOnClass found required class 'com.zaxxer.hikari.HikariDataSource' (OnClassCondition)

   DataSourceTransactionManagerAutoConfiguration matched:
      - @ConditionalOnClass found required classes 'javax.sql.DataSource', 'org.springframework.jdbc.core.JdbcTemplate', 'org.springframework.transaction.TransactionManager' (OnClassCondition)

   DataSourceTransactionManagerAutoConfiguration.JdbcTransactionManagerConfiguration matched:
      - @ConditionalOnSingleCandidate (types: javax.sql.DataSource; SearchStrategy: all) found a single bean 'dataSource' (OnBeanCondition)

   FlywayAutoConfiguration matched:
      - @ConditionalOnClass found required class 'org.flywaydb.core.Flyway' (OnClassCondition)
      - @ConditionalOnProperty (spring.flyway.enabled) matched (OnPropertyCondition)
      - AnyNestedCondition 2 matched 1 did not; NestedCondition on FlywayAutoConfiguration.FlywayDataSourceCondition.FlywayUrlCondition @ConditionalOnProperty (spring.flyway.url) did not find property 'url'; NestedCondition on FlywayAutoConfiguration.FlywayDataSourceCondition.JdbcConnectionDetailsCondition @ConditionalOnBean (types: org.springframework.boot.autoconfigure.jdbc.JdbcConnectionDetails; SearchStrategy: all) found bean 'jdbcConnectionDetails'; NestedCondition on FlywayAutoConfiguration.FlywayDataSourceCondition.DataSourceBeanCondition @ConditionalOnBean (types: javax.sql.DataSource; SearchStrategy: all) found bean 'dataSource' (FlywayAutoConfiguration.FlywayDataSourceCondition)

   FlywayAutoConfiguration.FlywayConfiguration matched:
      - @ConditionalOnClass found required class 'org.springframework.jdbc.support.JdbcUtils' (OnClassCondition)
      - @ConditionalOnMissingBean (types: org.flywaydb.core.Flyway; SearchStrategy: all) did not find any beans (OnBeanCondition)

   FlywayAutoConfiguration.FlywayConfiguration#flywayConnectionDetails matched:
      - @ConditionalOnMissingBean (types: org.springframework.boot.autoconfigure.flyway.FlywayConnectionDetails; SearchStrategy: all) did not find any beans (OnBeanCondition)

   FlywayAutoConfiguration.FlywayConfiguration#flywayInitializer matched:
      - @ConditionalOnMissingBean (types: org.springframework.boot.autoconfigure.flyway.FlywayMigrationInitializer; SearchStrategy: all) did not find any beans (OnBeanCondition)

   HibernateJpaAutoConfiguration matched:
      - @ConditionalOnClass found required classes 'org.springframework.orm.jpa.LocalContainerEntityManagerFactoryBean', 'jakarta.persistence.EntityManager', 'org.hibernate.engine.spi.SessionImplementor' (OnClassCondition)

   HibernateJpaConfiguration matched:
      - @ConditionalOnSingleCandidate (types: javax.sql.DataSource; SearchStrategy: all) found a single bean 'dataSource' (OnBeanCondition)

   JdbcClientAutoConfiguration matched:
      - @ConditionalOnSingleCandidate (types: org.springframework.jdbc.core.namedparam.NamedParameterJdbcTemplate; SearchStrategy: all) found a single bean 'namedParameterJdbcTemplate'; @ConditionalOnMissingBean (types: org.springframework.jdbc.core.simple.JdbcClient; SearchStrategy: all) did not find any beans (OnBeanCondition)

   JdbcTemplateAutoConfiguration matched:
      - @ConditionalOnClass found required classes 'javax.sql.DataSource', 'org.springframework.jdbc.core.JdbcTemplate' (OnClassCondition)
      - @ConditionalOnSingleCandidate (types: javax.sql.DataSource; SearchStrategy: all) found a single bean 'dataSource' (OnBeanCondition)

   JdbcTemplateConfiguration matched:
      - @ConditionalOnMissingBean (types: org.springframework.jdbc.core.JdbcOperations; SearchStrategy: all) did not find any beans (OnBeanCondition)

   JpaBaseConfiguration#entityManagerFactory matched:
      - @ConditionalOnMissingBean (types: org.springframework.orm.jpa.LocalContainerEntityManagerFactoryBean,jakarta.persistence.EntityManagerFactory; SearchStrategy: all) did not find any beans (OnBeanCondition)

   JpaBaseConfiguration#entityManagerFactoryBuilder matched:
      - @ConditionalOnMissingBean (types: org.springframework.boot.orm.jpa.EntityManagerFactoryBuilder; SearchStrategy: all) did not find any beans (OnBeanCondition)

   JpaBaseConfiguration#jpaVendorAdapter matched:
      - @ConditionalOnMissingBean (types: org.springframework.orm.jpa.JpaVendorAdapter; SearchStrategy: all) did not find any beans (OnBeanCondition)

   JpaBaseConfiguration#transactionManager matched:
      - @ConditionalOnMissingBean (types: org.springframework.transaction.TransactionManager; SearchStrategy: all) did not find any beans (OnBeanCondition)

   JpaBaseConfiguration.PersistenceManagedTypesConfiguration matched:
      - @ConditionalOnMissingBean (types: org.springframework.orm.jpa.LocalContainerEntityManagerFactoryBean,jakarta.persistence.EntityManagerFactory; SearchStrategy: all) did not find any beans (OnBeanCondition)

   JpaBaseConfiguration.PersistenceManagedTypesConfiguration#persistenceManagedTypes matched:
      - @ConditionalOnMissingBean (types: org.springframework.orm.jpa.persistenceunit.PersistenceManagedTypes; SearchStrategy: all) did not find any beans (OnBeanCondition)

   JpaRepositoriesAutoConfiguration matched:
      - @ConditionalOnClass found required class 'org.springframework.data.jpa.repository.JpaRepository' (OnClassCondition)
      - @ConditionalOnProperty (spring.data.jpa.repositories.enabled=true) matched (OnPropertyCondition)
      - @ConditionalOnBean (types: javax.sql.DataSource; SearchStrategy: all) found bean 'dataSource'; @ConditionalOnMissingBean (types: org.springframework.data.jpa.repository.support.JpaRepositoryFactoryBean,org.springframework.data.jpa.repository.config.JpaRepositoryConfigExtension; SearchStrategy: all) did not find any beans (OnBeanCondition)

   NamedParameterJdbcTemplateConfiguration matched:
      - @ConditionalOnSingleCandidate (types: org.springframework.jdbc.core.JdbcTemplate; SearchStrategy: all) found a single bean 'jdbcTemplate'; @ConditionalOnMissingBean (types: org.springframework.jdbc.core.namedparam.NamedParameterJdbcOperations; SearchStrategy: all) did not find any beans (OnBeanCondition)

   NoOpCacheConfiguration matched:
      - Cache org.springframework.boot.autoconfigure.cache.NoOpCacheConfiguration NONE cache type (CacheCondition)

   SqlInitializationAutoConfiguration matched:
      - @ConditionalOnProperty (spring.sql.init.enabled) matched (OnPropertyCondition)
      - NoneNestedConditions 0 matched 1 did not; NestedCondition on SqlInitializationAutoConfiguration.SqlInitializationModeCondition.ModeIsNever @ConditionalOnProperty (spring.sql.init.mode=never) did not find property 'mode' (SqlInitializationAutoConfiguration.SqlInitializationModeCondition)

   TestEntityManagerAutoConfiguration matched:
      - @ConditionalOnClass found required class 'jakarta.persistence.EntityManagerFactory' (OnClassCondition)

   TestEntityManagerAutoConfiguration#testEntityManager matched:
      - @ConditionalOnMissingBean (types: org.springframework.boot.test.autoconfigure.orm.jpa.TestEntityManager; SearchStrategy: all) did not find any beans (OnBeanCondition)

   TransactionAutoConfiguration matched:
      - @ConditionalOnClass found required class 'org.springframework.transaction.PlatformTransactionManager' (OnClassCondition)

   TransactionAutoConfiguration.EnableTransactionManagementConfiguration matched:
      - @ConditionalOnBean (types: org.springframework.transaction.TransactionManager; SearchStrategy: all) found bean 'transactionManager'; @ConditionalOnMissingBean (types: org.springframework.transaction.annotation.AbstractTransactionManagementConfiguration; SearchStrategy: all) did not find any beans (OnBeanCondition)

   TransactionAutoConfiguration.EnableTransactionManagementConfiguration.CglibAutoProxyConfiguration matched:
      - @ConditionalOnProperty (spring.aop.proxy-target-class=true) matched (OnPropertyCondition)

   TransactionAutoConfiguration.TransactionTemplateConfiguration matched:
      - @ConditionalOnSingleCandidate (types: org.springframework.transaction.PlatformTransactionManager; SearchStrategy: all) found a single bean 'transactionManager' (OnBeanCondition)

   TransactionAutoConfiguration.TransactionTemplateConfiguration#transactionTemplate matched:
      - @ConditionalOnMissingBean (types: org.springframework.transaction.support.TransactionOperations; SearchStrategy: all) did not find any beans (OnBeanCondition)


Negative matches:
-----------------

   Cache2kCacheConfiguration:
      Did not match:
         - @ConditionalOnClass did not find required class 'org.cache2k.Cache2kBuilder' (OnClassCondition)

   CacheAutoConfiguration:
      Did not match:
         - @ConditionalOnBean (types: org.springframework.cache.interceptor.CacheAspectSupport; SearchStrategy: all) did not find any beans of type org.springframework.cache.interceptor.CacheAspectSupport (OnBeanCondition)
      Matched:
         - @ConditionalOnClass found required class 'org.springframework.cache.CacheManager' (OnClassCondition)

   CacheAutoConfiguration.CacheManagerEntityManagerFactoryDependsOnPostProcessor:
      Did not match:
         - Ancestor org.springframework.boot.autoconfigure.cache.CacheAutoConfiguration did not match (ConditionEvaluationReport.AncestorsMatchedCondition)
      Matched:
         - @ConditionalOnClass found required class 'org.springframework.orm.jpa.LocalContainerEntityManagerFactoryBean' (OnClassCondition)

   CaffeineCacheConfiguration:
      Did not match:
         - @ConditionalOnClass did not find required class 'com.github.benmanes.caffeine.cache.Caffeine' (OnClassCondition)

   CouchbaseCacheConfiguration:
      Did not match:
         - @ConditionalOnClass did not find required class 'com.couchbase.client.java.Cluster' (OnClassCondition)

   DataSourceAutoConfiguration.EmbeddedDatabaseConfiguration:
      Did not match:
         - EmbeddedDataSource spring.datasource.url is set (DataSourceAutoConfiguration.EmbeddedDatabaseCondition)

   DataSourceCheckpointRestoreConfiguration:
      Did not match:
         - @ConditionalOnClass did not find required class 'org.crac.Resource' (OnClassCondition)

   DataSourceConfiguration.Dbcp2:
      Did not match:
         - @ConditionalOnClass did not find required class 'org.apache.commons.dbcp2.BasicDataSource' (OnClassCondition)

   DataSourceConfiguration.Generic:
      Did not match:
         - @ConditionalOnProperty (spring.datasource.type) did not find property 'spring.datasource.type' (OnPropertyCondition)

   DataSourceConfiguration.OracleUcp:
      Did not match:
         - @ConditionalOnClass did not find required classes 'oracle.ucp.jdbc.PoolDataSourceImpl', 'oracle.jdbc.OracleConnection' (OnClassCondition)

   DataSourceConfiguration.Tomcat:
      Did not match:
         - @ConditionalOnClass did not find required class 'org.apache.tomcat.jdbc.pool.DataSource' (OnClassCondition)

   DataSourceJmxConfiguration:
      Did not match:
         - @ConditionalOnProperty (spring.jmx.enabled=true) found different value in property 'enabled' (OnPropertyCondition)

   DataSourcePoolMetadataProvidersConfiguration.CommonsDbcp2PoolDataSourceMetadataProviderConfiguration:
      Did not match:
         - @ConditionalOnClass did not find required class 'org.apache.commons.dbcp2.BasicDataSource' (OnClassCondition)

   DataSourcePoolMetadataProvidersConfiguration.OracleUcpPoolDataSourceMetadataProviderConfiguration:
      Did not match:
         - @ConditionalOnClass did not find required classes 'oracle.ucp.jdbc.PoolDataSource', 'oracle.jdbc.OracleConnection' (OnClassCondition)

   DataSourcePoolMetadataProvidersConfiguration.TomcatDataSourcePoolMetadataProviderConfiguration:
      Did not match:
         - @ConditionalOnClass did not find required class 'org.apache.tomcat.jdbc.pool.DataSource' (OnClassCondition)

   DataSourceTransactionManagerAutoConfiguration.JdbcTransactionManagerConfiguration#transactionManager:
      Did not match:
         - @ConditionalOnMissingBean (types: org.springframework.transaction.TransactionManager; SearchStrategy: all) found beans of type 'org.springframework.transaction.TransactionManager' transactionManager (OnBeanCondition)

   FlywayAutoConfiguration.FlywayConfiguration#oracleFlywayConfigurationCustomizer:
      Did not match:
         - @ConditionalOnClass did not find required class 'org.flywaydb.database.oracle.OracleConfigurationExtension' (OnClassCondition)

   FlywayAutoConfiguration.FlywayConfiguration#postgresqlFlywayConfigurationCustomizer:
      Did not match:
         - @ConditionalOnClass did not find required class 'org.flywaydb.database.postgresql.PostgreSQLConfigurationExtension' (OnClassCondition)

   FlywayAutoConfiguration.FlywayConfiguration#sqlServerFlywayConfigurationCustomizer:
      Did not match:
         - @ConditionalOnClass did not find required class 'org.flywaydb.database.sqlserver.SQLServerConfigurationExtension' (OnClassCondition)

   GenericCacheConfiguration:
      Did not match:
         - Cache org.springframework.boot.autoconfigure.cache.GenericCacheConfiguration unknown cache type (CacheCondition)

   HazelcastCacheConfiguration:
      Did not match:
         - @ConditionalOnClass did not find required class 'com.hazelcast.core.HazelcastInstance' (OnClassCondition)

   InfinispanCacheConfiguration:
      Did not match:
         - @ConditionalOnClass did not find required class 'org.infinispan.spring.embedded.provider.SpringEmbeddedCacheManager' (OnClassCondition)

   JCacheCacheConfiguration:
      Did not match:
         - @ConditionalOnClass did not find required class 'javax.cache.Caching' (OnClassCondition)

   JpaBaseConfiguration.JpaWebConfiguration:
      Did not match:
         - not a servlet web application (OnWebApplicationCondition)
      Matched:
         - @ConditionalOnClass found required class 'org.springframework.web.servlet.config.annotation.WebMvcConfigurer' (OnClassCondition)

   JpaRepositoriesAutoConfiguration#entityManagerFactoryBootstrapExecutorCustomizer:
      Did not match:
         - AnyNestedCondition 0 matched 2 did not; NestedCondition on JpaRepositoriesAutoConfiguration.BootstrapExecutorCondition.LazyBootstrapMode @ConditionalOnProperty (spring.data.jpa.repositories.bootstrap-mode=lazy) found different value in property 'bootstrap-mode'; NestedCondition on JpaRepositoriesAutoConfiguration.BootstrapExecutorCondition.DeferredBootstrapMode @ConditionalOnProperty (spring.data.jpa.repositories.bootstrap-mode=deferred) found different value in property 'bootstrap-mode' (JpaRepositoriesAutoConfiguration.BootstrapExecutorCondition)

   LiquibaseAutoConfiguration:
      Did not match:
         - @ConditionalOnClass did not find required class 'liquibase.change.DatabaseChange' (OnClassCondition)

   R2dbcInitializationConfiguration:
      Did not match:
         - @ConditionalOnClass did not find required classes 'io.r2dbc.spi.ConnectionFactory', 'org.springframework.r2dbc.connection.init.DatabasePopulator' (OnClassCondition)

   RedisCacheConfiguration:
      Did not match:
         - @ConditionalOnClass did not find required class 'org.springframework.data.redis.connection.RedisConnectionFactory' (OnClassCondition)

   SimpleCacheConfiguration:
      Did not match:
         - Cache org.springframework.boot.autoconfigure.cache.SimpleCacheConfiguration unknown cache type (CacheCondition)

   TestDatabaseAutoConfiguration#dataSource:
      Did not match:
         - @ConditionalOnProperty (spring.test.database.replace=AUTO_CONFIGURED) found different value in property 'replace' (OnPropertyCondition)

   TestDatabaseAutoConfiguration#embeddedDataSourceBeanFactoryPostProcessor:
      Did not match:
         - @ConditionalOnProperty (spring.test.database.replace=ANY) found different value in property 'replace' (OnPropertyCondition)

   TransactionAutoConfiguration#transactionalOperator:
      Did not match:
         - @ConditionalOnSingleCandidate (types: org.springframework.transaction.ReactiveTransactionManager; SearchStrategy: all) did not find any beans (OnBeanCondition)

   TransactionAutoConfiguration.AspectJTransactionManagementConfiguration:
      Did not match:
         - @ConditionalOnBean (types: org.springframework.transaction.aspectj.AbstractTransactionAspect; SearchStrategy: all) did not find any beans of type org.springframework.transaction.aspectj.AbstractTransactionAspect (OnBeanCondition)

   TransactionAutoConfiguration.EnableTransactionManagementConfiguration.JdkDynamicAutoProxyConfiguration:
      Did not match:
         - @ConditionalOnProperty (spring.aop.proxy-target-class=false) did not find property 'proxy-target-class' (OnPropertyCondition)


Exclusions:
-----------

    None


Unconditional classes:
----------------------

    org.springframework.boot.test.autoconfigure.jdbc.TestDatabaseAutoConfiguration



2025-01-24T15:59:36.954+01:00  INFO 35076 --- [    Test worker] c.b.spi.repository.UserRepositoryTest    : Started UserRepositoryTest in 9.838 seconds (process running for 13.184)
2025-01-24T15:59:36.969+01:00 DEBUG 35076 --- [    Test worker] org.springframework.test.context.cache   : Spring test ApplicationContext cache statistics: [DefaultContextCache@16bebd03 size = 1, maxSize = 32, parentContextCount = 0, hitCount = 0, missCount = 1, failureCount = 0]
2025-01-24T15:59:36.979+01:00 DEBUG 35076 --- [    Test worker] org.springframework.test.context.cache   : Spring test ApplicationContext cache statistics: [DefaultContextCache@16bebd03 size = 1, maxSize = 32, parentContextCount = 0, hitCount = 1, missCount = 1, failureCount = 0]
2025-01-24T15:59:36.990+01:00 DEBUG 35076 --- [    Test worker] sContextBeforeModesTestExecutionListener : Before test method: class [UserRepositoryTest], method [testReporitory], class annotated with @DirtiesContext [false] with mode [null], method annotated with @DirtiesContext [false] with mode [null]
2025-01-24T15:59:37.000+01:00 DEBUG 35076 --- [    Test worker] t.c.t.TransactionalTestExecutionListener : Explicit transaction definition [PROPAGATION_REQUIRED,ISOLATION_DEFAULT] found for test class [com.blueharvest.spi.repository.UserRepositoryTest] and test method [testReporitory]
2025-01-24T15:59:37.000+01:00 DEBUG 35076 --- [    Test worker] org.springframework.test.context.cache   : Spring test ApplicationContext cache statistics: [DefaultContextCache@16bebd03 size = 1, maxSize = 32, parentContextCount = 0, hitCount = 2, missCount = 1, failureCount = 0]
2025-01-24T15:59:37.003+01:00 DEBUG 35076 --- [    Test worker] t.c.t.TransactionalTestExecutionListener : No method-level @Rollback override: using default rollback [true] for test method [void com.blueharvest.spi.repository.UserRepositoryTest.testReporitory()]
2025-01-24T15:59:37.006+01:00 DEBUG 35076 --- [    Test worker] o.s.orm.jpa.JpaTransactionManager        : Creating new transaction with name [com.blueharvest.spi.repository.UserRepositoryTest.testReporitory]: PROPAGATION_REQUIRED,ISOLATION_DEFAULT
2025-01-24T15:59:37.008+01:00 DEBUG 35076 --- [    Test worker] o.s.orm.jpa.JpaTransactionManager        : Opened new EntityManager [SessionImpl(1453306637<open>)] for JPA transaction
2025-01-24T15:59:37.015+01:00 DEBUG 35076 --- [    Test worker] o.h.e.t.internal.TransactionImpl         : On TransactionImpl creation, JpaCompliance#isJpaTransactionComplianceEnabled == false
2025-01-24T15:59:37.015+01:00 DEBUG 35076 --- [    Test worker] o.h.e.t.internal.TransactionImpl         : begin
2025-01-24T15:59:37.019+01:00 DEBUG 35076 --- [    Test worker] o.s.orm.jpa.JpaTransactionManager        : Exposing JPA transaction as JDBC [org.springframework.orm.jpa.vendor.HibernateJpaDialect$HibernateConnectionHandle@63bbddd5]
2025-01-24T15:59:37.020+01:00 DEBUG 35076 --- [    Test worker] o.s.t.c.transaction.TransactionContext   : Began transaction (1) for test class [com.blueharvest.spi.repository.UserRepositoryTest]; test method [testReporitory]; transaction manager [org.springframework.orm.jpa.JpaTransactionManager@3951efe0]; rollback [true]
2025-01-24T15:59:37.025+01:00 DEBUG 35076 --- [    Test worker] org.springframework.test.context.cache   : Spring test ApplicationContext cache statistics: [DefaultContextCache@16bebd03 size = 1, maxSize = 32, parentContextCount = 0, hitCount = 3, missCount = 1, failureCount = 0]
2025-01-24T15:59:37.025+01:00 DEBUG 35076 --- [    Test worker] org.springframework.test.context.cache   : Spring test ApplicationContext cache statistics: [DefaultContextCache@16bebd03 size = 1, maxSize = 32, parentContextCount = 0, hitCount = 4, missCount = 1, failureCount = 0]
2025-01-24T15:59:37.110+01:00 DEBUG 35076 --- [    Test worker] java.lang.ProcessBuilder                 : ProcessBuilder.start(): pid: 28916, dir: null, cmd: "C:\Program Files\Java\jdk-21\bin\java.exe"

java.lang.RuntimeException: ProcessBuilder.start() debug
	at java.base/java.lang.ProcessBuilder.start(ProcessBuilder.java:1147) ~[na:na]
	at java.base/java.lang.ProcessBuilder.start(ProcessBuilder.java:1089) ~[na:na]
	at net.bytebuddy.agent.ByteBuddyAgent.installExternal(ByteBuddyAgent.java:673) ~[byte-buddy-agent-1.14.19.jar:na]
	at net.bytebuddy.agent.ByteBuddyAgent.install(ByteBuddyAgent.java:604) ~[byte-buddy-agent-1.14.19.jar:na]
	at net.bytebuddy.agent.ByteBuddyAgent.install(ByteBuddyAgent.java:584) ~[byte-buddy-agent-1.14.19.jar:na]
	at net.bytebuddy.agent.ByteBuddyAgent.install(ByteBuddyAgent.java:536) ~[byte-buddy-agent-1.14.19.jar:na]
	at net.bytebuddy.agent.ByteBuddyAgent.install(ByteBuddyAgent.java:513) ~[byte-buddy-agent-1.14.19.jar:na]
	at org.mockito.internal.creation.bytebuddy.InlineDelegateByteBuddyMockMaker.<clinit>(InlineDelegateByteBuddyMockMaker.java:133) ~[mockito-core-5.11.0.jar:na]
	at org.mockito.internal.creation.bytebuddy.InlineByteBuddyMockMaker.<init>(InlineByteBuddyMockMaker.java:23) ~[mockito-core-5.11.0.jar:na]
	at java.base/jdk.internal.reflect.DirectConstructorHandleAccessor.newInstance(DirectConstructorHandleAccessor.java:62) ~[na:na]
	at java.base/java.lang.reflect.Constructor.newInstanceWithCaller(Constructor.java:502) ~[na:na]
	at java.base/java.lang.reflect.Constructor.newInstance(Constructor.java:486) ~[na:na]
	at org.mockito.internal.configuration.plugins.DefaultMockitoPlugins.create(DefaultMockitoPlugins.java:103) ~[mockito-core-5.11.0.jar:na]
	at org.mockito.internal.configuration.plugins.DefaultMockitoPlugins.getDefaultPlugin(DefaultMockitoPlugins.java:79) ~[mockito-core-5.11.0.jar:na]
	at org.mockito.internal.configuration.plugins.PluginLoader.loadPlugin(PluginLoader.java:75) ~[mockito-core-5.11.0.jar:na]
	at org.mockito.internal.configuration.plugins.PluginLoader.loadPlugin(PluginLoader.java:49) ~[mockito-core-5.11.0.jar:na]
	at org.mockito.internal.configuration.plugins.PluginRegistry.<init>(PluginRegistry.java:29) ~[mockito-core-5.11.0.jar:na]
	at org.mockito.internal.configuration.plugins.Plugins.<clinit>(Plugins.java:26) ~[mockito-core-5.11.0.jar:na]
	at org.mockito.internal.MockitoCore.<clinit>(MockitoCore.java:71) ~[mockito-core-5.11.0.jar:na]
	at org.mockito.Mockito.<clinit>(Mockito.java:1683) ~[mockito-core-5.11.0.jar:na]
	at org.springframework.boot.test.mock.mockito.MockReset.get(MockReset.java:105) ~[spring-boot-test-3.3.6.jar:3.3.6]
	at org.springframework.boot.test.mock.mockito.ResetMocksTestExecutionListener.resetMocks(ResetMocksTestExecutionListener.java:85) ~[spring-boot-test-3.3.6.jar:3.3.6]
	at org.springframework.boot.test.mock.mockito.ResetMocksTestExecutionListener.resetMocks(ResetMocksTestExecutionListener.java:73) ~[spring-boot-test-3.3.6.jar:3.3.6]
	at org.springframework.boot.test.mock.mockito.ResetMocksTestExecutionListener.beforeTestMethod(ResetMocksTestExecutionListener.java:60) ~[spring-boot-test-3.3.6.jar:3.3.6]
	at org.springframework.test.context.TestContextManager.beforeTestMethod(TestContextManager.java:320) ~[spring-test-6.1.15.jar:6.1.15]
	at org.springframework.test.context.junit.jupiter.SpringExtension.beforeEach(SpringExtension.java:240) ~[spring-test-6.1.15.jar:6.1.15]
	at org.junit.jupiter.engine.descriptor.TestMethodTestDescriptor.lambda$invokeBeforeEachCallbacks$2(TestMethodTestDescriptor.java:167) ~[junit-jupiter-engine-5.10.5.jar:5.10.5]
	at org.junit.jupiter.engine.descriptor.TestMethodTestDescriptor.lambda$invokeBeforeMethodsOrCallbacksUntilExceptionOccurs$6(TestMethodTestDescriptor.java:203) ~[junit-jupiter-engine-5.10.5.jar:5.10.5]
	at org.junit.platform.engine.support.hierarchical.ThrowableCollector.execute(ThrowableCollector.java:73) ~[junit-platform-engine-1.10.5.jar:1.10.5]
	at org.junit.jupiter.engine.descriptor.TestMethodTestDescriptor.invokeBeforeMethodsOrCallbacksUntilExceptionOccurs(TestMethodTestDescriptor.java:203) ~[junit-jupiter-engine-5.10.5.jar:5.10.5]
	at org.junit.jupiter.engine.descriptor.TestMethodTestDescriptor.invokeBeforeEachCallbacks(TestMethodTestDescriptor.java:166) ~[junit-jupiter-engine-5.10.5.jar:5.10.5]
	at org.junit.jupiter.engine.descriptor.TestMethodTestDescriptor.execute(TestMethodTestDescriptor.java:133) ~[junit-jupiter-engine-5.10.5.jar:5.10.5]
	at org.junit.jupiter.engine.descriptor.TestMethodTestDescriptor.execute(TestMethodTestDescriptor.java:69) ~[junit-jupiter-engine-5.10.5.jar:5.10.5]
	at org.junit.platform.engine.support.hierarchical.NodeTestTask.lambda$executeRecursively$6(NodeTestTask.java:156) ~[junit-platform-engine-1.10.5.jar:1.10.5]
	at org.junit.platform.engine.support.hierarchical.ThrowableCollector.execute(ThrowableCollector.java:73) ~[junit-platform-engine-1.10.5.jar:1.10.5]
	at org.junit.platform.engine.support.hierarchical.NodeTestTask.lambda$executeRecursively$8(NodeTestTask.java:146) ~[junit-platform-engine-1.10.5.jar:1.10.5]
	at org.junit.platform.engine.support.hierarchical.Node.around(Node.java:137) ~[junit-platform-engine-1.10.5.jar:1.10.5]
	at org.junit.platform.engine.support.hierarchical.NodeTestTask.lambda$executeRecursively$9(NodeTestTask.java:144) ~[junit-platform-engine-1.10.5.jar:1.10.5]
	at org.junit.platform.engine.support.hierarchical.ThrowableCollector.execute(ThrowableCollector.java:73) ~[junit-platform-engine-1.10.5.jar:1.10.5]
	at org.junit.platform.engine.support.hierarchical.NodeTestTask.executeRecursively(NodeTestTask.java:143) ~[junit-platform-engine-1.10.5.jar:1.10.5]
	at org.junit.platform.engine.support.hierarchical.NodeTestTask.execute(NodeTestTask.java:100) ~[junit-platform-engine-1.10.5.jar:1.10.5]
	at java.base/java.util.ArrayList.forEach(ArrayList.java:1596) ~[na:na]
	at org.junit.platform.engine.support.hierarchical.SameThreadHierarchicalTestExecutorService.invokeAll(SameThreadHierarchicalTestExecutorService.java:41) ~[junit-platform-engine-1.10.5.jar:1.10.5]
	at org.junit.platform.engine.support.hierarchical.NodeTestTask.lambda$executeRecursively$6(NodeTestTask.java:160) ~[junit-platform-engine-1.10.5.jar:1.10.5]
	at org.junit.platform.engine.support.hierarchical.ThrowableCollector.execute(ThrowableCollector.java:73) ~[junit-platform-engine-1.10.5.jar:1.10.5]
	at org.junit.platform.engine.support.hierarchical.NodeTestTask.lambda$executeRecursively$8(NodeTestTask.java:146) ~[junit-platform-engine-1.10.5.jar:1.10.5]
	at org.junit.platform.engine.support.hierarchical.Node.around(Node.java:137) ~[junit-platform-engine-1.10.5.jar:1.10.5]
	at org.junit.platform.engine.support.hierarchical.NodeTestTask.lambda$executeRecursively$9(NodeTestTask.java:144) ~[junit-platform-engine-1.10.5.jar:1.10.5]
	at org.junit.platform.engine.support.hierarchical.ThrowableCollector.execute(ThrowableCollector.java:73) ~[junit-platform-engine-1.10.5.jar:1.10.5]
	at org.junit.platform.engine.support.hierarchical.NodeTestTask.executeRecursively(NodeTestTask.java:143) ~[junit-platform-engine-1.10.5.jar:1.10.5]
	at org.junit.platform.engine.support.hierarchical.NodeTestTask.execute(NodeTestTask.java:100) ~[junit-platform-engine-1.10.5.jar:1.10.5]
	at java.base/java.util.ArrayList.forEach(ArrayList.java:1596) ~[na:na]
	at org.junit.platform.engine.support.hierarchical.SameThreadHierarchicalTestExecutorService.invokeAll(SameThreadHierarchicalTestExecutorService.java:41) ~[junit-platform-engine-1.10.5.jar:1.10.5]
	at org.junit.platform.engine.support.hierarchical.NodeTestTask.lambda$executeRecursively$6(NodeTestTask.java:160) ~[junit-platform-engine-1.10.5.jar:1.10.5]
	at org.junit.platform.engine.support.hierarchical.ThrowableCollector.execute(ThrowableCollector.java:73) ~[junit-platform-engine-1.10.5.jar:1.10.5]
	at org.junit.platform.engine.support.hierarchical.NodeTestTask.lambda$executeRecursively$8(NodeTestTask.java:146) ~[junit-platform-engine-1.10.5.jar:1.10.5]
	at org.junit.platform.engine.support.hierarchical.Node.around(Node.java:137) ~[junit-platform-engine-1.10.5.jar:1.10.5]
	at org.junit.platform.engine.support.hierarchical.NodeTestTask.lambda$executeRecursively$9(NodeTestTask.java:144) ~[junit-platform-engine-1.10.5.jar:1.10.5]
	at org.junit.platform.engine.support.hierarchical.ThrowableCollector.execute(ThrowableCollector.java:73) ~[junit-platform-engine-1.10.5.jar:1.10.5]
	at org.junit.platform.engine.support.hierarchical.NodeTestTask.executeRecursively(NodeTestTask.java:143) ~[junit-platform-engine-1.10.5.jar:1.10.5]
	at org.junit.platform.engine.support.hierarchical.NodeTestTask.execute(NodeTestTask.java:100) ~[junit-platform-engine-1.10.5.jar:1.10.5]
	at org.junit.platform.engine.support.hierarchical.SameThreadHierarchicalTestExecutorService.submit(SameThreadHierarchicalTestExecutorService.java:35) ~[junit-platform-engine-1.10.5.jar:1.10.5]
	at org.junit.platform.engine.support.hierarchical.HierarchicalTestExecutor.execute(HierarchicalTestExecutor.java:57) ~[junit-platform-engine-1.10.5.jar:1.10.5]
	at org.junit.platform.engine.support.hierarchical.HierarchicalTestEngine.execute(HierarchicalTestEngine.java:54) ~[junit-platform-engine-1.10.5.jar:1.10.5]
	at org.junit.platform.launcher.core.EngineExecutionOrchestrator.execute(EngineExecutionOrchestrator.java:107) ~[junit-platform-launcher-1.8.2.jar:1.8.2]
	at org.junit.platform.launcher.core.EngineExecutionOrchestrator.execute(EngineExecutionOrchestrator.java:88) ~[junit-platform-launcher-1.8.2.jar:1.8.2]
	at org.junit.platform.launcher.core.EngineExecutionOrchestrator.lambda$execute$0(EngineExecutionOrchestrator.java:54) ~[junit-platform-launcher-1.8.2.jar:1.8.2]
	at org.junit.platform.launcher.core.EngineExecutionOrchestrator.withInterceptedStreams(EngineExecutionOrchestrator.java:67) ~[junit-platform-launcher-1.8.2.jar:1.8.2]
	at org.junit.platform.launcher.core.EngineExecutionOrchestrator.execute(EngineExecutionOrchestrator.java:52) ~[junit-platform-launcher-1.8.2.jar:1.8.2]
	at org.junit.platform.launcher.core.DefaultLauncher.execute(DefaultLauncher.java:114) ~[junit-platform-launcher-1.8.2.jar:1.8.2]
	at org.junit.platform.launcher.core.DefaultLauncher.execute(DefaultLauncher.java:86) ~[junit-platform-launcher-1.8.2.jar:1.8.2]
	at org.junit.platform.launcher.core.DefaultLauncherSession$DelegatingLauncher.execute(DefaultLauncherSession.java:86) ~[junit-platform-launcher-1.8.2.jar:1.8.2]
	at org.gradle.api.internal.tasks.testing.junitplatform.JUnitPlatformTestClassProcessor$CollectAllTestClassesExecutor.processAllTestClasses(JUnitPlatformTestClassProcessor.java:124) ~[na:na]
	at org.gradle.api.internal.tasks.testing.junitplatform.JUnitPlatformTestClassProcessor$CollectAllTestClassesExecutor.access$000(JUnitPlatformTestClassProcessor.java:99) ~[na:na]
	at org.gradle.api.internal.tasks.testing.junitplatform.JUnitPlatformTestClassProcessor.stop(JUnitPlatformTestClassProcessor.java:94) ~[na:na]
	at org.gradle.api.internal.tasks.testing.SuiteTestClassProcessor.stop(SuiteTestClassProcessor.java:63) ~[na:na]
	at java.base/jdk.internal.reflect.DirectMethodHandleAccessor.invoke(DirectMethodHandleAccessor.java:103) ~[na:na]
	at java.base/java.lang.reflect.Method.invoke(Method.java:580) ~[na:na]
	at org.gradle.internal.dispatch.ReflectionDispatch.dispatch(ReflectionDispatch.java:36) ~[na:na]
	at org.gradle.internal.dispatch.ReflectionDispatch.dispatch(ReflectionDispatch.java:24) ~[na:na]
	at org.gradle.internal.dispatch.ContextClassLoaderDispatch.dispatch(ContextClassLoaderDispatch.java:33) ~[na:na]
	at org.gradle.internal.dispatch.ProxyDispatchAdapter$DispatchingInvocationHandler.invoke(ProxyDispatchAdapter.java:92) ~[na:na]
	at jdk.proxy2/jdk.proxy2.$Proxy6.stop(Unknown Source) ~[na:na]
	at org.gradle.api.internal.tasks.testing.worker.TestWorker$3.run(TestWorker.java:200) ~[na:na]
	at org.gradle.api.internal.tasks.testing.worker.TestWorker.executeAndMaintainThreadName(TestWorker.java:132) ~[na:na]
	at org.gradle.api.internal.tasks.testing.worker.TestWorker.execute(TestWorker.java:103) ~[na:na]
	at org.gradle.api.internal.tasks.testing.worker.TestWorker.execute(TestWorker.java:63) ~[na:na]
	at org.gradle.process.internal.worker.child.ActionExecutionWorker.execute(ActionExecutionWorker.java:56) ~[na:na]
	at org.gradle.process.internal.worker.child.SystemApplicationClassLoaderWorker.call(SystemApplicationClassLoaderWorker.java:121) ~[na:na]
	at org.gradle.process.internal.worker.child.SystemApplicationClassLoaderWorker.call(SystemApplicationClassLoaderWorker.java:71) ~[na:na]
	at worker.org.gradle.process.internal.worker.GradleWorkerMain.run(GradleWorkerMain.java:69) ~[gradle-worker.jar:na]
	at worker.org.gradle.process.internal.worker.GradleWorkerMain.main(GradleWorkerMain.java:74) ~[gradle-worker.jar:na]

2025-01-24T15:59:37.885+01:00 DEBUG 35076 --- [    Test worker] org.springframework.test.context.cache   : Spring test ApplicationContext cache statistics: [DefaultContextCache@16bebd03 size = 1, maxSize = 32, parentContextCount = 0, hitCount = 5, missCount = 1, failureCount = 0]
2025-01-24T15:59:37.907+01:00 DEBUG 35076 --- [    Test worker] o.s.orm.jpa.JpaTransactionManager        : Found thread-bound EntityManager [SessionImpl(1453306637<open>)] for JPA transaction
2025-01-24T15:59:37.907+01:00 DEBUG 35076 --- [    Test worker] o.s.orm.jpa.JpaTransactionManager        : Participating in existing transaction
2025-01-24T15:59:37.926+01:00 DEBUG 35076 --- [    Test worker] org.hibernate.orm.query.hql              : HQL : select count(*) from User x
2025-01-24T15:59:38.386+01:00 DEBUG 35076 --- [    Test worker] o.h.o.q.hql.reservedWordAsIdentifier     : Encountered use of reserved word as identifier : (
2025-01-24T15:59:38.521+01:00 DEBUG 35076 --- [    Test worker] org.hibernate.orm.query.sqm.ast          : SqmStatement Tree :
    -> [select]
      -> [query-spec]
        -> [select]
          -> [selection]
          <- [selection]
        <- [select]
        -> [from]
          -> [root] - `com.blueharvest.spi.User(x)`
          <- [root] - `com.blueharvest.spi.User(x)`
        <- [from]
      <- [query-spec]
    <- [select]

2025-01-24T15:59:38.662+01:00 DEBUG 35076 --- [    Test worker] org.hibernate.orm.sql.ast.create         : Created new SQL alias : u1_0
2025-01-24T15:59:38.663+01:00 DEBUG 35076 --- [    Test worker] org.hibernate.orm.sql.ast.create         : Registration of TableGroup [StandardTableGroup(com.blueharvest.spi.User(x))] with identifierForTableGroup [com.blueharvest.spi.User] for NavigablePath [com.blueharvest.spi.User] 
2025-01-24T15:59:38.677+01:00 DEBUG 35076 --- [    Test worker] org.hibernate.orm.results.graph.AST      : DomainResult Graph:
 \-BasicResult

2025-01-24T15:59:38.677+01:00 DEBUG 35076 --- [    Test worker] org.hibernate.orm.sql.ast.tree           : SQL AST Tree:
    SelectStatement {
      FromClause {
        StandardTableGroup (u1 : com.blueharvest.spi.User(x)) {
          primaryTableReference : BLUEHARVEST.user as u1_0
        }
      }
    }

2025-01-24T15:59:38.707+01:00 DEBUG 35076 --- [    Test worker] org.hibernate.orm.sql.exec               : Skipping reading Query result cache data: cache-enabled = false, cache-mode = NORMAL
2025-01-24T15:59:38.719+01:00 DEBUG 35076 --- [    Test worker] org.hibernate.orm.results                : Initializer list is empty
2025-01-24T15:59:38.733+01:00 DEBUG 35076 --- [    Test worker] org.hibernate.SQL                        : select count(*) from BLUEHARVEST.user u1_0
Hibernate: select count(*) from BLUEHARVEST.user u1_0
2025-01-24T15:59:38.735+01:00 DEBUG 35076 --- [    Test worker] org.hibernate.orm.results.loading        : Calling top-level assembler (0 / 1) : org.hibernate.sql.results.graph.basic.BasicResultAssembler@5e95eec0
2025-01-24T15:59:38.737+01:00 DEBUG 35076 --- [    Test worker] org.hibernate.orm.results                : Extracted JDBC value [0] - [0]
2025-01-24T15:59:38.866+01:00 DEBUG 35076 --- [    Test worker] o.s.orm.jpa.JpaTransactionManager        : Found thread-bound EntityManager [SessionImpl(1453306637<open>)] for JPA transaction
2025-01-24T15:59:38.866+01:00 DEBUG 35076 --- [    Test worker] o.s.orm.jpa.JpaTransactionManager        : Participating in existing transaction
2025-01-24T15:59:38.867+01:00 DEBUG 35076 --- [    Test worker] o.h.j.internal.PersistenceUnitUtilImpl   : jakarta.persistence.PersistenceUnitUtil.getIdentifier is only intended to work with enhanced entities (although Hibernate also adapts this support to its proxies); however the passed entity was not enhanced (nor a proxy).. may not be able to read identifier
2025-01-24T15:59:38.876+01:00 DEBUG 35076 --- [    Test worker] o.h.e.i.AbstractSaveEventListener        : Generated identifier: 2067ba3c-8e88-44d2-a266-f62248c24562, using strategy: org.hibernate.id.UUIDGenerator
2025-01-24T15:59:38.911+01:00 DEBUG 35076 --- [    Test worker] o.s.orm.jpa.JpaTransactionManager        : Found thread-bound EntityManager [SessionImpl(1453306637<open>)] for JPA transaction
2025-01-24T15:59:38.911+01:00 DEBUG 35076 --- [    Test worker] o.s.orm.jpa.JpaTransactionManager        : Participating in existing transaction
2025-01-24T15:59:38.912+01:00 DEBUG 35076 --- [    Test worker] o.h.e.i.AbstractFlushingEventListener    : Processing flush-time cascades
2025-01-24T15:59:38.913+01:00 DEBUG 35076 --- [    Test worker] o.h.e.i.AbstractFlushingEventListener    : Dirty checking collections
2025-01-24T15:59:38.924+01:00 DEBUG 35076 --- [    Test worker] o.h.e.i.AbstractFlushingEventListener    : Flushed: 1 insertions, 0 updates, 0 deletions to 1 objects
2025-01-24T15:59:38.924+01:00 DEBUG 35076 --- [    Test worker] o.h.e.i.AbstractFlushingEventListener    : Flushed: 0 (re)creations, 0 updates, 0 removals to 0 collections
2025-01-24T15:59:38.926+01:00 DEBUG 35076 --- [    Test worker] o.hibernate.internal.util.EntityPrinter  : Listing entities:
2025-01-24T15:59:38.926+01:00 DEBUG 35076 --- [    Test worker] o.hibernate.internal.util.EntityPrinter  : com.blueharvest.spi.User{name=user, accounts=null, userId=2067ba3c-8e88-44d2-a266-f62248c24562}
2025-01-24T15:59:38.927+01:00 DEBUG 35076 --- [    Test worker] org.hibernate.engine.spi.ActionQueue     : Changes must be flushed to space: BLUEHARVEST.user
2025-01-24T15:59:38.946+01:00 DEBUG 35076 --- [    Test worker] org.hibernate.SQL                        : insert into BLUEHARVEST.user (name,user_id) values (?,?)
Hibernate: insert into BLUEHARVEST.user (name,user_id) values (?,?)
2025-01-24T15:59:38.962+01:00 DEBUG 35076 --- [    Test worker] org.hibernate.orm.sql.exec               : Skipping reading Query result cache data: cache-enabled = false, cache-mode = NORMAL
2025-01-24T15:59:38.962+01:00 DEBUG 35076 --- [    Test worker] org.hibernate.orm.results                : Initializer list is empty
2025-01-24T15:59:38.962+01:00 DEBUG 35076 --- [    Test worker] org.hibernate.SQL                        : select count(*) from BLUEHARVEST.user u1_0
Hibernate: select count(*) from BLUEHARVEST.user u1_0
2025-01-24T15:59:38.962+01:00 DEBUG 35076 --- [    Test worker] org.hibernate.orm.results.loading        : Calling top-level assembler (0 / 1) : org.hibernate.sql.results.graph.basic.BasicResultAssembler@5e95eec0
2025-01-24T15:59:38.963+01:00 DEBUG 35076 --- [    Test worker] org.hibernate.orm.results                : Extracted JDBC value [0] - [1]
2025-01-24T15:59:38.963+01:00 DEBUG 35076 --- [    Test worker] o.s.orm.jpa.JpaTransactionManager        : Found thread-bound EntityManager [SessionImpl(1453306637<open>)] for JPA transaction
2025-01-24T15:59:38.963+01:00 DEBUG 35076 --- [    Test worker] o.s.orm.jpa.JpaTransactionManager        : Participating in existing transaction
2025-01-24T15:59:38.963+01:00 DEBUG 35076 --- [    Test worker] o.h.j.internal.PersistenceUnitUtilImpl   : jakarta.persistence.PersistenceUnitUtil.getIdentifier is only intended to work with enhanced entities (although Hibernate also adapts this support to its proxies); however the passed entity was not enhanced (nor a proxy).. may not be able to read identifier
2025-01-24T15:59:38.971+01:00 DEBUG 35076 --- [    Test worker] o.h.e.i.AbstractSaveEventListener        : Generated identifier: 45209bbb-f68c-4c41-8090-8f75623a60db, using strategy: org.hibernate.id.UUIDGenerator
2025-01-24T15:59:39.000+01:00 DEBUG 35076 --- [    Test worker] o.s.orm.jpa.JpaTransactionManager        : Found thread-bound EntityManager [SessionImpl(1453306637<open>)] for JPA transaction
2025-01-24T15:59:39.001+01:00 DEBUG 35076 --- [    Test worker] o.s.orm.jpa.JpaTransactionManager        : Participating in existing transaction
2025-01-24T15:59:39.001+01:00 DEBUG 35076 --- [    Test worker] o.h.j.internal.PersistenceUnitUtilImpl   : jakarta.persistence.PersistenceUnitUtil.getIdentifier is only intended to work with enhanced entities (although Hibernate also adapts this support to its proxies); however the passed entity was not enhanced (nor a proxy).. may not be able to read identifier
2025-01-24T15:59:39.003+01:00 DEBUG 35076 --- [    Test worker] org.hibernate.SQL                        : select next value for BLUEHARVEST.transaction_id_seq
Hibernate: select next value for BLUEHARVEST.transaction_id_seq
2025-01-24T15:59:39.007+01:00 DEBUG 35076 --- [    Test worker] o.h.id.enhanced.SequenceStructure        : Sequence value obtained: 1
2025-01-24T15:59:39.007+01:00 DEBUG 35076 --- [    Test worker] o.h.e.i.AbstractSaveEventListener        : Generated identifier: 1, using strategy: org.hibernate.id.enhanced.SequenceStyleGenerator
2025-01-24T15:59:39.009+01:00 DEBUG 35076 --- [    Test worker] org.springframework.test.context.cache   : Spring test ApplicationContext cache statistics: [DefaultContextCache@16bebd03 size = 1, maxSize = 32, parentContextCount = 0, hitCount = 6, missCount = 1, failureCount = 0]
2025-01-24T15:59:39.011+01:00 DEBUG 35076 --- [    Test worker] org.springframework.test.context.cache   : Spring test ApplicationContext cache statistics: [DefaultContextCache@16bebd03 size = 1, maxSize = 32, parentContextCount = 0, hitCount = 7, missCount = 1, failureCount = 0]
2025-01-24T15:59:39.012+01:00 DEBUG 35076 --- [    Test worker] org.springframework.test.context.cache   : Spring test ApplicationContext cache statistics: [DefaultContextCache@16bebd03 size = 1, maxSize = 32, parentContextCount = 0, hitCount = 8, missCount = 1, failureCount = 0]
2025-01-24T15:59:39.012+01:00 DEBUG 35076 --- [    Test worker] org.springframework.test.context.cache   : Spring test ApplicationContext cache statistics: [DefaultContextCache@16bebd03 size = 1, maxSize = 32, parentContextCount = 0, hitCount = 9, missCount = 1, failureCount = 0]
2025-01-24T15:59:39.014+01:00 DEBUG 35076 --- [    Test worker] org.springframework.test.context.cache   : Spring test ApplicationContext cache statistics: [DefaultContextCache@16bebd03 size = 1, maxSize = 32, parentContextCount = 0, hitCount = 10, missCount = 1, failureCount = 0]
2025-01-24T15:59:39.016+01:00 DEBUG 35076 --- [    Test worker] org.springframework.test.context.cache   : Spring test ApplicationContext cache statistics: [DefaultContextCache@16bebd03 size = 1, maxSize = 32, parentContextCount = 0, hitCount = 11, missCount = 1, failureCount = 0]
2025-01-24T15:59:39.017+01:00 DEBUG 35076 --- [    Test worker] o.s.orm.jpa.JpaTransactionManager        : Initiating transaction rollback
2025-01-24T15:59:39.018+01:00 DEBUG 35076 --- [    Test worker] o.s.orm.jpa.JpaTransactionManager        : Rolling back JPA transaction on EntityManager [SessionImpl(1453306637<open>)]
2025-01-24T15:59:39.018+01:00 DEBUG 35076 --- [    Test worker] o.h.e.t.internal.TransactionImpl         : rolling back
2025-01-24T15:59:39.021+01:00 DEBUG 35076 --- [    Test worker] o.s.orm.jpa.JpaTransactionManager        : Closing JPA EntityManager [SessionImpl(1453306637<open>)] after transaction
2025-01-24T15:59:39.022+01:00 DEBUG 35076 --- [    Test worker] o.s.t.c.transaction.TransactionContext   : Rolled back transaction (1) for test class [com.blueharvest.spi.repository.UserRepositoryTest]; test method [testReporitory]
2025-01-24T15:59:39.023+01:00 DEBUG 35076 --- [    Test worker] .c.s.DirtiesContextTestExecutionListener : After test method: class [UserRepositoryTest], method [testReporitory], class annotated with @DirtiesContext [false] with mode [null], method annotated with @DirtiesContext [false] with mode [null]
2025-01-24T15:59:39.033+01:00 DEBUG 35076 --- [    Test worker] org.springframework.test.context.cache   : Spring test ApplicationContext cache statistics: [DefaultContextCache@16bebd03 size = 1, maxSize = 32, parentContextCount = 0, hitCount = 12, missCount = 1, failureCount = 0]
2025-01-24T15:59:39.034+01:00 DEBUG 35076 --- [    Test worker] .c.s.DirtiesContextTestExecutionListener : After test class: class [UserRepositoryTest], class annotated with @DirtiesContext [false] with mode [null]
]]></system-out>
  <system-err><![CDATA[WARNING: A Java agent has been loaded dynamically (C:\Users\svenv\.gradle\caches\modules-2\files-2.1\net.bytebuddy\byte-buddy-agent\1.14.19\154da3a65b4f4a909d3e5bdec55d1b2b4cbb6ce1\byte-buddy-agent-1.14.19.jar)
WARNING: If a serviceability tool is in use, please run with -XX:+EnableDynamicAgentLoading to hide this warning
WARNING: If a serviceability tool is not in use, please run with -Djdk.instrument.traceUsage for more information
WARNING: Dynamic loading of agents will be disallowed by default in a future release
]]></system-err>
</testsuite>
